[0]3114.7719623087532
[100]-1.2983547350057734
[200]1706.5065317763151
[300]-0.09088536663227842
[400]284.9368685347655
[500]0.003578704201437688
[600]-569.4285450900888
[700]0.29068545762277154
[800]-1276.8828715693023
[900]1.6034178024266623
[1000]-987.1994892779057
[1100]2.35333121016491
[1200]-1328.3068310442168
[1300]5.162876585271476
[1400]-1659.1835580978461
[1500]4.782609405705813
[1600]-988.6926887182941
[1700]7.930015150745945
[1800]-1140.3176889579897
[1900]12.152572385607897
[2000]-641.7132918091434
[2100]8.77770911999636
[2200]-708.5452308487705
[2300]12.108785450482031
[2400]-770.2514906765418
[2500]8.047540781420889
[2600]-413.2474357398176
[2700]10.37382189945004
[2800]-438.50390362791103
[2900]13.031369984991784
[3000]-230.39873842697605
[3100]8.005481415017634
[3200]-240.03366713395522
[3300]9.648108555306592
[3400]-248.14484249566655
[3500]5.715985287477888
[3600]-127.36934728764706
[3700]6.671159480606479
[3800]-129.9197579277947
[3900]7.680786872521506
[4000]-65.87218376324202
[4100]4.367426875841344
[4200]-66.43598562318749
[4300]4.911170958731877
[4400]-66.66942143589192
[4500]2.732867599807281
[4600]-33.29700723613852
[4700]3.012488600703222
[4800]-33.117138009918484
[4900]3.2913189614575034
[5000]-16.40431717466049
[5100]1.783119947487459
[5200]-16.193034783043903
[5300]1.9171061577829915
[5400]-15.932407019754633
[5500]1.023086052151696
[5600]-7.815195801924097
[5700]1.0844887307199316
[5800]-7.6475456866453815
[5900]1.14215874256504
[6000]-3.733656898869002
[6100]0.597787501498162
[6200]-3.6392540211656814
[6300]0.6221547292712016
[6400]-3.54251203369925
[6500]0.3220092040630126
[6600]-1.7226472705323883
[6700]0.331635509932986
[6800]-1.6746774781307232
[6900]0.33993136032852
[7000]-0.8140782597247962
[7100]0.17345065645652016
[7200]-0.7919085723354973
[7300]0.1762897003340415
[7400]-0.7711531221376272
[7500]0.08925711974948239
[7600]-0.37604445171054435
[7700]0.0900847340899472
[7800]-0.36747191206579516
[7900]0.09065669862251188
[8000]-0.1799737454163887
[8100]0.04550390471109033
[8200]-0.17676696470728812
[8300]0.0455889529006744
[8400]-0.17413410812512695
[8500]0.02280275226644548
[8600]-0.08604052143435832
[8700]0.022788591463569683
[8800]-0.085300735571722
[8900]0.022764354158743443
[9000]-0.04241939785254703
[9100]0.011371338955287441
[9200]-0.042320235548548385
[9300]0.011368099721653735
[9400]-0.04234335220748033
[9500]0.005689318793176306
[9600]-0.021238546370167106
[9700]0.005704426661846652
[9800]-0.021353995813326955
[9900]0.005732119234644056
[10000]-0.01075527788543942
[10100]0.0028874379749321173
[10200]-0.010850099464588894
[10300]0.002917426884556711
[10400]-0.0109572605272577
[10500]0.0014784594622106106
[10600]-0.00553623093432877
[10700]0.0015033000359630955
[10800]-0.005595698683904722
[10900]0.0015334667221574337
[11000]-0.002827460327589082
[11100]0.0007845369642202909
[11200]-0.002855932825470291
[11300]0.00080505786859495
[11400]-0.002882311331718893
[11500]0.00041411634022653604
[11600]-0.0014528589561637335
[11700]0.0004269693133966184
[11800]-0.0014626838017089147
[11900]0.0004409979616701674
[12000]-0.000735145374180368
[12100]0.0002280428526193141
[12200]-0.000737699329877699
[12300]0.0002360458462332653
[12400]-0.0007388943425215606
[12500]0.0001222134410764222
[12600]-0.0003693267154385059
[12700]0.0001265479764352426
[12800]-0.000368466334564217
[12900]0.00013097802794214588
[13000]-0.00018343027840204
[13100]6.772632324371688e-05
[13200]-0.00018226001595975363
[13300]6.995977273020252e-05
[13400]-0.0001807354223053387
[13500]3.6081561985069546e-05
[13600]-8.943838304664264e-05
[13700]3.715531146986639e-05
[13800]-8.835545834640796e-05
[13900]3.818878650400489e-05
[14000]-4.356764998375637e-05
[14100]1.958522217153051e-05
[14200]-4.289838823979118e-05
[14300]2.0044904482734854e-05
[14400]-4.218039938452983e-05
[14500]1.0234427670382287e-05
[14600]-2.0712456558903254e-05
[14700]1.0426624701801884e-05
[14800]-2.0321838301940882e-05
[14900]1.0597555639250353e-05
[15000]-9.962173304667299e-06
[15100]5.3730969957355e-06
[15200]-9.762990561031333e-06
[15300]5.4360004249873465e-06
[15400]-9.566306197383464e-06
[15500]2.743735190399592e-06
[15600]-4.6874651235479586e-06
[15700]2.763871666624082e-06
[15800]-4.595745399037546e-06
[15900]2.7786534266094495e-06
[16000]-2.2545955917733434e-06
[16100]1.3942227435168281e-06
[16200]-2.2144300757177044e-06
[16300]1.3968635384112677e-06
[16400]-2.1778255076087944e-06
[16500]6.987705122296688e-07
[16600]-1.0725719743498071e-06
[16700]6.982967275426928e-07
[16800]-1.0583271746366005e-06
[16900]6.971991774921723e-07
[17000]-5.231322027602986e-07
[17100]3.4784113458110045e-07
[17200]-5.182102410583735e-07
[17300]3.469808416770325e-07
[17400]-5.14391612946522e-07
[17500]1.7306492883158502e-07
[17600]-2.5582318374712163e-07
[17700]1.727001065624281e-07
[17800]-2.5496090919634675e-07
[17900]1.7245117732880474e-07
[18000]-1.2728603217071023e-07
[18100]8.618567215429104e-08
[18200]-1.2730507809484813e-07
[18300]8.625529730003377e-08
[18400]-1.2751015088824544e-07
[18500]4.3228640449698904e-08
[18600]-6.39351420866092e-08
[18700]4.3405868117535664e-08
[18800]-6.417585958495665e-08
[18900]4.366780007620316e-08
[19000]-3.222967078452337e-08
[19100]2.2010556206385697e-08
[19200]-3.238354915808701e-08
[19300]2.2235260942099823e-08
[19400]-3.254022302889812e-08
[19500]1.1254665017273271e-08
[19600]-1.6345228315134897e-08
[19700]1.1416497960571052e-08
[19800]-1.641265884438582e-08
[19900]1.1602695106043766e-08
[20000]-8.234091242553903e-09
[20100]5.906137534384729e-09
[20200]-8.253955549815734e-09
[20300]6.021862260726812e-09
[20400]-8.264183724720583e-09
[20500]3.0737563175333053e-09
[20600]-4.131638388182167e-09
[20700]3.140923176198463e-09
[20800]-4.125001922766322e-09
[20900]3.2117062303538375e-09
[21000]-2.0558561291837372e-09
[21100]1.6426451967634623e-09
[21200]-2.0457261401154028e-09
[21300]1.6803939119550663e-09
[21400]-2.0320312176546734e-09
[21500]8.593141454198867e-10
[21600]-1.0073854385543957e-09
[21700]8.78430176455452e-10
[21800]-9.97011363802316e-10
[21900]8.972978231741517e-10
[22000]-4.924849038134842e-10
[22100]4.578360165010678e-10
[22200]-4.856862979834965e-10
[22300]4.666576798037415e-10
[22400]-4.781820065429267e-10
[22500]2.3750082558719387e-10
[22600]-2.3502930022867067e-10
[22700]2.413823588566647e-10
[22800]-2.307074970101761e-10
[22900]2.449275532323989e-10
[23000]-1.1309003062725619e-10
[23100]1.2404866768256668e-10
[23200]-1.1075260893196965e-10
[23300]1.254302024854445e-10
[23400]-1.0837181584767744e-10
[23500]6.329850973912463e-11
[23600]-5.2989263787912537e-11
[23700]6.377118004442947e-11
[23800]-5.180174250962466e-11
[23900]6.413214369015905e-11
[24000]-2.5319156601524307e-11
[24100]3.219145072398499e-11
[24200]-2.4756611437014603e-11
[24300]3.2263714420651545e-11
[24400]-2.4219847638242008e-11
[24500]1.6143031961289405e-11
[24600]-1.185741390252471e-11
[24700]1.613143125203087e-11
[24800]-1.1623371662758278e-11
[24900]1.6099779344327223e-11
[25000]-5.704977646804463e-12
[25100]8.025646092372271e-12
[25200]-5.609421837450078e-12
[25300]7.994807472871574e-12
[25400]-5.525602710508256e-12
[25500]3.9796873020662075e-12
[25600]-2.7269198332952242e-12
[25700]3.9607427960427105e-12
[25800]-2.69709163694015e-12
[25900]3.9416856471391105e-12
[26000]-1.3366043025256769e-12
[26100]1.9618269941374517e-12
[26200]-1.3275164916533827e-12
[26300]1.953892039671739e-12
[26400]-1.3211020217286488e-12
[26500]9.737963339161169e-13
[26600]-6.585618245033098e-13
[26700]9.717288724424546e-13
[26800]-6.576465212013817e-13
[26900]9.709891049913346e-13
[27000]-3.2881940593030223e-13
[27100]4.858988967320483e-13
[27200]-3.29177074445436e-13
[27300]4.871728373242698e-13
[27400]-3.2979697421927816e-13
[27500]2.4469717263975194e-13
[27600]-1.652875187990067e-13
[27700]2.4631096955281e-13
[27800]-1.6570237261883757e-13
[27900]2.484465046322379e-13
[28000]-8.304487020836863e-14
[28100]1.255556412364508e-13
[28200]-8.319871635268284e-14
[28300]1.2715060945494977e-13
[28400]-8.328775523859851e-14
[28500]6.450012105829269e-14
[28600]-4.164433938998715e-14
[28700]6.554539894500135e-14
[28800]-4.159016771825196e-14
[28900]6.670144072027588e-14
[29000]-2.0736043488764596e-14
[29100]3.397793524115569e-14
[29200]-2.0641156644288448e-14
[29300]3.464692176157031e-14
[29400]-2.0507355986588205e-14
[29500]1.767457831305387e-14
[29600]-1.0166229435280603e-14
[29700]1.8037587798758163e-14
[29800]-1.005760383011521e-14
[29900]1.840737861589117e-14
[30000]-4.9638223889795964e-15
[30100]9.38928175025731e-15
[30200]-4.88833391749059e-15
[30300]9.57279449250421e-15
[30400]-4.8027248842129945e-15
[30500]4.875712971749705e-15
[30600]-2.3538019605866725e-15
[30700]4.96120491344397e-15
[30800]-2.3018924150518865e-15
[30900]5.041538035285188e-15
[31000]-1.1230667862167488e-15
[31100]2.5577277907972235e-15
[31200]-1.0935531973018472e-15
[31300]2.5909041781347482e-15
[31400]-1.0627298411985444e-15
[31500]1.3098956188410458e-15
[31600]-5.154738341839946e-16
[31700]1.3219812458161015e-15
[31800]-4.992881416350869e-16
[31900]1.3315416882128857e-15
[32000]-2.4149892419566566e-16
[32100]6.692302665677471e-16
[32200]-2.3339697714042745e-16
[32300]6.713381071070877e-16
[32400]-2.254321258180285e-16
[32500]3.360462376064472e-16
[32600]-1.08847305393353e-16
[32700]3.3576063996820436e-16
[32800]-1.0513452923663317e-16
[32900]3.3484127070566547e-16
[33000]-5.0808164486359393e-17
[33100]1.6666602131602843e-16
[33200]-4.9163377940128237e-17
[33300]1.6564565247631015e-16
[33400]-4.7647298915757815e-17
[33500]8.219776610504038e-17
[33600]-2.3135694648626996e-17
[33700]8.147897530867514e-17
[33800]-2.252197223523756e-17
[33900]8.069039826441727e-17
[34000]-1.0992482374196303e-17
[34100]3.9929183312620196e-17
[34200]-1.0762722266816446e-17
[34300]3.9505562646733845e-17
[34400]-1.0571233196094121e-17
[34500]1.9544576044742742e-17
[34600]-5.208349459844311e-18
[34700]1.934758613099173e-17
[34800]-5.148496530004793e-18
[34900]1.9169472420216138e-17
[35000]-2.5523075410880033e-18
[35100]9.508893890670975e-18
[35200]-2.5374582788549948e-18
[35300]9.449907649152036e-18
[35400]-2.528653835464539e-18
[35500]4.705601533069343e-18
[35600]-1.2623594956524418e-18
[35700]4.697955032314942e-18
[35800]-1.2621882185546957e-18
[35900]4.7033930635395545e-18
[36000]-6.315688428978775e-19
[36100]2.3615359859885075e-18
[36200]-6.322553941919331e-19
[36300]2.3789462402890278e-18
[36400]-6.328020772010421e-19
[36500]1.2021175267727081e-18
[36600]-3.164309159337359e-19
[36700]1.2187774662745314e-18
[36800]-3.160499233915007e-19
[36900]1.2394464558793481e-18
[37000]-1.5755022041917705e-19
[37100]6.320157526455068e-19
[37200]-1.5671903279493437e-19
[37300]6.46175393081642e-19
[37400]-1.554673704948354e-19
[37500]3.3103320504610877e-19
[37600]-7.687037865173036e-20
[37700]3.397543093542996e-19
[37800]-7.574771681672523e-20
[37900]3.491392822728957e-19
[38000]-3.7174820458185933e-20
[38100]1.79527873840036e-19
[38200]-3.6333123233949766e-20
[38300]1.8467602784762996e-19
[38400]-3.534699029932712e-20
[38500]9.496475798255249e-20
[38600]-1.7108924837652518e-20
[38700]9.759801964357635e-20
[38800]-1.6475146055922474e-20
[38900]1.0018839960913282e-19
[39000]-7.887990027446773e-21
[39100]5.134196335835731e-20
[39200]-7.508342581258408e-21
[39300]5.251539885435672e-20
[39400]-7.101918356842367e-21
[39500]2.6793541840532156e-20
[39600]-3.336294604311578e-21
[39700]2.726474412335155e-20
[39800]-3.1123621211465743e-21
[39900]2.765770112592004e-20
[40000]-1.4407730479121668e-21
[40100]1.3979591563896474e-20
[40200]-1.3231888168989514e-21
[40300]1.4078275342316878e-20
[40400]-1.2047392047300603e-21
[40500]7.059491230868943e-21
[40600]-5.433756592305779e-22
[40700]7.048147425677792e-21
[40800]-4.852696133132351e-22
[40900]7.002695537031199e-21
[41000]-2.1434374956458857e-22
[41100]3.4605335292273635e-21
[41200]-1.8711518038858924e-22
[41300]3.400787536807081e-21
[41400]-1.612255279879561e-22
[41500]1.6607371018315038e-21
[41600]-6.846053545862429e-23
[41700]1.611089980303189e-21
[41800]-5.720627633494989e-23
[41900]1.5513621047203597e-21
[42000]-2.346764648469549e-23
[42100]7.407917160909183e-22
[42200]-1.8855486296299178e-23
[42300]7.009530805104794e-22
[42400]-1.4786706835716027e-23
[42500]3.28151219879349e-22
[42600]-5.634642411913473e-24
[42700]3.035187145506685e-22
[42800]-4.149481042659652e-24
[42900]2.767071241776816e-22
[43000]-1.464838042278514e-24
[43100]1.239362458910758e-22
[43200]-9.805783426319958e-25
[43300]1.0859851578767608e-22
[43400]-6.121449380101706e-25
[43500]4.6221737428758933e-23
[43600]-1.7357951874692339e-25
[43700]3.7792472528130936e-23
[43800]-8.547723134195222e-26
[43900]2.907301101279466e-23
[44000]-1.6725671174820916e-26
[44100]1.0064371014661025e-23
[44200]-4.1952104094632085e-27
[44300]5.51401999330126e-24
[44400]-2.9366645823019415e-28
[44500]4.603403387839808e-25
[44600]1.1563417366008335e-29
[44700]-1.8399228622357987e-24
[44800]9.392553709298658e-28
[44900]-4.125831077556583e-24
[45000]2.5904611717306148e-27
[45100]-3.189813586929467e-24
[45200]7.604023249720856e-27
[45300]-4.291990852182974e-24
[45400]1.6682153970061882e-26
[45500]-2.680555609232593e-24
[45600]1.545344444447415e-26
[45700]-3.1946383745304367e-24
[45800]2.5623260898305447e-26
[45900]-3.6845651736594454e-24
[46000]1.9633539589916604e-26
[46100]-2.0734874757920897e-24
[46200]2.836230783862034e-26
[46300]-2.2894331174808063e-24
[46400]3.9125595961832996e-26
[46500]-1.2444083981970155e-24
[46600]2.600300669180012e-26
[46700]-1.3352744805911159e-24
[46800]3.3519626380062487e-26
[46900]-1.4168825297250305e-24
[47000]2.1053313684736444e-26
[47100]-7.444584749351888e-25
[47200]2.586710554942077e-26
[47300]-7.755906086456228e-25
[47400]3.117472009663118e-26
[47500]-4.0089961487772743e-25
[47600]1.8469344575946575e-26
[47700]-4.1155255746026554e-25
[47800]2.1555678850004564e-26
[47900]-4.197933786932063e-25
[48000]1.2408980449404324e-26
[48100]-2.1284450513858705e-25
[48200]1.411191733763811e-26
[48300]-2.146662472005931e-25
[48400]1.5868849226546708e-26
[48500]-1.0771025949589269e-25
[48600]8.830371465772553e-27
[48700]-1.075884329756751e-25
[48800]9.733875648588737e-27
[48900]-1.070072441603426e-25
[49000]5.3174125676611985e-27
[49100]-5.300520753534892e-26
[49200]5.761571290698391e-27
[49300]-5.232251730832331e-26
[49400]6.194504085637998e-27
[49500]-2.574019179305643e-26
[49600]3.305769325439546e-27
[49700]-2.5252259572880532e-26
[49800]3.504172080406791e-27
[49900]-2.471055283440795e-26
[50000]1.8452569693508682e-27
[50100]-1.2064096096362572e-26
[50200]1.931555592443504e-27
[50300]-1.1759063947127454e-26
[50400]2.0102903518034396e-27
[50500]-5.723236863305639e-27
[50600]1.0404678541582454e-27
[50700]-5.566173533015676e-27
[50800]1.0715721259782895e-27
[50900]-5.411174774175586e-27
[51000]5.49188732153635e-28
[51100]-2.6304287247849678e-27
[51200]5.604492978730884e-28
[51300]-2.558794601369048e-27
[51400]5.696227433946593e-28
[51500]-1.245865062387067e-27
[51600]2.884053085510447e-28
[51700]-1.2150651559105693e-27
[51800]2.9107947471160114e-28
[51900]-1.1873657864009328e-27
[52000]1.4646379589575807e-28
[52100]-5.815265350665003e-28
[52200]1.4703104598613413e-28
[52300]-5.711648677565787e-28
[52400]1.473058515080562e-28
[52500]-2.813288246587991e-28
[52600]7.367966635801438e-29
[52700]-2.780119188455776e-28
[52800]7.363391033620113e-29
[52900]-2.7562154180248963e-28
[53000]3.6777797690207324e-29
[53100]-1.3706446679609316e-28
[53200]3.6742777822561406e-29
[53300]-1.3674405611109523e-28
[53400]3.673231129419747e-29
[53500]-6.840937503227842e-29
[53600]1.8383180485756223e-29
[53700]-6.862544451645974e-29
[53800]1.843199664224024e-29
[53900]-6.899848178641653e-29
[54000]9.260738085419719e-30
[54100]-3.4752177146311855e-29
[54200]9.32981528443602e-30
[54300]-3.5058562192889326e-29
[54400]9.426714677519468e-30
[54500]-1.7702409130544952e-29
[54600]4.777160170257716e-30
[54700]-1.788852693552294e-29
[54800]4.8574243929648514e-30
[54900]-1.8080677597711097e-29
[55000]2.4774491065701894e-30
[55100]-9.136017053688866e-30
[55200]2.5349756509139977e-30
[55300]-9.228016656182152e-30
[55400]2.601282269080905e-30
[55500]-4.656625103397748e-30
[55600]1.3380820624090405e-30
[55700]-4.694440473878106e-30
[55800]1.3796122585801252e-30
[55900]-4.7261862619889716e-30
[56000]7.124706329476804e-31
[56100]-2.3753828161327866e-30
[56200]7.368461973359615e-31
[56300]-2.383635092063124e-30
[56400]7.627052643663345e-31
[56500]-1.1937481930839655e-30
[56600]3.94892925983565e-31
[56700]-1.193358979330686e-30
[56800]4.088985650980277e-31
[56900]-1.1905789387894242e-30
[57000]2.11606416766079e-31
[57100]-5.926951955053043e-31
[57200]2.1883555291678587e-31
[57300]-5.889138736153337e-31
[57400]2.260522174258262e-31
[57500]-2.919938229151856e-31
[57600]1.165858146276263e-31
[57700]-2.889910018526993e-31
[57800]1.200552863330416e-31
[57900]-2.8549188342724882e-31
[58000]6.169731213487889e-32
[58100]-1.4077466953539115e-31
[58200]6.328326590950372e-32
[58300]-1.3861216820987402e-31
[58400]6.47685795648105e-32
[58500]-6.814611054806984e-32
[58600]3.3069219334049807e-32
[58700]-6.692555665573553e-32
[58800]3.3690241436312496e-32
[58900]-6.566340099536681e-32
[59000]1.7121274541487797e-32
[59100]-3.218951803326412e-32
[59200]1.7361412750928745e-32
[59300]-3.154592387743718e-32
[59400]1.7564664692899897e-32
[59500]-1.545520121137668e-32
[59600]8.865486544828375e-33
[59700]-1.514601668834804e-32
[59800]8.930551008654431e-33
[59900]-1.4849654274664497e-32
[60000]4.489156725576646e-33
[60100]-7.284991260398262e-33
[60200]4.5049766524123045e-33
[60300]-7.155209478469635e-33
[60400]4.513509520925027e-33
[60500]-3.518466869956836e-33
[60600]2.2578492982040718e-33
[60700]-3.465666963867419e-33
[60800]2.2563184173152025e-33
[60900]-3.4196395335844775e-33
[61000]1.1263860209164417e-33
[61100]-1.690331312208633e-33
[61200]1.1239353233353484e-33
[61300]-1.674427596210638e-33
[61400]1.1211555670417664e-33
[61500]-8.31044471659045e-34
[61600]5.5920294469676e-34
[61700]-8.266092884269028e-34
[61800]5.580241403683567e-34
[61900]-8.238231290860354e-34
[62000]2.7860990331697674e-34
[62100]-4.112833517985261e-34
[62200]2.784809261166312e-34
[62300]-4.1134489249839215e-34
[62400]2.7870589709611387e-34
[62500]-2.060037592157196e-34
[62600]1.3967927065239277e-34
[62700]-2.0658558591744164e-34
[62800]1.4025192413224135e-34
[62900]-2.0736338610386036e-34
[63000]7.054913596850787e-35
[63100]-1.041396828980947e-34
[63200]7.111994283368194e-35
[63300]-1.0463689073916637e-34
[63400]7.18460029935868e-35
[63500]-5.257156565950358e-35
[63600]3.636578399634667e-35
[63700]-5.281428113292121e-35
[63800]3.6888694438426656e-35
[63900]-5.303216092391556e-35
[64000]1.8745164931802106e-35
[64100]-2.660578374152714e-35
[64200]1.9083759623096631e-35
[64300]-2.6669968780014176e-35
[64400]1.9457686381013048e-35
[64500]-1.3351508897780864e-35
[64600]9.931842318662e-36
[64700]-1.3350043643686112e-35
[64800]1.0148870144017497e-35
[64900]-1.3328600067408844e-35
[65000]5.188791263602223e-36
[65100]-6.642829422886265e-36
[65200]5.307672890881081e-36
[65300]-6.610097662877227e-36
[65400]5.429645568049693e-36
[65500]-3.2829234909118156e-36
[65600]2.7765937546253508e-36
[65700]-3.2550379067981915e-36
[65800]2.838360982207527e-36
[65900]-3.221517463407149e-36
[66000]1.4496628183898324e-36
[66100]-1.5913045484751838e-36
[66200]1.4793479553835013e-36
[66300]-1.569337068259856e-36
[66400]1.5078522868461306e-36
[66500]-7.725446974298932e-37
[66600]7.674065562153373e-37
[66700]-7.594206270747677e-37
[66800]7.79948466635081e-37
[66900]-7.454561277244314e-37
[67000]3.957018037379956e-37
[67100]-3.6541359690611097e-37
[67200]4.008228629689989e-37
[67300]-3.57860980071099e-37
[67400]4.052868426740158e-37
[67500]-1.7508411136000804e-37
[67600]2.0452851585816103e-37
[67700]-1.7121754562028611e-37
[67800]2.0605579598589173e-37
[67900]-1.6738045742359786e-37
[68000]1.036110662147665e-37
[68100]-8.181060729287425e-38
[68200]1.0401618722202488e-37
[68300]-7.999292583286431e-38
[68400]1.042496838191677e-37
[68500]-3.912927422919132e-38
[68600]5.216094947733692e-38
[68700]-3.831337068429466e-38
[68800]5.212346556409255e-38
[68900]-3.7557139421600757e-38
[69000]2.6010596367208347e-38
[69100]-1.8433776970645783e-38
[69200]2.593226113603184e-38
[69300]-1.8125019498330773e-38
[69400]2.58326161822458e-38
[69500]-8.927092646097994e-39
[69600]1.2859063204265534e-38
[69700]-8.811153195651694e-39
[69800]1.2797850203893054e-38
[69900]-8.714773095137545e-39
[70000]6.368136617365163e-39
[70100]-4.3188014285323845e-39
[70200]6.339004901307473e-39
[70300]-4.289437127892284e-39
[70400]6.313365680618412e-39
[70500]-2.1343554288641172e-39
[70600]3.146505656212763e-39
[70700]-2.1279280210805927e-39
[70800]3.13982532789813e-39
[70900]-2.124970516605398e-39
[71000]1.568717505173742e-39
[71100]-1.0624728031901888e-39
[71200]1.5700240118658268e-39
[71300]-1.0636284924932189e-39
[71400]1.5741403359266154e-39
[71500]-5.328157483453939e-40
[71600]7.90659207633374e-40
[71700]-5.340727775293656e-40
[71800]7.958736666920731e-40
[71900]-5.354132425173556e-40
[72000]4.013869763444149e-40
[72100]-2.6833244768868066e-40
[72200]4.056921571385099e-40
[72300]-2.6882955139150898e-40
[72400]4.108457774041298e-40
[72500]-1.3455862577436396e-40
[72600]2.0841113143250167e-40
[72700]-1.345601178357543e-40
[72800]2.1178860644281735e-40
[72900]-1.3438507972419894e-40
[73000]1.0776198943974767e-40
[73100]-6.700177013658839e-41
[73200]1.0978863002367072e-40
[73300]-6.669517420632495e-41
[73400]1.1195024205395869e-40
[73500]-3.3131420482091994e-41
[73600]5.71096426390985e-41
[73700]-3.284885895165762e-41
[73800]5.828258954826372e-41
[73900]-3.249787069147879e-41
[74000]2.9738724060529005e-41
[74100]-1.6038975173116513e-41
[74200]3.033840558441184e-41
[74300]-1.579505876654533e-41
[74400]3.0931367234964595e-41
[74500]-7.759220530562654e-42
[74600]1.5754278291424829e-41
[74700]-7.60554432650842e-42
[74800]1.6030517653532513e-41
[74900]-7.437815538722028e-42
[75000]8.14504398483899e-42
[75100]-3.628824500629656e-42
[75200]8.264464221621363e-42
[75300]-3.5334609515705175e-42
[75400]8.371662910682221e-42
[75500]-1.7169326582457997e-42
[75600]4.232501017084022e-42
[75700]-1.6655857887320133e-42
[75800]4.271551783976057e-42
[75900]-1.6132869954608596e-42
[76000]2.1512216197186054e-42
[76100]-7.803251095587957e-43
[76200]2.162399616557616e-42
[76300]-7.541463067154243e-43
[76400]2.1692104166674116e-42
[76500]-3.6420524203765774e-43
[76600]1.085823955740045e-42
[76700]-3.517046123048605e-43
[76800]1.0849011400004086e-42
[76900]-3.3970798552520472e-43
[77000]5.409652488483583e-43
[77100]-1.6417003368190803e-43
[77200]5.385269593905114e-43
[77300]-1.5885544171737152e-43
[77400]5.3522996985190584e-43
[77500]-7.697836309292547e-44
[77600]2.6559530670809446e-43
[77700]-7.475546121595187e-44
[77800]2.632727683829012e-43
[77900]-7.27724171463343e-44
[78000]1.3036236926470422e-43
[78100]-3.5518626186577143e-44
[78200]1.2901814965340954e-43
[78300]-3.4776231239869854e-44
[78400]1.2764935745850994e-43
[78500]-1.707874834098374e-44
[78600]6.315193119054387e-44
[78700]-1.6829084752279183e-44
[78800]6.251542245021619e-44
[78900]-1.663568950554265e-44
[79000]3.096995300560811e-44
[79100]-8.246950450230044e-45
[79200]3.072489325463968e-44
[79300]-8.198969896222893e-45
[79400]3.053429842889428e-44
[79500]-4.0852606026400065e-45
[79600]1.520461858810623e-44
[79700]-4.078903519047857e-45
[79800]1.517991141162676e-44
[79900]-4.0783500928967906e-45
[80000]7.598741319094373e-45
[80100]-2.040708993502159e-45
[80200]7.630534310372004e-45
[80300]-2.042927360384607e-45
[80400]7.686789876066358e-45
[80500]-1.0223468942263656e-45
[80600]3.8842512193625187e-45
[80700]-1.0224434330971954e-45
[80800]3.9380823871836194e-45
[80900]-1.0212123797985614e-45
[81000]2.0024337472679025e-45
[81100]-5.090722181013483e-46
[81200]2.0421530367841314e-45
[81300]-5.063865060400063e-46
[81400]2.0879053026015543e-45
[81500]-2.511710835116662e-46
[81600]1.0696259739270169e-45
[81700]-2.4838158945447624e-46
[81800]1.0978053817551704e-45
[81900]-2.4475407342178103e-46
[82000]5.640649323765964e-46
[82100]-1.2011832327381197e-46
[82200]5.8008584630177785e-46
[82300]-1.1739865286182775e-46
[82400]5.967204290580633e-46
[82500]-5.710614274945737e-47
[82600]3.068476823395184e-46
[82700]-5.528191768484057e-47
[82800]3.1535620965910575e-46
[82900]-5.323406799392004e-47
[83000]1.618630893737423e-46
[83100]-2.5487470401237953e-47
[83200]1.658948308611518e-46
[83300]-2.426076334228338e-47
[83400]1.696864054406757e-46
[83500]-1.1473767923281428e-47
[83600]8.657460293796692e-47
[83700]-1.0780149275197131e-47
[83800]8.809713962912282e-47
[83900]-1.005658439789564e-47
[84000]4.468342609209254e-47
[84100]-4.655388798144795e-48
[84200]4.517049653540522e-47
[84300]-4.2754536565854715e-48
[84400]4.548936102088871e-47
[84500]-1.946361158856237e-48
[84600]2.2810446408837643e-47
[84700]-1.7557414478468845e-48
[84800]2.277379259740841e-47
[84900]-1.5679906874732757e-48
[85000]1.1313464812197298e-47
[85100]-6.925820080526111e-49
[85200]1.1181586892446888e-47
[85300]-6.046017559852097e-49
[85400]1.0988537179140644e-47
[85500]-2.6047388867220167e-49
[85600]5.366130988994516e-48
[85700]-2.212079205329042e-49
[85800]5.205712487439309e-48
[85900]-1.8484344804995258e-49
[86000]2.5063606563936904e-48
[86100]-7.582805544660754e-50
[86200]2.3936271308234186e-48
[86300]-6.092536212720767e-50
[86400]2.2649015566708716e-48
[86500]-2.38892133163685e-50
[86600]1.0603137776167994e-48
[86700]-1.8206511569672574e-50
[86800]9.807218602460303e-49
[86900]-1.3407696369644577e-50
[87000]4.4704446967802715e-49
[87100]-4.73314698865829e-51
[87200]4.0045960856997384e-49
[87300]-3.168419508263692e-51
[87400]3.509007297329258e-49
[87500]-9.889734859145256e-52
[87600]1.4935048859258359e-49
[87700]-5.608656743870758e-52
[87800]1.2211406474890055e-49
[87900]-2.7619183039539366e-52
[88000]4.69699825358287e-50
[88100]-5.404355831397546e-53
