[0]6112.88157893173
[100]4771.799101533361
[200]3393.8643439610196
[300]1989.5763227890975
[400]569.7846701269768
[500]-427.22719270823126
[600]-1136.012653024506
[700]-1835.9507353757726
[800]-2521.6459970447627
[900]-3187.892408135215
[1000]-1914.8709517263367
[1100]-2221.2844319079777
[1200]-2511.064759605233
[1300]-2782.30767657677
[1400]-3033.3498451179807
[1500]-1631.3941912944997
[1600]-1734.7481749367325
[1700]-1826.3169878305155
[1800]-1905.827735313882
[1900]-1973.155679964918
[2000]12451.583221407227
[2100]5216.342446123936
[2200]-2038.2578374227123
[2300]-9824.086921670198
[2400]15570.424286670854
[2500]2452.9768175034574
[2600]-1828.1715897877668
[2700]-5411.386706169005
[2800]5605.173763093295
[2900]2276.5139921204773
[3000]-997.0522005795175
[3100]-3276.851064154107
[3200]2597.0112487576594
[3300]732.3134862750203
[3400]-1083.1476978419669
[3500]-1586.5257758013363
[3600]1440.7893913708726
[3700]268.826689440777
[3800]-741.7281355002129
[3900]-1524.1601623446545
[4000]17677.903418075406
[4100]-881.946984438956
[4200]15673.46316741101
[4300]-1495.921838343189
[4400]13708.955035053064
[4500]-50.32072089667274
[4600]4039.0697759212744
[4700]-528.3117051638404
[4800]1522.779069956174
[4900]-16.670660067916526
[5000]-1087.7670449311534
[5100]-56.94665381040254
[5200]-2285.835590107051
[5300]39.68346987733021
[5400]-3645.345683938159
[5500]165.10829079016568
[5600]-2012.6502321448218
[5700]130.2985195083606
[5800]-2206.0308741833815
[5900]348.25616794794644
[6000]12189.69265729887
[6100]-16791.49163750702
[6200]-12320.120841612237
[6300]-6436.455959276007
[6400]-3806.751116477805
[6500]89.41605168162896
[6600]1315.6585933244405
[6700]3952.5252092216733
[6800]5803.54185626573
[6900]7068.574326204952
[7000]-3046.3544564725066
[7100]-2139.215386574594
[7200]-1677.901119626866
[7300]-518.5068593236957
[7400]302.02853196777096
[7500]776.5940041127423
[7600]1012.6944780519427
[7700]1432.137743154344
[7800]-1641.5139146272509
[7900]-1503.307523027971
[8000]-543.2867724000519
[8100]-204.85042839789202
[8200]-46.522044239252004
[8300]212.22101248140692
[8400]364.02060302999257
[8500]353.8490278346722
[8600]515.3599841794311
[8700]-422.2009993587717
[8800]-298.31526833963704
[8900]-174.94832265538838
[9000]-53.53622530883663
[9100]19.850150806762933
[9200]72.13799933625856
[9300]147.77951888916098
[9400]171.97075134485473
[9500]-12.07982119228663
[9600]-97.06349455874408
[9700]-66.47256766737877
[9800]-41.045962622095715
[9900]0.23137889626924135
[10000]9.73445969017983
[10100]25.168887400772988
[10200]35.006725165722095
[10300]61.025110254207526
[10400]-67.1052758539263
[10500]-19.26512362454995
[10600]-12.645428162844663
[10700]-4.7339599338939875
[10800]-0.5178296161886845
[10900]8.745602991531293
[11000]7.899903595065619
[11100]12.643332810446639
[11200]8.68413831944784
[11300]-10.280633892480383
[11400]-9.098914506082844
[11500]-2.4789313885598743
[11600]-0.970356669128327
[11700]1.5817456678551116
[11800]2.800836662752842
[11900]4.646288631666234
[12000]2.868454391140866
[12100]-3.667761576604108
[12200]-2.9715679850013723
[12300]-1.576073812944418
[12400]-0.8334911630898246
[12500]0.09175507924178296
[12600]0.36299050732328103
[12700]0.9483611542690643
[12800]1.4222326275462827
[12900]2.061361469573895
[13000]-0.7571978328983877
[13100]-0.4873557591390753
[13200]-0.37907524462074077
[13300]-0.10419826352985104
[13400]0.08447772071095616
[13500]0.2038690068788443
[13600]0.26995648279163814
[13700]0.37263286594400546
[13800]-0.25831404265679186
[13900]-0.3443909316276935
[14000]-0.13147701359193206
[14100]-0.047294782657483124
[14200]-0.0026031972460284127
[14300]0.055752662463266205
[14400]0.09224777168904441
[14500]0.08093377116468041
[14600]0.12679617123210948
[14700]-0.11745854952362314
[14800]-0.0726272074647035
[14900]-0.04830496466492551
[15000]-0.011338809774811318
[15100]-0.001201829830978573
[15200]0.0176575218239818
[15300]0.030493700113936106
[15400]0.04579175496488959
[15500]0.003795442152347368
[15600]-0.021672240714971733
[15700]-0.01926803214180326
[15800]-0.009830900046580222
[15900]-0.0037341734593541384
[16000]0.0029410393322325153
[16100]0.004876630194036673
[16200]0.008686023955332895
[16300]0.012232459216722344
[16400]-0.01601948669666146
[16500]-0.005634671684990478
[16600]-0.003017010031705834
[16700]-0.001779395185791433
[16800]0.00012541932988153413
[16900]0.0013483586713912861
[17000]0.0019217598885981199
[17100]0.0027558514979930623
[17200]0.003164268768186499
[17300]-0.0028680421952301137
[17400]-0.0020468018063254903
[17500]-0.0008070235034462736
[17600]-0.00021043868051794548
[17700]0.0001734006074059922
[17800]0.0007500102061632494
[17900]0.0009660479468613528
[18000]0.0006993915461344984
[18100]-0.000832561170932254
[18200]-0.0007144018048676256
[18300]-0.0005023329743244866
[18400]-0.00018314038892030445
[18500]-1.6625198620955533e-05
[18600]9.994934812923437e-05
[18700]0.00017705140690862592
[18800]0.00034665752591279915
[18900]0.0004905541310223249
[19000]-0.0001950395766746962
[19100]-0.00014157995260405886
[19200]-8.16271331424692e-05
[19300]-5.1130388430195736e-05
[19400]2.1784927646014708e-05
[19500]3.5982672890823894e-05
[19600]7.182386131386117e-05
[19700]8.105335176876327e-05
[19800]-2.3431491442425074e-05
[19900]-9.226074219156416e-05
[20000]-3.09373200250301e-05
[20100]-1.872391765969413e-05
[20200]3.9532799002076114e-07
[20300]9.91170275704247e-06
[20400]2.4281450576439203e-05
[20500]1.7041797104024823e-05
[20600]2.9781444202329587e-05
[20700]-3.135554459853185e-05
[20800]-1.778516199257096e-05
[20900]-1.2024292679201748e-05
[21000]-2.265321802370954e-06
[21100]-1.2747091341723122e-07
[21200]4.4752656939514045e-06
[21300]7.642944241240724e-06
[21400]1.2075539079552672e-05
[21500]3.5413384987551485e-06
[21600]-4.82275278958323e-06
[21700]-4.344396913475999e-06
[21800]-2.3050124299093594e-06
[21900]-7.727167009422939e-07
[22000]8.007277825568499e-07
[22100]1.3414567534554919e-06
[22200]2.192881527735872e-06
[22300]2.8428378228394193e-06
[22400]-3.6268300963164495e-06
[22500]-1.399272392255409e-06
[22600]-7.3989855354239e-07
[22700]-3.8031781170456487e-07
[22800]8.587178827942745e-08
[22900]3.4824346940301424e-07
[23000]4.725493347094249e-07
[23100]6.925864751646802e-07
[23200]9.594345913522836e-07
[23300]-7.044711208910237e-07
[23400]-4.454611350765931e-07
[23500]-1.7700372646656976e-07
[23600]-4.2729083023715144e-08
[23700]4.621344532408311e-08
[23800]1.9966158590397353e-07
[23900]2.6087091059084757e-07
[24000]1.7326426266912806e-07
[24100]-1.4306546362646266e-07
[24200]-1.7171659939662567e-07
[24300]-1.2145222216109148e-07
[24400]-5.48355007593022e-08
[24500]-1.135790358904048e-09
[24600]2.028239266146596e-08
[24700]4.507167665365191e-08
[24800]7.16232205242706e-08
[24900]1.223748462561188e-07
[25000]-5.712855670764116e-08
[25100]-3.360608987567649e-08
[25200]-2.537309909743246e-08
[25300]-1.073828581798233e-08
[25400]-1.638737431482519e-09
[25500]9.036077235248234e-09
[25600]1.4485840931204418e-08
[25700]2.1629259973467565e-08
[25800]1.0105063656623133e-09
[25900]-2.0706251184036133e-08
[26000]-9.002122359193884e-09
[26100]-4.537351448344483e-09
[26200]-1.3632089162777388e-09
[26300]2.8346818610834995e-09
[26400]4.731607401614576e-09
[26500]4.205085622678586e-09
[26600]6.0950025133454434e-09
[26700]-7.671102478561192e-09
[26800]-5.302905806536805e-09
[26900]-2.7704775700869055e-09
[27000]-8.47825590746181e-10
[27100]6.433312977125673e-11
[27200]6.480136467649085e-10
[27300]1.9113887618103785e-09
[27400]2.6526196039447182e-09
[27500]1.3903381206738415e-09
[27600]-1.3538241334917572e-09
[27700]-9.644533933666945e-10
[27800]-7.428239566131526e-10
[27900]-1.8231001015489855e-10
[28000]9.524828330668531e-11
[28100]3.6454070003137525e-10
[28200]4.683747052879843e-10
[28300]6.740338118773047e-10
[28400]-8.453612334844414e-10
[28500]-3.3639874069491207e-10
[28600]-2.3156094917272787e-10
[28700]-8.535464269481538e-11
[28800]-1.759040685024574e-11
[28900]9.917428865286142e-11
[29000]8.749785930411174e-11
[29100]1.6894929331476003e-10
[29200]2.3073347426036925e-10
[29300]-1.7747347238564297e-10
[29400]-1.3269345903078727e-10
[29500]-3.8686823964187163e-11
[29600]-2.3638825303315468e-11
[29700]1.261371955355267e-11
[29800]3.585963972155992e-11
[29900]6.831607363934809e-11
[30000]3.867503224738836e-11
[30100]-1.662508133437257e-11
[30200]-4.4404872880226475e-11
[30300]-2.942018237919452e-11
[30400]-1.6842391283435816e-11
[30500]4.5187553241306616e-13
[30600]4.636803193774948e-12
[30700]1.1582921614429315e-11
[30800]1.6740831673274202e-11
[30900]2.9402322104737906e-11
[31000]-1.4694850813503344e-11
[31100]-8.215333233502989e-12
[31200]-5.593897003107592e-12
[31300]-1.9782680751373115e-12
[31400]-4.273796099110716e-14
[31500]2.2349630077024414e-12
[31600]3.775299919480335e-12
[31700]5.7692225545475645e-12
[31800]2.7300557572006587e-12
[31900]-4.658796985741607e-12
[32000]-2.0452561043496164e-12
[32100]-1.0737008840399217e-12
[32200]-3.3293021504171933e-13
[32300]7.554184050769728e-13
[32400]1.2944950488229478e-12
[32500]1.0558274663285276e-12
[32600]1.3912655684462986e-12
[32700]-1.7704655631199067e-12
[32800]-1.304447469923641e-12
[32900]-6.608329477434e-13
[33000]-1.7999493639881889e-13
[33100]5.201395331860758e-14
[33200]1.7818215715134115e-13
[33300]4.732408359490427e-13
[33400]6.696760344474447e-13
[33500]4.4191645136458817e-13
[33600]-3.240414742527245e-13
[33700]-2.1732669374208168e-13
[33800]-1.6795167652852394e-13
[33900]-4.5901534394698565e-14
[34000]2.5981014595641235e-14
[34100]8.628445708975234e-14
[34200]1.233541635711495e-13
[34300]1.5458907897179891e-13
[34400]-1.5315156811545622e-13
[34500]-8.906050188916377e-14
[34600]-5.706832579147948e-14
[34700]-3.097700154677689e-14
[34800]-1.458260162735531e-16
[34900]1.391851257690268e-14
[35000]2.182357949928202e-14
[35100]3.3647156369329544e-14
[35200]5.937475889519244e-14
[35300]-5.368119416337664e-14
[35400]-3.138323511122366e-14
[35500]-1.1860751447520569e-14
[35600]-4.8156624254584846e-15
[35700]-2.8413804668069624e-16
[35800]8.933793394413326e-15
[35900]1.4452189534222286e-14
[36000]1.0288778625979506e-14
[36100]-8.333374960056692e-16
[36200]-1.0044160316680342e-14
[36300]-8.408973202153268e-15
[36400]-4.139721635750748e-15
[36500]-6.122795919650147e-16
[36600]1.3472471149722343e-15
[36700]2.2582369178582777e-15
[36800]4.078153027613434e-15
[36900]5.959515604711373e-15
[37000]-3.621396265291736e-15
[37100]-2.4661851278046684e-15
[37200]-1.2887857470684256e-15
[37300]-8.115259104141606e-16
[37400]1.0427659330354715e-16
[37500]3.42269345574892e-16
[37600]9.330835146858268e-16
[37700]1.2737521461911834e-15
[37800]1.2088825380833257e-15
[37900]-1.2631201983396202e-15
[38000]-4.645635502217772e-16
[38100]-3.4892907713548315e-16
[38200]-7.509058707372123e-17
[38300]1.0398236841895074e-16
[38400]3.4526418360988785e-16
[38500]2.2096117344849079e-16
[38600]3.300743882909476e-16
[38700]-4.2338272321234213e-16
[38800]-3.175669148153485e-16
[38900]-2.172071686377986e-16
[39000]-3.707634791927313e-17
[39100]-7.089704699128048e-18
[39200]4.8580585096193124e-17
[39300]8.598910241203783e-17
[39400]1.6622771754334545e-16
[39500]1.092950634931587e-16
[39600]-8.187245909113352e-17
[39700]-6.263835909146176e-17
[39800]-3.6467529520698035e-17
[39900]-2.1043951053660054e-17
[40000]6.331817738442194e-18
[40100]1.7511633638501918e-17
[40200]3.2661117743676045e-17
[40300]3.660267621698846e-17
[40400]-2.1271878609656917e-17
[40500]-2.1358568724360704e-17
[40600]-1.3619607834191302e-17
[40700]-7.83981298953579e-18
[40800]6.528223448253379e-19
[40900]4.5636290383762856e-18
[41000]5.729619834774724e-18
[41100]8.165830005379897e-18
[41200]1.4399387725456758e-17
[41300]-1.3549720462589168e-17
[41400]-7.517762577496903e-18
[41500]-2.6295149220224162e-18
[41600]-9.582018396400827e-19
[41700]8.144097085497757e-20
[41800]2.2187072178063788e-18
[41900]3.6535425231106654e-18
[42000]2.6994253531345944e-18
[42100]9.912548967892029e-19
[42200]-2.2397174272833934e-18
[42300]-1.9649680193746147e-18
[42400]-1.0034987259792268e-18
[42500]-1.33310619777781e-19
[42600]3.8805743443802316e-19
[42700]6.114142714879133e-19
[42800]1.0306063914547906e-18
[42900]1.3819723969509534e-18
[43000]-8.400509388903687e-19
[43100]-6.093846939213052e-19
[43200]-2.9957312259152903e-19
[43300]-1.6157567828545612e-19
[43400]5.414600097179177e-20
[43500]8.85900238149683e-20
[43600]2.2314118363328793e-19
[43700]3.258535288851792e-19
[43800]3.85647963308087e-19
[43900]-3.0372841276534875e-19
[44000]-1.1436806387680373e-19
Total: 44100