[0]3114.7719623087532
[100]-1.2983547350057734
[200]1706.5065317763151
[300]-0.09088536663227842
[400]284.9368685347655
[500]0.003578704201437688
[600]-569.4285450900888
[700]0.29068545762277154
[800]-1276.8828715693023
[900]1.6034178024266623
[1000]-987.1994892779057
[1100]2.35333121016491
[1200]-1328.3068310442168
[1300]5.162876585271476
[1400]-1659.1835580978461
[1500]4.782609405705813
[1600]-988.6926887182941
[1700]7.930015150745945
[1800]-1140.3176889579897
[1900]12.152572385607897
[2000]7108.468545337044
[2100]-5309.99789555575
[2200]5214.644963141858
[2300]-16096.782227452879
[2400]-3745.5159709601335
[2500]4551.001738357186
[2600]-6541.819371363744
[2700]-24.14475394557814
[2800]5242.385040811936
[2900]-4360.5367396492165
[3000]272.6253970051372
[3100]2921.45540358488
[3200]-1976.9798687320133
[3300]891.7274999455454
[3400]2177.6253451001107
[3500]-682.6634701941502
[3600]613.5878946401562
[3700]-2064.444472813735
[3800]-503.37025585283294
[3900]1139.6622991513996
[4000]12014.94120464194
[4100]-8812.526985541972
[4200]-2365.0936199295074
[4300]3036.7556949266486
[4400]11616.91340501274
[4500]-7396.6914060499
[4600]-3462.404836035127
[4700]107.38739409121834
[4800]3367.0254843981575
[4900]6859.202543890572
[5000]-2955.736228767476
[5100]-1276.1710419641145
[5200]671.5148353299896
[5300]2330.015921885238
[5400]-2442.507668355327
[5500]-1132.6844269622472
[5600]-136.84400077541432
[5700]653.1853398617509
[5800]1466.2912556653764
[5900]-1298.0616520502197
[6000]16459.84590197428
[6100]16919.378069589333
[6200]16141.74313644768
[6300]14706.072578448164
[6400]11628.909189817632
[6500]5505.723445053483
[6600]5655.665941738011
[6700]6123.179429006117
[6800]5499.903144950486
[6900]5980.471019785626
[7000]3061.4139405207557
[7100]2970.7044105753225
[7200]2849.534449713181
[7300]2235.0508084670537
[7400]2174.3848131328027
[7500]1117.638814440852
[7600]1177.9857725546467
[7700]1088.7117633022679
[7800]1067.160067941084
[7900]1084.5572918957937
[8000]542.5135309495105
[8100]525.8058659887629
[8200]382.25986276017244
[8300]369.6995029082955
[8400]377.58741962961744
[8500]199.52722368131646
[8600]219.88552083648236
[8700]169.5720345969351
[8800]173.46552719132282
[8900]172.30202542710663
[9000]83.65937623725482
[9100]45.24319950265567
[9200]46.64147635112587
[9300]47.22288030140634
[9400]52.20226960501614
[9500]29.346249689828884
[9600]16.688286756823373
[9700]18.980776741245272
[9800]19.62344103015568
[9900]17.52799037095617
[10000]4.301743882234858
[10100]-0.019324204237038956
[10200]-0.1427865444495774
[10300]1.3317977094576476
[10400]3.2548812350485337
[10500]-1.5726920322030897
[10600]-1.1221969650676997
[10700]-1.3403970003815746
[10800]-1.5226075064709914
[10900]-1.5208626886653769
[11000]-3.06287587698237
[11100]-2.945430662468352
[11200]-2.6888333253915606
[11300]-2.3728176677889667
[11400]-3.9383631837704436
[11500]-1.764887408387286
[11600]-1.7634586117268412
[11700]-1.836415464909635
[11800]-1.988073789058336
[11900]-3.036966599754451
[12000]-1.5070075962035738
[12100]-1.447284355493318
[12200]-1.3224807051636973
[12300]-1.3540434464798388
[12400]-1.6185725216740179
[12500]-0.8043050633867233
[12600]-0.8220798594754936
[12700]-0.8640438844491709
[12800]-1.1383914415215994
[12900]-1.133613492608584
[13000]-0.5567707425881401
[13100]-0.5204343733163199
[13200]-0.46953346878415436
[13300]-0.5795644752394714
[13400]-0.5694842745008069
[13500]-0.2975838094540565
[13600]-0.3142081834434495
[13700]-0.38599481514738987
[13800]-0.3932204930671362
[13900]-0.3787431960810593
[14000]-0.17627263188085146
[14100]-0.16396090831100024
[14200]-0.18035753030748966
[14300]-0.1790228595083491
[14400]-0.19008159066584637
[14500]-0.104049433177161
[14600]-0.11659594520006203
[14700]-0.1341179838258591
[14800]-0.12787686807185714
[14900]-0.10706603045469196
[15000]-0.034834782023805605
[15100]-0.018508374849202983
[15200]0.008071174388849058
[15300]0.033023307535220536
[15400]0.05282406663961967
[15500]0.03272443556004183
[15600]0.03115465909668152
[15700]0.030720965466189
[15800]0.028180677272102023
[15900]0.025599826360117737
[16000]0.010398305278833257
[16100]0.010035389870311526
[16200]0.01071400429933208
[16300]0.011598223158301396
[16400]0.012391851150613517
[16500]0.005574402382672822
[16600]0.005478830292296311
[16700]0.005304143233209955
[16800]0.005086286043935568
[16900]0.00480399211445343
[17000]0.001972952050185422
[17100]0.0020551283258654135
[17200]0.0021695315951866987
[17300]0.00233745651985586
[17400]0.0019299613889279573
[17500]0.0009786864868673079
[17600]0.000953740872880624
[17700]0.0009002969238082559
[17800]0.0008796152304650035
[17900]0.0006386653938490548
[18000]0.00033505331990263214
[18100]0.00036540503312157305
[18200]0.0003923186133577639
[18300]0.0003188224422744289
[18400]0.0002973046375141132
[18500]0.00014662791522711128
[18600]0.0001376298885770641
[18700]0.00013160899247423758
[18800]7.72288912194404e-05
[18900]7.804294191414633e-05
[19000]4.530059708418585e-05
[19100]5.1790447731163956e-05
[19200]5.723613180873475e-05
[19300]2.987584865848359e-05
[19400]2.6542093975015416e-05
[19500]1.1628635899461324e-05
[19600]1.0823509471928135e-05
[19700]-5.919399192597732e-06
[19800]-2.808547137216071e-06
[19900]3.528213893048263e-07
[20000]1.2137599883802577e-06
[20100]2.5552758610217305e-06
[20200]-4.2051199332003334e-06
[20300]-4.624174266111841e-06
[20400]-5.146348334631953e-06
[20500]-3.1015863129448335e-06
[20600]-5.418964329333598e-06
[20700]-6.4552998588166846e-06
[20800]-5.924360351047322e-06
[20900]-4.941672971230878e-06
[21000]-2.1074605899658147e-06
[21100]-3.809367537359083e-06
[21200]-3.929896883669739e-06
[21300]-4.1356870527780075e-06
[21400]-4.403218850503915e-06
[21500]-2.1512510054304665e-06
[21600]-3.0300710980475096e-06
[21700]-2.8896911418702853e-06
[21800]-2.667626535530697e-06
[21900]-2.4869841321747807e-06
[22000]-1.695028583037629e-06
[22100]-1.6683002572249442e-06
[22200]-1.7493538988561616e-06
[22300]-1.8254857909275591e-06
[22400]-1.8693491091939534e-06
[22500]-1.1501388313750157e-06
[22600]-1.0905163301450082e-06
[22700]-1.007712580469776e-06
[22800]-9.568366386386165e-07
[22900]-1.026385385906115e-06
[23000]-5.819544739328411e-07
[23100]-6.149727569557457e-07
[23200]-6.418754177235639e-07
[23300]-6.594740467469236e-07
[23400]-7.667772000245404e-07
[23500]-3.6473264768705053e-07
[23600]-3.4072084921770574e-07
[23700]-3.125135093552828e-07
[23800]-2.932187128779754e-07
[23900]-3.6678328235158384e-07
[24000]-1.9742613647585207e-07
[24100]-2.174669962575028e-07
[24200]-2.3442486301632737e-07
[24300]-2.622670425523596e-07
[24400]-2.3366124845908494e-07
[24500]-8.87840622871812e-08
[24600]-4.7315776074481274e-08
[24700]1.186972533511577e-09
[24800]3.736770519987641e-08
[24900]8.057879608414785e-08
[25000]5.5450249355082035e-08
[25100]6.357276282896672e-08
[25200]6.273745244758405e-08
[25300]5.409957222225194e-08
[25400]4.903362375780676e-08
[25500]2.259836914908317e-08
[25600]2.177024027705963e-08
[25700]1.876960951523776e-08
[25800]2.0447738164225227e-08
[25900]2.19987463729652e-08
[26000]1.1665946927131185e-08
[26100]1.201556650122667e-08
[26200]9.80108200201481e-09
[26300]9.41843017647194e-09
[26400]8.866591575263847e-09
[26500]4.338401563203652e-09
[26600]3.582937060195204e-09
[26700]3.748283912139836e-09
[26800]4.074225318834914e-09
[26900]4.322166355227014e-09
[27000]2.163583338063473e-09
[27100]1.7298070934411792e-09
[27200]1.6498740717567196e-09
[27300]1.568618196833444e-09
[27400]1.5550392677606148e-09
[27500]7.572242951871777e-10
[27600]6.093582344301953e-10
[27700]6.626458576407049e-10
[27800]6.99787121627937e-10
[27900]7.376428204390752e-10
[28000]2.4976928045828407e-10
[28100]2.3822029843698704e-10
[28200]2.2428313996868052e-10
[28300]2.1841354109355508e-10
[28400]2.2647960011253684e-10
[28500]6.409618925006901e-11
[28600]7.956096261744972e-11
[28700]8.838630451895381e-11
[28800]9.354075079535403e-11
[28900]4.566271693702131e-11
[29000]1.5586133066164773e-11
[29100]1.3735764442543812e-11
[29200]1.1210245414443771e-11
[29300]1.2078724728736514e-11
[29400]-9.240246677999355e-12
[29500]-2.983538966674864e-12
[29600]1.333434159893181e-13
[29700]2.4774748505696765e-12
[29800]1.2272092355662346e-12
[29900]-1.2825473065636034e-11
[30000]-7.307174022775873e-12
[30100]-8.116900041444984e-12
[30200]-7.51530283987646e-12
[30300]-1.3982552561993335e-11
[30400]-1.2137777553766377e-11
[30500]-5.285319261058613e-12
[30600]-5.0872829646294725e-12
[30700]-4.868268277298707e-12
[30800]-8.73762474286335e-12
[30900]-9.208424528131277e-12
[31000]-4.704855781622309e-12
[31100]-4.679601137950751e-12
[31200]-5.768494252158929e-12
[31300]-5.793923033322446e-12
[31400]-5.326921691755798e-12
[31500]-2.539055633914406e-12
[31600]-2.525608202781013e-12
[31700]-3.436030075428838e-12
[31800]-3.666153338797191e-12
[31900]-3.767297265966681e-12
[32000]-1.8935283244400914e-12
[32100]-1.796253161661995e-12
[32200]-2.1082038738897633e-12
[32300]-1.9992833155842764e-12
[32400]-1.9092005964526403e-12
[32500]-9.404840391602128e-13
[32600]-1.2240601835565477e-12
[32700]-1.2584366701014933e-12
[32800]-1.3049535088893958e-12
[32900]-1.3298459761849083e-12
[33000]-6.417343960259736e-13
[33100]-7.021697160701623e-13
[33200]-6.490903075215853e-13
[33300]-6.049856441883931e-13
[33400]-6.089464038061705e-13
[33500]-3.5461953751956985e-13
[33600]-4.1232385228365524e-13
[33700]-4.5085927469231107e-13
[33800]-4.636669634884532e-13
[33900]-4.3591043893920143e-13
[34000]-2.0507843557019028e-13
[34100]-1.3764791491352328e-13
[34200]-4.920431857607977e-14
[34300]4.694627165994184e-14
[34400]1.396517284265207e-13
[34500]9.081729529884361e-14
[34600]1.1197487030928609e-13
[34700]1.198692128763045e-13
[34800]1.1626318066146298e-13
[34900]9.329125699863086e-14
[35000]4.274675132628607e-14
[35100]3.9846183098357e-14
[35200]3.977680549024506e-14
[35300]4.19177752438367e-14
[35400]3.8398232029762317e-14
[35500]2.0807330748685872e-14
[35600]2.175073294688291e-14
[35700]2.1519778203996885e-14
[35800]1.9372379964600284e-14
[35900]1.654280972983518e-14
[36000]7.849081778255168e-15
[36100]7.928474757050371e-15
[36200]8.21519324766305e-15
[36300]7.070563291654641e-15
[36400]7.582416977893425e-15
[36500]3.88842894563313e-15
[36600]3.922570486079326e-15
[36700]3.917596045219892e-15
[36800]2.8060226595317406e-15
[36900]2.7352251345196647e-15
[37000]1.3667956067118318e-15
[37100]1.4041733339361973e-15
[37200]1.0761519858129462e-15
[37300]1.2041111911784347e-15
[37400]1.2641470499693748e-15
[37500]6.428728510708661e-16
[37600]6.043438152695602e-16
[37700]3.802654135648623e-16
[37800]3.591998216862555e-16
[37900]3.559420270327798e-16
[38000]1.9371337229307555e-16
[38100]1.8829057443568312e-16
[38200]1.2984414528874878e-16
[38300]1.4558190234719638e-16
[38400]1.5360112839562858e-16
[38500]7.364296184872016e-17
[38600]1.341731138661273e-17
[38700]1.1146724506064338e-17
[38800]6.853172881121104e-18
[38900]1.3330385412806132e-17
[39000]1.2726643054457178e-17
[39100]-9.808996250840205e-18
[39200]-4.144447435513684e-18
[39300]-3.9411747227854866e-18
[39400]-5.583447061585973e-18
[39500]-1.656774286291155e-17
[39600]-1.9071765751055887e-17
[39700]-1.863511764758989e-17
[39800]-1.704833837179325e-17
[39900]-1.5725635282269468e-17
[40000]-1.2484325220794748e-17
[40100]-1.1398463393032715e-17
[40200]-1.1164941622863848e-17
[40300]-1.1162741363423188e-17
[40400]-1.3217767764638644e-17
[40500]-9.772752890720808e-18
[40600]-9.942251190588091e-18
[40700]-9.771369917657586e-18
[40800]-8.909438976258616e-18
[40900]-1.15618656370332e-17
[41000]-5.412006100718533e-18
[41100]-5.263108677176201e-18
[41200]-5.358138605625101e-18
[41300]-5.595407103760239e-18
[41400]-7.604988792579323e-18
[41500]-3.80420407864974e-18
[41600]-3.773678259497711e-18
[41700]-3.582845457248423e-18
[41800]-4.05336131754955e-18
[41900]-3.94603578855618e-18
[42000]-1.9078591721122764e-18
[42100]-1.9507232615390473e-18
[42200]-2.0592907779610062e-18
[42300]-2.5538931367139743e-18
[42400]-2.657151092378721e-18
[42500]-1.3062251497410843e-18
[42600]-1.2257459458164538e-18
[42700]-1.1388132703122744e-18
[42800]-1.239745963040907e-18
[42900]-1.197297623991399e-18
[43000]-6.239570268028652e-19
[43100]-6.749491653066387e-19
[43200]-8.652089547744626e-19
[43300]-9.07620539781742e-19
[43400]-8.976400139589743e-19
[43500]-4.0026287438713396e-19
[43600]-2.927219731743778e-19
[43700]-1.9247381987254155e-19
[43800]-1.2270493007453324e-20
[43900]1.7057457458139766e-19
[44000]1.6242010369898791e-19
[44100]1.9712137468945738e-19
[44200]2.170546669337336e-19
[44300]2.2106588869744755e-19
[44400]2.0767642928360485e-19
[44500]9.476965097162844e-20
[44600]7.472109134202442e-20
[44700]7.160477005796853e-20
[44800]7.417487294314248e-20
[44900]7.982347108595422e-20
[45000]4.3527579328834765e-20
[45100]3.9197370061918657e-20
[45200]3.9455971327603366e-20
[45300]3.8504404700989947e-20
[45400]3.7000283941347084e-20
[45500]1.402395332106121e-20
[45600]1.4107976166665098e-20
[45700]1.4564012767668724e-20
[45800]1.5196010645968763e-20
[45900]1.6219677779554706e-20
[46000]6.840288636916246e-21
[46100]7.039990970738663e-21
[46200]7.003568521541552e-21
[46300]6.648945120684509e-21
[46400]5.5230429449587126e-21
[46500]2.3594656682778348e-21
[46600]2.386053258824217e-21
[46700]2.585752834268752e-21
[46800]2.815632373407598e-21
[46900]2.1532607261560975e-21
[47000]1.1106339185212382e-21
[47100]1.0985213406046447e-21
[47200]1.0408154960585544e-21
[47300]1.0323665675201355e-21
[47400]5.646698903224e-22
[47500]2.9631047158417997e-22
[47600]3.3039718175212043e-22
[47700]3.665171723388324e-22
[47800]1.9370009290047632e-22
[47900]2.3313850375957085e-22
[48000]1.1333478431343357e-22
[48100]1.0377610633471974e-22
[48200]9.05463347917476e-23
[48300]-1.7753373656660778e-23
[48400]-9.851832964617077e-24
[48500]5.376429906826203e-24
[48600]1.4035203267061542e-23
[48700]4.5629388932035875e-24
[48800]-2.1517136650448984e-23
[48900]-2.285695785546741e-23
[49000]-1.267201799904936e-23
[49100]-1.591249143913374e-23
[49200]-4.2572919814526294e-23
[49300]-4.1227076973968005e-23
[49400]-3.907275635214915e-23
[49500]-1.6475521287170825e-23
[49600]-1.2331695561590965e-23
[49700]-2.519663785319307e-23
[49800]-2.454518635821087e-23
[49900]-2.5770594878021754e-23
[50000]-1.4097351943734455e-23
[50100]-2.093654028565181e-23
[50200]-2.0697900088761528e-23
[50300]-1.9585083756067842e-23
[50400]-1.7971269702135868e-23
[50500]-8.54141339868361e-24
[50600]-1.0999298054792552e-23
[50700]-1.0982900961887676e-23
[50800]-1.1418420343663622e-23
[50900]-1.1856548329182658e-23
[51000]-6.4846755090700275e-24
[51100]-7.736796845663055e-24
[51200]-7.474422649632428e-24
[51300]-6.969237481963622e-24
[51400]-6.484779295028412e-24
[51500]-3.8983267583934534e-24
[51600]-3.872466836208552e-24
[51700]-4.042892565493029e-24
[51800]-4.252688173973747e-24
[51900]-4.405539753594579e-24
[52000]-2.6380227488725404e-24
[52100]-2.5274169299047557e-24
[52200]-2.373940450213576e-24
[52300]-2.1795246831605535e-24
[52400]-2.400815883153714e-24
[52500]-1.2208627205083821e-24
[52600]-1.2876595114863001e-24
[52700]-1.414706683685841e-24
[52800]-1.5615600065353651e-24
[52900]-1.7920045783716333e-24
[53000]-8.472905866981525e-25
[53100]-6.943147760065101e-25
[53200]-4.369926819636795e-25
[53300]-1.2798058945826227e-25
[53400]1.3901420071711835e-25
[53500]2.3116584509439456e-25
[53600]3.545486204036154e-25
[53700]4.335702736548823e-25
[53800]4.0760337955269476e-25
[53900]3.9608176342209793e-25
[54000]1.8198140510002695e-25
[54100]1.6542304313668304e-25
[54200]1.561552301670508e-25
[54300]1.3069822659554236e-25
[54400]1.4040433241433934e-25
[54500]7.613840504373754e-26
[54600]8.142821344557512e-26
[54700]7.349386726663386e-26
[54800]7.100551435977618e-26
[54900]6.866685174132441e-26
[55000]3.248065280120148e-26
[55100]3.131826801025769e-26
[55200]2.5733151047438614e-26
[55300]2.636927636248951e-26
[55400]2.8408125910091844e-26
[55500]1.5244428399760555e-26
[55600]1.5607041903157796e-26
[55700]1.2654815226302249e-26
[55800]1.2202795399584395e-26
[55900]1.1528639070893106e-26
[56000]5.663915200796583e-27
[56100]3.920229675951636e-27
[56200]4.332435749679853e-27
[56300]4.7281246969842736e-27
[56400]4.9909710474043654e-27
[56500]2.6381062664258192e-27
[56600]1.8827544891236146e-27
[56700]1.8103217971086292e-27
[56800]1.7369369988782817e-27
[56900]1.6552874737585243e-27
[57000]5.539207649284009e-28
[57100]4.826665737244567e-28
[57200]5.701178440169775e-28
[57300]6.510455990826298e-28
[57400]7.142006924073773e-28
[57500]1.7057129188529743e-28
[57600]1.5371188406078238e-28
[57700]1.3311552469203179e-28
[57800]1.1272801910256828e-28
[57900]1.2698777828382856e-28
[58000]-2.4597214694508256e-29
[58100]-1.101001220648121e-29
[58200]9.36803880732394e-30
[58300]2.716286376740353e-29
[58400]-7.665009048988626e-29
[58500]-3.561334575903246e-29
[58600]-3.974198861980672e-29
[58700]-4.730847240070178e-29
[58800]-4.7886854795479125e-29
[58900]-9.327429311313103e-29
[59000]-4.0788083505066663e-29
[59100]-3.437219582608928e-29
[59200]-3.1580143093101425e-29
[59300]-4.230674836023872e-29
[59400]-5.469824834315105e-29
[59500]-2.9483759007359696e-29
[59600]-3.0334053688546853e-29
[59700]-3.0343378098046085e-29
[59800]-4.148956601161894e-29
[59900]-3.914398117788943e-29
[60000]-1.808256342545302e-29
[60100]-1.7025084441494037e-29
[60200]-1.587562829277181e-29
[60300]-2.31041109714538e-29
[60400]-2.385284444312171e-29
[60500]-1.2426798114915132e-29
[60600]-1.2759218302880512e-29
[60700]-1.5610261023093383e-29
[60800]-1.4598116123694476e-29
[60900]-1.370487739508706e-29
[61000]-6.447174068817057e-30
[61100]-6.335081716950049e-30
[61200]-7.989842317214712e-30
[61300]-8.33910634028247e-30
[61400]-8.676153017365859e-30
[61500]-4.475835708100758e-30
[61600]-4.663092351316271e-30
[61700]-4.914437108683671e-30
[61800]-4.5353284207931556e-30
[61900]-4.1705491443198695e-30
[62000]-2.0191856108450813e-30
[62100]-2.4736312805038017e-30
[62200]-2.6786084497440045e-30
[62300]-2.970467628767902e-30
[62400]-3.1463495628425335e-30
[62500]-1.527912158237784e-30
[62600]-1.5412800155925783e-30
[62700]-1.1366923208015295e-30
[62800]-5.713088147678069e-31
[62900]7.546832821322621e-32
[63000]2.7343125123056597e-31
[63100]5.4656580490347605e-31
[63200]7.431191915790996e-31
[63300]8.376579750798618e-31
[63400]8.355891642111603e-31
[63500]3.4967433944471966e-31
[63600]3.160664408551842e-31
[63700]2.8952835329035435e-31
[63800]2.830292953863807e-31
[63900]2.8311089739904594e-31
[64000]1.3307182934728232e-31
[64100]1.443860691049333e-31
[64200]1.530653928830935e-31
[64300]1.5477015975461957e-31
[64400]1.268529464047912e-31
[64500]6.005210556464488e-32
[64600]5.728606784674621e-32
[64700]5.641255898895856e-32
[64800]5.823448695192279e-32
[64900]4.88816049176873e-32
[65000]2.663492995638769e-32
[65100]2.774051520086564e-32
[65200]2.8174511989848734e-32
[65300]2.247584006631558e-32
[65400]2.0763859872126497e-32
[65500]1.0060609687429176e-32
[65600]1.0010010223683254e-32
[65700]9.98404257031709e-33
[65800]7.902503943701903e-33
[65900]8.364141232488785e-33
[66000]4.535272612191756e-33
[66100]4.732972254118975e-33
[66200]4.4771506406234164e-33
[66300]2.9986102285927403e-33
[66400]2.8021051181916495e-33
[66500]1.3309197063641733e-33
[66600]1.4271348849570292e-33
[66700]7.749962089507003e-34
[66800]9.62405885181872e-34
[66900]1.1067877478068861e-33
[67000]5.904483609355155e-34
[67100]5.800640530691493e-34
[67200]1.6351225364196999e-34
[67300]1.2108187314789533e-34
[67400]1.1401573526640445e-34
[67500]6.538655989155952e-35
[67600]-5.752544437598543e-35
[67700]-5.386155361499439e-35
[67800]-1.144399217731425e-35
[67900]3.6992816018377474e-36
[68000]3.254809175458194e-37
[68100]-9.34525480263676e-35
[68200]-1.1264733314292608e-34
[68300]-1.1628965114903807e-34
[68400]-1.0647383457524394e-34
[68500]-4.827660340652653e-35
[68600]-8.282334496787542e-35
[68700]-7.64581305642381e-35
[68800]-7.088850253904668e-35
[68900]-6.892146053494126e-35
[69000]-6.280145427558396e-35
[69100]-6.332952451589057e-35
[69200]-6.465554005537629e-35
[69300]-6.539321732193838e-35
[69400]-6.108431201361416e-35
[69500]-3.929783929756259e-35
[69600]-3.669076649705483e-35
[69700]-3.4636854253544776e-35
[69800]-3.4585835295863874e-35
[69900]-4.4080677447514246e-35
[70000]-2.495065712624132e-35
[70100]-2.584703526222738e-35
[70200]-2.549394434256127e-35
[70300]-2.4380269270872684e-35
[70400]-2.842489555276609e-35
[70500]-1.3434249417187082e-35
[70600]-1.286900300237498e-35
[70700]-1.2925606759823092e-35
[70800]-1.3217790513448549e-35
[70900]-1.699880113095993e-35
[71000]-8.888461313540458e-36
[71100]-8.926780996815831e-36
[71200]-8.529477843991322e-36
[71300]-9.515860297478059e-36
[71400]-8.635482210156054e-36
[71500]-4.0956778597629827e-36
[71600]-4.1126501832816023e-36
[71700]-4.4168540212845303e-36
[71800]-5.641067040531215e-36
[71900]-6.079842350555185e-36
[72000]-3.098357275018479e-36
[72100]-2.9037813593560044e-36
[72200]-2.493817116941657e-36
[72300]-1.731630446890202e-36
[72400]-5.569798629709528e-37
[72500]3.6885699222261634e-37
[72600]9.612454018120844e-37
[72700]1.2219269393102816e-36
[72800]1.4864872868163894e-36
[72900]1.561384269369702e-36
[73000]7.568287032660058e-37
[73100]7.066585006621991e-37
[73200]5.465523400543382e-37
[73300]5.1641196455740895e-37
[73400]5.196056628519936e-37
[73500]2.7379617764731656e-37
[73600]2.501798929148491e-37
[73700]2.7306044305264554e-37
[73800]2.814781610631873e-37
[73900]2.7929791848983645e-37
[74000]1.3378572537364642e-37
[74100]1.049798934712426e-37
[74200]1.0157905672200342e-37
[74300]1.0211897155464203e-37
[74400]1.0711584007751063e-37
[74500]5.337639867950512e-38
[74600]4.872090639761184e-38
[74700]5.043269030550167e-38
[74800]5.082530366067052e-38
[74900]4.920313325991432e-38
[75000]1.8003643960685905e-38
[75100]1.7528892571270736e-38
[75200]1.7254231699139604e-38
[75300]1.8246278124143742e-38
[75400]2.025688495407845e-38
[75500]7.5892238273953e-39
[75600]8.145417464830923e-39
[75700]8.088772728301993e-39
[75800]7.771855599141058e-39
[75900]4.675246940451042e-39
[76000]2.1472458454454548e-39
[76100]2.231462258044787e-39
[76200]2.4482447031137188e-39
[76300]2.603848551225799e-39
[76400]1.6163886587027314e-39
[76500]9.027257484892211e-40
[76600]9.104818172752763e-40
[76700]8.89866630146997e-40
[76800]6.8583243818366306e-40
[76900]3.0151450306860197e-41
[77000]1.3569437183765852e-41
[77100]5.013635432410493e-41
[77200]1.3278658238497275e-40
[77300]-1.5858489795455874e-40
[77400]-1.040202631168523e-40
[77500]-4.496344652776792e-41
[77600]-5.394872037603758e-41
[77700]-6.990460726291972e-41
[77800]-2.7114714696555627e-40
[77900]-2.6146433105574773e-40
[78000]-1.2530437753461432e-40
[78100]-1.0892252271031647e-40
[78200]-1.6576549872322455e-40
[78300]-1.6449085671236018e-40
[78400]-1.5547540151435389e-40
[78500]-8.037853117975543e-41
[78600]-8.834229888114228e-41
[78700]-1.3369955761492513e-40
[78800]-1.3859126154562885e-40
[78900]-1.3271506462772316e-40
[79000]-6.053900259806892e-41
[79100]-5.776260481914728e-41
[79200]-7.314031931000245e-41
[79300]-7.184485372979704e-41
[79400]-7.453989380035633e-41
[79500]-3.8437954839170616e-41
[79600]-5.183939113723397e-41
[79700]-5.206930383224206e-41
[79800]-5.079706305948157e-41
[79900]-4.835707030567001e-41
[80000]-2.2342305996704442e-41
[80100]-2.659509438620916e-41
[80200]-2.60864547640538e-41
[80300]-2.6517828268769617e-41
[80400]-2.793935602207646e-41
[80500]-1.6936766089705004e-41
[80600]-1.7872619665591187e-41
[80700]-1.745743774945864e-41
[80800]-1.6509714504583087e-41
[80900]-1.5154505759852088e-41
[81000]-8.2490545939427e-42
[81100]-8.157035354159232e-42
[81200]-8.448647061690339e-42
[81300]-9.207685648077684e-42
[81400]-1.0180529339535821e-41
[81500]-6.086282677929282e-42
[81600]-6.00734781647503e-42
[81700]-5.236443600386709e-42
[81800]-3.7206738822482766e-42
[81900]-2.420802710913948e-42
[82000]3.4967193139067227e-44
[82100]1.229141593592985e-42
[82200]2.198425497366926e-42
[82300]2.8780919065215994e-42
[82400]2.8544126562559167e-42
[82500]1.4299529040513757e-42
[82600]1.3440858646153779e-42
[82700]1.2197163821710092e-42
[82800]1.0187455518424502e-42
[82900]9.301310426728413e-43
[83000]4.811125593090422e-43
[83100]5.251126329245402e-43
[83200]5.6895882086671375e-43
[83300]5.096851991403218e-43
[83400]5.133871718289978e-43
[83500]2.496346078753664e-43
[83600]2.3703501250206914e-43
[83700]2.308884578448772e-43
[83800]1.8315573129203922e-43
[83900]1.867956388528751e-43
[84000]9.928091116924491e-44
[84100]1.0624572563596724e-43
[84200]8.737262392577141e-44
[84300]9.124100595433586e-44
[84400]8.891445057672945e-44
[84500]4.2672134769996494e-44
[84600]4.094258314376786e-44
[84700]2.941314480920089e-44
[84800]3.083038679268569e-44
[84900]3.356761722296316e-44
[85000]1.7872571219495518e-44
[85100]1.6511437339077711e-44
[85200]1.4161162599080606e-44
[85300]1.3625852259088822e-44
[85400]1.3207186151412705e-44
[85500]6.366644000246738e-45
[85600]3.5009876710830236e-45
[85700]3.7037698131735044e-45
[85800]4.003747570703558e-45
[85900]4.6935771362855905e-45
[86000]2.754800004606826e-45
[86100]1.3502938176741297e-45
[86200]1.367704097278986e-45
[86300]1.2246182736118408e-45
[86400]1.009643515092445e-45
[86500]-2.102392822193852e-46
[86600]-1.2003406876565104e-46
[86700]-1.7538515264195583e-47
[86800]1.3286234001209528e-46
[86900]2.3382141029074623e-46
[87000]-1.829792411558896e-46
[87100]-1.8523933599053707e-46
[87200]-2.248583777277571e-46
[87300]-2.5120641732651687e-46
[87400]-3.664602026867384e-46
[87500]-2.9695404962933163e-46
[87600]-2.704241441234015e-46
[87700]-2.279583924854468e-46
[87800]-1.9496204445083286e-46
[87900]-3.4605702245711307e-46
[88000]-1.712017989989538e-46
[88100]-1.8544049625835992e-46
Total: 88200