[0]6112.88157893173
[100]4771.799101533361
[200]3393.8643439610196
[300]1989.5763227890975
[400]569.7846701269768
[500]-427.22719270823126
[600]-1136.012653024506
[700]-1835.9507353757726
[800]-2521.6459970447627
[900]-3187.892408135215
[1000]-1914.8709517263367
[1100]-2221.2844319079777
[1200]-2511.064759605233
[1300]-2782.30767657677
[1400]-3033.3498451179807
[1500]-1631.3941912944997
[1600]-1734.7481749367325
[1700]-1826.3169878305155
[1800]-1905.827735313882
[1900]-1973.155679964918
[2000]-1014.1615844109413
[2100]-1035.748180378116
[2200]-1051.489914821101
[2300]-1061.604576944579
[2400]-1066.3708178385762
[2500]-533.0613308210468
[2600]-530.6216341771337
[2700]-526.0790299768993
[2800]-519.663665504112
[2900]-511.619236139019
[3000]-251.09948520937226
[3100]-245.83077821678694
[3200]-240.13353887498673
[3300]-234.13651298351243
[3400]-227.96522738152774
[3500]-110.87008423085192
[3600]-107.78754535722386
[3700]-104.78774057974256
[3800]-101.91860120691157
[3900]-99.22266683649748
[4000]-48.36830627826699
[4100]-47.245444306263714
[4200]-46.254738111571086
[4300]-45.40488055813854
[4400]-44.701262124345625
[4500]-22.07301177601977
[4600]-21.869081743407854
[4700]-21.73684893643839
[4800]-21.6729335000394
[4900]-21.672692661602056
[5000]-10.865182124312103
[5100]-10.919612877190426
[5200]-10.99588283520402
[5300]-11.089931823727007
[5400]-11.197487977670862
[5500]-5.657080671979263
[5600]-5.7177683003172675
[5700]-5.778631595017884
[5800]-5.837570623818654
[5900]-5.892600910595272
[6000]-2.9709450035173828
[6100]-2.9918949623201834
[6200]-3.008432458249243
[6300]-3.0199570987350155
[6400]-3.0259946483787745
[6500]-1.5131014614984204
[6600]-1.5101874292577833
[6700]-1.5042193835585131
[6800]-1.4952279235658068
[6900]-1.4833075324957259
[7000]-0.7343063940412725
[7100]-0.7256767241173431
[7200]-0.715894268687301
[7300]-0.7051097879656923
[7400]-0.693491554680261
[7500]-0.3406106759117615
[7600]-0.3342451453406933
[7700]-0.327747268979459
[7800]-0.321215520408526
[7900]-0.31474666844100224
[8000]-0.1542168832068404
[8100]-0.151182132521046
[8200]-0.14830914242438814
[8300]-0.14563354012460822
[8400]-0.1431858614397767
[8500]-0.07049550669289195
[8600]-0.0695339331597885
[8700]-0.06871449073351939
[8800]-0.0680402383972712
[8900]-0.06751101564944617
[9000]-0.03356175623850651
[9100]-0.03343570220434416
[9200]-0.03337277430555406
[9300]-0.03336711790205481
[9400]-0.03341174585578588
[9500]-0.016749355211999273
[9600]-0.016809646171956103
[9700]-0.01688210142126412
[9800]-0.01696189705391119
[9900]-0.017044136827393586
[10000]-0.008561979503069823
[10100]-0.008598320310983362
[10200]-0.008628848498611268
[10300]-0.008651487254378061
[10400]-0.00866436737147655
[10500]-0.004332932100083448
[10600]-0.004327314386831247
[10700]-0.004314806269433854
[10800]-0.004295042632856445
[10900]-0.0042678229290878415
[11000]-0.0021165564858004796
[11100]-0.002095521566845615
[11200]-0.0020709515205482314
[11300]-0.0020430664609662544
[11400]-0.002012155922612476
[11500]-0.000989285785470859
[11600]-0.0009713593393902607
[11700]-0.0009525232836059911
[11800]-0.0009330191143837632
[11900]-0.000913099682645414
[12000]-0.0004465117705815298
[12100]-0.0004365246215299051
[12200]-0.00042671485709619547
[12300]-0.00041720340946717175
[12400]-0.00040810311666329566
[12500]-0.00019975818292329472
[12600]-0.00019576649569562257
[12700]-0.0001921142348863443
[12800]-0.00018883122326665065
[12900]-0.0001859388115553145
[13000]-9.172475583528331e-05
[13100]-9.068341278296047e-05
[13200]-8.984263558191793e-05
[13300]-8.919530133782752e-05
[13400]-8.873010923654922e-05
[13500]-4.421593643506965e-05
[13600]-4.414094686623781e-05
[13700]-4.412920350030303e-05
[13800]-4.416854462964088e-05
[13900]-4.42458083008737e-05
[14000]-2.2173565143008298e-05
[14100]-2.2229127180895786e-05
[14200]-2.228242404123643e-05
[14300]-2.2326408588483013e-05
[14400]-2.2354305896756503e-05
[14500]-1.1179879512698144e-05
[14600]-1.1168482182074305e-05
[14700]-1.114039685763192e-05
[14800]-1.1093450294577904e-05
[14900]-1.1025904275557946e-05
[15000]-5.468244965144292e-06
[15100]-5.412215770694272e-06
[15200]-5.34472970394859e-06
[15300]-5.265905788459781e-06
[15400]-5.176112247559337e-06
[15500]-2.5379782174536223e-06
[15600]-2.4831348149633245e-06
[15700]-2.4240435334737843e-06
[15800]-2.361311833397031e-06
[15900]-2.2956230144903105e-06
[16000]-1.1138603298079617e-06
[16100]-1.0791959373948355e-06
[16200]-1.044224848886271e-06
[16300]-1.0093575313999893e-06
[16400]-9.74999358052845e-07
[16500]-4.7077086883890344e-07
[16600]-4.546768040291772e-07
[16700]-4.393867375985361e-07
[16800]-4.2505108409326936e-07
[16900]-4.117982313716436e-07
[17000]-1.9986592669290656e-07
[17100]-1.944643897149056e-07
[17200]-1.8971873147475038e-07
[17300]-1.8563853989507492e-07
[17400]-1.8221863598317295e-07
[17500]-8.971963474595204e-08
[17600]-8.863331617564534e-08
[17700]-8.782683850845223e-08
[17800]-8.727061017056016e-08
[17900]-8.692965374284936e-08
[18000]-4.338220122039316e-08
[18100]-4.3365796606835586e-08
[18200]-4.3392618273914455e-08
[18300]-4.343882074339947e-08
[18400]-4.348023664007584e-08
[18500]-2.1746455115846073e-08
[18600]-2.1726812016325173e-08
[18700]-2.1670203509246955e-08
[18800]-2.1566506722303003e-08
[18900]-2.1406680971041094e-08
[19000]-1.0591481367056725e-08
[19100]-1.0444515947116219e-08
[19200]-1.0260072861774606e-08
[19300]-1.0036618902138811e-08
[19400]-9.77348992350518e-09
[19500]-4.735451295365665e-09
[19600]-4.564973382927357e-09
[19700]-4.376279382406116e-09
[19800]-4.170738062702345e-09
[19900]-3.950087464266339e-09
[20000]-1.8581977727219605e-09
[20100]-1.7360068480005065e-09
[20200]-1.6097620760072015e-09
[20300]-1.4808412381266964e-09
[20400]-1.3506781863651084e-09
[20500]-6.103655451986107e-10
[20600]-5.46225110415517e-10
[20700]-4.836229868678827e-10
[20800]-4.2322891738635126e-10
[20900]-3.6566247974608987e-10
[21000]-1.557397524929946e-10
[21100]-1.3057995942654234e-10
[21200]-1.0754863493729723e-10
[21300]-8.679508524447398e-11
[21400]-6.841791780978047e-11
[21500]-2.623146431041603e-11
[21600]-1.9461076148139495e-11
[21700]-1.3867047240829908e-11
[21800]-9.392570118139941e-12
[21900]-5.956053255527789e-12
[22000]-1.7264704825846734e-12
[22100]-8.79018363766035e-13
[22200]-3.641394066286225e-13
[22300]-1.0295361241218491e-13
[22400]-1.097624537414578e-14
[22500]7.534961209740523e-18
[22600]1.0015719190478265e-14
[22700]6.944231750259152e-14
[22800]2.221017039521157e-13
[22900]5.097487806332951e-13
[23000]4.855780499585761e-13
[23100]8.20628139804478e-13
[23200]1.2751842535055477e-12
[23300]1.8617630512664382e-12
[23400]2.5899599599248866e-12
[23500]1.7331174607980682e-12
[23600]2.24688346492208e-12
[23700]2.8361902983723376e-12
[23800]3.4992732134637003e-12
[23900]4.232727434809336e-12
[24000]2.515790653236956e-12
[24100]2.94470200143606e-12
[24200]3.3992227460631127e-12
[24300]3.8749028666519115e-12
[24400]4.366814723711313e-12
[24500]2.434830559953614e-12
[24600]2.688945844339976e-12
[24700]2.942912538594885e-12
[24800]3.1938871294734034e-12
[24900]3.4390861191107202e-12
[25000]1.8379238485033824e-12
[25100]1.9508454393190922e-12
[25200]2.0571854046788815e-12
[25300]2.155964506589165e-12
[25400]2.2463687364419366e-12
[25500]1.1638838899432235e-12
[25600]1.1998647461250016e-12
[25700]1.2310150280080194e-12
[25800]1.2573297925875848e-12
[25900]1.2789115198335883e-12
[26000]6.479841037544385e-13
[26100]6.544045687932856e-13
[26200]6.589191995375015e-13
[26300]6.617731506415548e-13
[26400]6.632494290022034e-13
[26500]3.3183139143714314e-13
[26600]3.316764342876664e-13
[26700]3.313384208013351e-13
[26800]3.3100076603176606e-13
[26900]3.308476870231807e-13
[27000]1.6553006614445545e-13
[27100]1.6590588253275752e-13
[27200]1.6663254425648957e-13
[27300]1.6778389916796308e-13
[27400]1.6942472187008667e-13
[27500]8.58046178226346e-14
[27600]8.718992955911663e-14
[27700]8.888310310921814e-14
[27800]9.089218130640722e-14
[27900]9.321822794748376e-14
[28000]4.7927632624858794e-14
[28100]4.939518293355635e-14
[28200]5.100194915664466e-14
[28300]5.273496064357319e-14
[28400]5.457835956920447e-14
[28500]2.825686689696411e-14
[28600]2.9260253980972257e-14
[28700]3.0288192319895864e-14
[28800]3.1328913079124867e-14
[28900]3.23702834397562e-14
[29000]1.6700036220982732e-14
[29100]1.7203110394634317e-14
[29200]1.768855437037969e-14
[29300]1.815090811140511e-14
[29400]1.8585184708897122e-14
[29500]9.493492086700114e-15
[29600]9.676297583283315e-15
[29700]9.839541181222587e-15
[29800]9.98217871089978e-15
[29900]1.010361595255495e-14
[30000]5.10186270709083e-15
[30100]5.141426494396776e-15
[30200]5.170907132423293e-15
[30300]5.190940243367556e-15
[30400]5.202377193277253e-15
[30500]2.6031340825402952e-15
[30600]2.601920358529551e-15
[30700]2.598237127845481e-15
[30800]2.5928354720715714e-15
[30900]2.586511824601334e-15
[31000]1.29004539977276e-15
[31100]1.287203620014318e-15
[31200]1.2851439349970247e-15
[31300]1.2842664728794457e-15
[31400]1.284949153592882e-15
[31500]6.437695558667118e-16
[31600]6.461723537762197e-16
[31700]6.498141529562548e-16
[31800]6.547999941462858e-16
[31900]6.612061721694177e-16
[32000]3.3453911690623556e-16
[32100]3.3921481388517266e-16
[32200]3.4462052152355815e-16
[32300]3.5073022885653975e-16
[32400]3.5750195242025507e-16
[32500]1.8243923675327728e-16
[32600]1.8639420886170412e-16
[32700]1.9057382868214345e-16
[32800]1.9493050495473164e-16
[32900]1.9941209965401698e-16
[33000]1.0198151015854723e-16
[33100]1.0426270086291676e-16
[33200]1.0652017621082325e-16
[33300]1.0872461992073634e-16
[33400]1.1084749335781324e-16
[33500]5.643083769738802e-17
[33600]5.737103998450441e-17
[33700]5.82331188372276e-17
[33800]5.900741416036668e-17
[33900]5.968607613776042e-17
[34000]3.01316323891095e-17
[34100]3.0367654259917e-17
[34200]3.0550408943581165e-17
[34300]3.068037555156521e-17
[34400]3.0759214769980633e-17
[34500]1.5394875484383663e-17
[34600]1.5387964348414486e-17
[34700]1.5361372056246473e-17
[34800]1.531807622022956e-17
[34900]1.5261476536625504e-17
[35000]7.59766360873694e-18
[35100]7.561830296852288e-18
[35200]7.525351693321956e-18
[35300]7.490393662168635e-18
[35400]7.45912796228933e-18
[35500]3.716842344326637e-18
[35600]3.7080523824853504e-18
[35700]3.704146752381499e-18
[35800]3.705988125989777e-18
[35900]3.7143285425953915e-18
[36000]1.864895380353486e-18
[36100]1.8764260218397204e-18
[36200]1.891915384579813e-18
[36300]1.9114381000639536e-18
[36400]1.9349808473692925e-18
[36500]9.812203913059855e-19
[36600]9.968129308978468e-19
[36700]1.0141285437711582e-18
[36800]1.0329863353712746e-18
[36900]1.0531670290176077e-18
[37000]5.372084340817637e-19
[37100]5.482261717503179e-19
[37200]5.594828314513364e-19
[37300]5.708154326195895e-19
[37400]5.820552319294692e-19
[37500]2.9651562308593826e-19
[37600]3.0178695357481437e-19
[37700]3.067593876827923e-19
[37800]3.113551182832457e-19
[37900]3.1550255199155045e-19
[38000]1.5956901235408035e-19
[38100]1.6110369704212767e-19
[38200]1.6233373655364086e-19
[38300]1.6324363572340533e-19
[38400]1.6382450717483293e-19
[38500]8.203722817142376e-20
[38600]8.199941553705379e-20
[38700]8.180516363312199e-20
[38800]8.146447234120756e-20
[38900]8.099089495712903e-20
[39000]4.0200681604341774e-20
[39100]3.985796863711748e-20
[39200]3.9478741884408654e-20
[39300]3.907564306806895e-20
[39400]3.8662296648763084e-20
[39500]1.912652843349621e-20
[39600]1.8931365847258378e-20
[39700]1.875314421275047e-20
[39800]1.8599273045902458e-20
[39900]1.8476930125590902e-20
[40000]9.196451490267216e-21
[40100]9.176716227702404e-21
[40200]9.182030683325076e-21
[40300]9.214745613385458e-21
[40400]9.276724963654166e-21
[40500]4.6846432816360094e-21
[40600]4.746575472527045e-21
[40700]4.8241997210210375e-21
[40800]4.9172212811696995e-21
[40900]5.024999737837911e-21
[41000]2.573272314633434e-21
[41100]2.6402585857510525e-21
[41200]2.7126191005298404e-21
[41300]2.7893511709601403e-21
[41400]2.8692991456759294e-21
[41500]1.4755837518291538e-21
[41600]1.516768367837343e-21
[41700]1.5574408989530157e-21
[41800]1.5967964365649246e-21
[41900]1.6339990648736374e-21
[42000]8.340970322089183e-22
[42100]8.492603737902972e-22
[42200]8.620628600525361e-22
[42300]8.72088176120371e-22
[42400]8.789371182173522e-22
[42500]4.411171014311795e-22
[42600]4.408170220297786e-22
[42700]4.384136943556327e-22
[42800]4.337733525101266e-22
[42900]4.267856125360958e-22
[43000]2.0868283775549101e-22
[43100]2.0272808604382478e-22
[43200]1.9551430691223254e-22
[43300]1.8704221148504715e-22
[43400]1.7732775963040632e-22
[43500]8.320111238999096e-23
[43600]7.71560134479174e-23
[43700]7.05591670814446e-23
[43800]6.344821894733099e-23
[43900]5.58674544710022e-23
[44000]2.3933636904185332e-23
Total: 44099