[0]6111.659247082314
[100]4677.317292230216
[200]3262.7036569517654
[300]1876.6047187220759
[400]527.4807166511043
[500]-776.6355075589231
[600]-2028.2318390009825
[700]-3220.4012197442794
[800]-4346.916043863045
[900]-5402.291828733012
[1000]-6381.839532498381
[1100]-7281.7060544433225
[1200]-8098.902627335308
[1300]-8831.320985800676
[1400]-9477.737369528995
[1500]-10037.804591875594
[1600]-10512.03257043864
[1700]-10901.757873932345
[1800]-11209.102986701744
[1900]-11436.926126444969
[2000]-11588.762570043633
[2100]-11668.75854531054
[2200]-11681.598831507848
[2300]-11632.429277573712
[2400]-11526.775493458144
[2500]-11370.458996316343
[2600]-11169.512099505553
[2700]-10930.092818634554
[2800]-10658.401035848916
[2900]-10360.59711204205
[3000]-10042.724067866568
[3100]-9710.634369753187
[3200]-9369.922258260485
[3300]-9025.862444852582
[3400]-8683.355881692249
[3500]-8346.883179361377
[3600]-8020.466111919837
[3700]-7707.637509600162
[3800]-7411.419699172558
[3900]-7134.31151279164
[4000]-6878.283750270474
[4100]-6644.782849359298
[4200]-6434.742395696957
[4300]-6248.601990583336
[4400]-6086.332892156624
[4500]-5947.469755458765
[4600]-5831.147720354401
[4700]-5736.144034355455
[4800]-5660.92335068891
[4900]-5603.685810898113
[5000]-5562.417005947202
[5100]-5534.938910128955
[5200]-5518.960897583062
[5300]-5512.129981310742
[5400]-5512.079458290097
[5500]-5516.47520055867
[5600]-5523.0588996553915
[5700]-5529.687649096577
[5800]-5534.369335052747
[5900]-5535.293397348886
[6000]-5530.8566195832955
[6100]-5519.683706721991
[6200]-5500.642509145856
[6300]-5472.853852056899
[6400]-5435.696026558941
[6500]-5388.804092077125
[6600]-5332.06422742829
[6700]-5265.6034484708825
[6800]-5189.775082557025
[6900]-5105.140452989742
[7000]-5012.447279382015
[7100]-4912.605341681906
[7200]-4806.659986137236
[7300]-4695.76407041269
[7400]-4581.148952455804
[7500]-4464.095123700744
[7600]-4345.903072186679
[7700]-4227.864935799903
[7800]-4111.23747080234
[7900]-3997.216817097419
[8000]-3886.9154902869277
[8100]-3781.341972711366
[8200]-3681.3832126059497
[8300]-3587.790273515853
[8400]-3501.1673066626877
[8500]-3421.9639483189976
[8600]-3350.4711738551587
[8700]-3286.820571280875
[8800]-3230.9869310943527
[8900]-3182.7939871967637
[9000]-3141.923086702984
[9100]-3107.9245155149733
[9200]-3080.231162437385
[9300]-3058.1741680012547
[9400]-3041.0001755507974
[9500]-3027.8897818734786
[9600]-3017.9767728931306
[9700]-3010.367726668102
[9800]-3004.161571042749
[9900]-2998.468696383882
[10000]-2992.429244520773
[10100]-2985.230222637471
[10200]-2976.1211246893195
[10300]-2964.427782251978
[10400]-2949.5642104127637
[10500]-2931.0422616457217
[10600]-2908.4789503781603
[10700]-2881.6013621918655
[10800]-2850.2491132145715
[10900]-2814.3743762601175
[11000]-2774.0395395971796
[11100]-2729.412610988828
[11200]-2680.760522944113
[11300]-2628.440534169011
[11400]-2572.889956354729
[11500]-2514.614464058715
[11600]-2454.175268141583
[11700]-2392.1754496868975
[11800]-2329.245761285172
[11900]-2266.0302060933304
[12000]-2203.171702132215
[12100]-2141.2981301462382
[12200]-2081.00904828565
[12300]-2022.8633363875128
[12400]-1967.3680071646686
[12500]-1914.9683919046042
[12600]-1866.039874920578
[12700]-1820.8813148209554
[12800]-1779.7102523951469
[12900]-1742.659965503009
[13000]-1709.7783914180418
[13100]-1681.0288977149353
[13200]-1656.2928445331468
[13300]-1635.3738448501547
[13400]-1618.003595854014
[13500]-1603.849124292458
[13600]-1592.5212623400098
[13700]-1583.5841485103942
[13800]-1576.565530891215
[13900]-1570.9676376031882
[14000]-1566.2783722716795
[14100]-1561.9825902539317
[14200]-1557.5732144927415
[14300]-1552.5619580053558
[14400]-1546.489432750866
[14500]-1538.9344418317955
[14600]-1529.5222730330256
[14700]-1517.9318362007896
[14800]-1503.9015142865949
[14900]-1487.2336274662282
[15000]-1467.7974408664575
[15100]-1445.530678451696
[15200]-1420.4395379206069
[15300]-1392.5972332185072
[15400]-1362.1411219850029
[15500]-1329.2685042097623
[15600]-1294.2312050175342
[15700]-1257.3290783476866
[15800]-1218.90258882905
[15900]-1179.3246460911546
[16000]-1138.9918786814628
[16100]-1098.3155435969882
[16200]-1057.7122719767117
[16300]-1017.5948517278119
[16400]-978.3632438804952
[16500]-940.3960213817727
[16600]-904.0424070900042
[16700]-869.6150722469522
[16800]-837.3838380396052
[16900]-807.5704014853906
[17000]-780.3441832011588
[17100]-755.8193693153457
[17200]-734.0531932102114
[17300]-715.0454757423774
[17400]-698.7394154445922
[17500]-685.023593694377
[17600]-673.7351343932288
[17700]-664.663933932032
[17800]-657.5578555054213
[17900]-652.1287627226873
[18000]-648.0592512329736
[18100]-645.0099240434633
[18200]-642.627046676601
[18300]-640.5504123249273
[18400]-638.4212448747438
[18500]-635.8899691176782
[18600]-632.6236824302006
[18700]-628.313170717223
[18800]-622.6793231291537
[18900]-615.4788146877602
[19000]-606.5089432974576
[19100]-595.6115270291475
[19200]-582.6757888801491
[19300]-567.6401787198379
[19400]-550.4931055515339
[19500]-531.2725768358241
[19600]-510.06476515354115
[19700]-487.0015452152998
[19800]-462.25706587964544
[19900]-436.04344179919076
[20000]-408.60566733651586
[20100]-380.2158709368565
[20200]-351.1670410942646
[20300]-321.7663650070497
[20400]-292.3283278790538
[20500]-263.1677244575458
[20600]-234.5927347703428
[20700]-206.89821311281125
[20800]-180.35933331139867
[20900]-155.22572422773308
[21000]-131.716217663212
[21100]-110.01431649655503
[21200]-90.26447438295524
[21300]-72.56926007357202
[21400]-56.98745970258149
[21500]-43.53314972715482
[21600]-32.17575206031287
[21700]-22.841061659677486
[21800]-15.413216013725213
[21900]-9.737555942669925
[22000]-5.624308345954291
[22100]-2.8530044268172214
[22200]-1.1775317428402854
[22300]-0.3317056337868971
[22400]-0.035235237893213395
[22500]4.8200956295177166e-05
[22600]0.06383768536013362
[22700]0.4410101327970299
[22800]1.4054366741374564
[22900]3.2140766943174537
[23000]6.101481656704966
[23100]10.27482503039989
[23200]15.909562517902899
[23300]23.14581249292376
[23400]32.08553041258278
[23500]42.790533395128975
[23600]55.28141244710905
[23700]69.53735045695642
[23800]85.4968444031562
[23900]103.05931076268007
[24000]122.08753414171218
[24100]142.41090121834864
[24200]163.8293454475615
[24300]186.1179130650558
[24400]209.03184800787503
[24500]232.3120826948944
[24600]255.6910134497205
[24700]278.8984338108435
[24800]301.66749618608736
[24900]323.7405723157592
[25000]344.87488580622124
[25100]364.84779548764675
[25200]383.46161641797767
[25300]400.54787583312776
[25400]415.97091396542567
[25500]429.630754159634
[25600]441.4651828002928
[25700]451.4509968257261
[25800]459.60439477487773
[25900]465.98050582226773
[26000]470.67206996729897
[26100]473.80730075710136
[26200]475.54697950468557
[26300]476.0808463996994
[26400]475.62336889037744
[26500]474.40898092966523
[26600]472.68689784147466
[26700]470.7156204701788
[26800]468.75724869006484
[26900]467.071728157107
[27000]465.91115540535594
[27100]465.51426482283773
[27200]466.1012168698637
[27300]467.86880020563893
[27400]470.986151219074
[27500]475.59108316909953
[27600]481.7871037982032
[27700]489.6411853364831
[27800]499.1823345169336
[27900]510.4009928554619
[28000]523.2492795489142
[28100]537.6420711245248
[28200]553.4588939298826
[28300]570.5465880390294
[28400]588.7226845144748
[28500]607.7794225973955
[28600]627.4883196355952
[28700]647.6051946025148
[28800]667.8755363173825
[28900]688.040099994252
[29000]707.8406108237717
[29100]727.02545086954
[29200]745.3552059534526
[29300]762.6079520189281
[29400]778.5841660847825
[29500]793.1111547922216
[29600]806.0469038995441
[29700]817.2832644085465
[29800]826.7484051194657
[29900]834.4084772633355
[30000]840.2684535522872
[30100]844.3721218406081
[30200]846.8012316820277
[30300]847.6738103309286
[30400]847.1416826091619
[30500]845.3872463138032
[30600]842.6195709735049
[30700]839.0699024567757
[30800]834.9866689926446
[30900]830.6300951232867
[31000]826.266538884058
[31100]822.1626737883579
[31200]818.5796409888944
[31300]815.7672979968345
[31400]813.9586887740967
[31500]813.3648557251249
[31600]814.1701072108227
[31700]816.5278449530182
[31800]820.5570440667384
[31900]826.339464917251
[32000]833.917660632191
[32100]843.2938273569551
[32200]854.4295265038166
[32300]867.24628972818
[32400]881.6270984927976
[32500]897.4187113387752
[32600]914.4347936739504
[32700]932.4597874973916
[32800]951.253442251929
[32900]970.5559134376797
[33000]990.0933228836776
[33100]1009.5836640784861
[33200]1028.7429278015372
[33300]1047.2913178186623
[33400]1064.9594235485754
[33500]1081.494216637731
[33600]1096.6647411591196
[33700]1110.2673727335127
[33800]1122.1305301078316
[33900]1132.118733479435
[34000]1140.1359169353636
[34100]1146.1279174478987
[34200]1150.0840797522585
[34300]1152.037934678312
[34400]1152.066927783296
[34500]1150.2911950871044
[34600]1146.8714028450527
[34700]1142.0056882904194
[34800]1135.9257575895926
[34900]1128.8922156668045
[35000]1121.1892194577854
[35100]1113.1185613508042
[35200]1104.993302666097
[35300]1097.131087745113
[35400]1089.8472773109866
[35500]1083.4480450452427
[35600]1078.223583641644
[35700]1074.4415659983163
[35800]1072.3410034121107
[35900]1072.1266360189575
[36000]1073.9639811524914
[36100]1077.9751530518288
[36200]1084.2355526037165
[36300]1092.7715089016472
[36400]1103.558935605665
[36500]1116.5230447968052
[36600]1131.5391395797517
[36700]1148.4344846469567
[36800]1166.991231649892
[36900]1186.950354095986
[37000]1208.0165250467762
[37100]1229.8638505060264
[37200]1252.142352544631
[37300]1274.485079267944
[37400]1296.5157040830802
[37500]1317.8564646558773
[37600]1338.1362827439207
[37700]1356.998899977856
[37800]1374.1108617552893
[37900]1389.1691818694376
[38000]1401.9085242594197
[38100]1412.1077453946216
[38200]1419.5956511006198
[38300]1424.2558349819783
[38400]1426.0304817953293
[38500]1424.9230377755803
[38600]1420.9996708224658
[38700]1414.3894661150778
[38800]1405.2833267870662
[38900]1393.9315742713807
[39000]1380.640268334448
[39100]1365.7662922268858
[39200]1349.7112732170358
[39300]1332.91443260383
[39400]1315.8444816630563
[39500]1298.9907003690328
[39600]1282.853353811075
[39700]1267.933616571074
[39800]1254.7231876100711
[39900]1243.6937872238987
[40000]1235.286733119373
[40100]1229.9027944994596
[40200]1227.8925211351311
[40300]1229.547238824926
[40400]1235.0908933751357
[40500]1244.67291243117
[40600]1258.3622384357252
[40700]1276.1426668386948
[40800]1297.9096018783478
[40900]1323.4683180386035
[41000]1352.533789291071
[41100]1384.7321206805138
[41200]1419.6035884105647
[41300]1456.6072657376787
[41400]1495.1271832091388
[41500]1534.479943734793
[41600]1573.923685975753
[41700]1612.6682642925157
[41800]1649.886490316419
[41900]1684.7262606357217
[42000]1716.3233774631497
[42100]1743.8148548020824
[42200]1766.3524919355423
[42300]1783.116489025272
[42400]1793.3288766575654
[42500]1796.266532136303
[42600]1791.273560328322
[42700]1777.772825824736
[42800]1755.2764359246462
[42900]1723.394990283603
[43000]1681.8454327061174
[43100]1630.4573631611402
[43200]1569.1776932776856
[43300]1498.073555890818
[43400]1417.3334081629482
[43500]1327.2662978685594
[43600]1228.2992932096008
[43700]1120.9731071874342
[43800]1005.9359779539204
[43900]883.9358957709353
[44000]755.8112949084102
Total: 44099