[0]3114.7719623087532
[100]-1.2983547350057734
[200]1706.5065317763151
[300]-0.09088536663227842
[400]284.9368685347655
[500]0.003578704201437688
[600]-569.4285450900888
[700]0.29068545762277154
[800]-1276.8828715693023
[900]1.6034178024266623
[1000]-987.1994892779057
[1100]2.35333121016491
[1200]-1328.3068310442168
[1300]5.162876585271476
[1400]-1659.1835580978461
[1500]4.782609405705813
[1600]-988.6926887182941
[1700]7.930015150745945
[1800]-1140.3176889579897
[1900]12.152572385607897
[2000]7108.386163714253
[2100]-5309.583214742958
[2200]5214.6653673791825
[2300]-16093.637300770095
[2400]-3745.3494428249414
[2500]4551.058305607355
[2600]-6542.576910685277
[2700]-23.788614828377998
[2800]5244.972110153902
[2900]-4360.450921999804
[3000]273.72065435486957
[3100]2923.3160979135514
[3200]-1975.4584923028256
[3300]892.8867467574787
[3400]2164.39926958162
[3500]-681.9983091295542
[3600]613.537573798258
[3700]-2062.715631601779
[3800]-503.34522531695404
[3900]1139.8964464380017
[4000]12014.411466038839
[4100]-8812.13386909651
[4200]-2364.124950968463
[4300]3038.3064930979463
[4400]11620.619783061784
[4500]-7392.524802262271
[4600]-3460.580989750426
[4700]107.67841041749715
[4800]3365.114603733083
[4900]6866.804982118297
[5000]-2954.5825891877353
[5100]-1274.320289669567
[5200]671.8503009394889
[5300]2329.963625419079
[5400]-2459.796083817636
[5500]-1132.3904199889712
[5600]-135.47994626800403
[5700]653.881007144729
[5800]1465.2751186059932
[5900]-1298.0319372760403
[6000]16459.880740733166
[6100]16920.992287931695
[6200]16146.05414056735
[6300]14709.205784284877
[6400]11635.750461775235
[6500]5507.252740468222
[6600]5655.239306201633
[6700]6121.651505261952
[6800]5498.42707971399
[6900]5980.603321407249
[7000]3062.7831602920387
[7100]2973.5132774683075
[7200]2853.74519970821
[7300]2238.2819839593635
[7400]2176.6569256685166
[7500]1117.8860902703686
[7600]1177.4847499995033
[7700]1086.6643877401857
[7800]1067.2534102813881
[7900]1085.7340432268388
[8000]543.546947362754
[8100]526.9428308042554
[8200]383.4552169769992
[8300]370.46176221432756
[8400]377.95790186449494
[8500]199.5632019362035
[8600]219.7483946808432
[8700]169.72148308027477
[8800]173.81790076319456
[8900]172.9248666822368
[9000]84.07233256879898
[9100]45.61319186926514
[9200]46.94460233164581
[9300]47.36247803229232
[9400]52.22184003978749
[9500]29.36840226590865
[9600]16.714024106577632
[9700]19.102897139614228
[9800]19.820750618074307
[9900]17.758187352307452
[10000]4.331989975024887
[10100]0.06594687266346844
[10200]-0.08905643916769734
[10300]1.3529874186536444
[10400]3.2506623785696833
[10500]-1.5553464730589635
[10600]-1.0918454867928837
[10700]-1.2849182777449828
[10800]-1.4458550900100846
[10900]-1.4466831927062715
[11000]-3.0311905903658216
[11100]-2.9290161259737326
[11200]-2.6845599347756264
[11300]-2.3705665980144155
[11400]-3.939697518726927
[11500]-1.7551512657404253
[11600]-1.74644623688382
[11700]-1.8147959166025511
[11800]-1.9647256612686725
[11900]-3.020105673621838
[12000]-1.5016001436013993
[12100]-1.445979100933577
[12200]-1.323715064617935
[12300]-1.361009745872479
[12400]-1.6146867888064977
[12500]-0.79939037333524
[12600]-0.8147834916187432
[12700]-0.8565024412879944
[12800]-1.1314834854724307
[12900]-1.130567528956833
[13000]-0.5567981703354187
[13100]-0.5211932208011785
[13200]-0.46985478479366694
[13300]-0.5784902286824445
[13400]-0.5664773767584163
[13500]-0.2952547365113079
[13600]-0.31144364644726485
[13700]-0.3842826590664239
[13800]-0.3921745058275846
[13900]-0.3791538593840397
[14000]-0.17703202695886447
[14100]-0.16471457642526077
[14200]-0.18051219427111054
[14300]-0.17799781974010156
[14400]-0.18786728665261634
[14500]-0.10264560422611786
[14600]-0.11562691409215267
[14700]-0.1337278107111407
[14800]-0.12884807422904132
[14900]-0.10967280369378803
[15000]-0.03689983025408087
[15100]-0.021048359825248622
[15200]0.005392912990616786
[15300]0.03067305143258039
[15400]0.05117023492848854
[15500]0.0323407482918275
[15600]0.031162018415708342
[15700]0.031010191046177707
[15800]0.028582785402689624
[15900]0.025961349505125672
[16000]0.01047608299612829
[16100]0.010054879708119477
[16200]0.010670951387693396
[16300]0.01153140070312845
[16400]0.012350870906361713
[16500]0.005582872626371475
[16600]0.005518516228598786
[16700]0.005363594250043809
[16800]0.005144978545411413
[16900]0.004831549244272449
[17000]0.0019818175884393358
[17100]0.002053125163550358
[17200]0.0021641840012263363
[17300]0.0023360605143982163
[17400]0.00193912701052824
[17500]0.0009874856094314176
[17600]0.0009657500288445706
[17700]0.0009127662219013177
[17800]0.0008911165360652783
[17900]0.0006444320108702629
[18000]0.00033587933818102195
[18100]0.00036493007263267425
[18200]0.0003922116658963011
[18300]0.0003178955729249653
[18400]0.00030130870120352615
[18500]0.00014960468359290872
[18600]0.0001407540917006663
[18700]0.00013399286180941245
[18800]7.879066076081127e-05
[18900]7.856668348650153e-05
[19000]4.5353315954725596e-05
[19100]5.188361316703386e-05
[19200]5.7377137649266215e-05
[19300]3.0926532603460645e-05
[19400]2.7963545496434546e-05
[19500]1.2431276639311155e-05
[19600]1.1560092670386956e-05
[19700]-5.4141780031819254e-06
[19800]-2.5840031378346667e-06
[19900]3.7684320800307533e-07
[20000]1.231686049917202e-06
[20100]2.713942795719699e-06
[20200]-3.952895669781059e-06
[20300]-4.23327771261965e-06
[20400]-4.718004963680172e-06
[20500]-2.925620373327417e-06
[20600]-5.404167383058942e-06
[20700]-6.40439573745817e-06
[20800]-5.9102663717210496e-06
[20900]-4.9312018864128334e-06
[21000]-2.0876656673609474e-06
[21100]-3.7413303433492577e-06
[21200]-3.831835249797337e-06
[21300]-4.016480088239489e-06
[21400]-4.290918116830232e-06
[21500]-2.1197606033758933e-06
[21600]-3.01208260414353e-06
[21700]-2.8917227281813193e-06
[21800]-2.6718500222105004e-06
[21900]-2.476497421492589e-06
[22000]-1.6794146784940324e-06
[22100]-1.6387876560728355e-06
[22200]-1.7143355268094376e-06
[22300]-1.793621008698331e-06
[22400]-1.845813076528553e-06
[22500]-1.1471581901394764e-06
[22600]-1.092506607629593e-06
[22700]-1.0115692155202377e-06
[22800]-9.576216934919038e-07
[22900]-1.0267537084394331e-06
[23000]-5.736326979620386e-07
[23100]-6.03427658815184e-07
[23200]-6.305103657672819e-07
[23300]-6.527258012902274e-07
[23400]-7.649630303102645e-07
[23500]-3.670131028490931e-07
[23600]-3.4409963648374795e-07
[23700]-3.1441781140381717e-07
[23800]-2.9152809210062326e-07
[23900]-3.6002543300703496e-07
[24000]-1.9220385452937226e-07
[24100]-2.1188724114966572e-07
[24200]-2.3070390924705875e-07
[24300]-2.633077787249625e-07
[24400]-2.4044613638985123e-07
[24500]-9.543285881282427e-08
[24600]-5.657430437778165e-08
[24700]-9.287794609681677e-09
[24800]2.7328484411643444e-08
[24900]7.267524668016534e-08
[25000]5.3046799319672415e-08
[25100]6.278849173095985e-08
[25200]6.304783669378486e-08
[25300]5.5454549940892934e-08
[25400]5.0543302652452514e-08
[25500]2.3170070199824698e-08
[25600]2.200896271229293e-08
[25700]1.873956848901223e-08
[25800]2.0222658011178954e-08
[25900]2.1788277795830026e-08
[26000]1.1649883360329183e-08
[26100]1.2114764493730273e-08
[26200]9.992104206926069e-09
[26300]9.637282645720003e-09
[26400]9.050776501912902e-09
[26500]4.394140865499647e-09
[26600]3.5761891416384518e-09
[26700]3.7341810790804596e-09
[26800]4.05792942880886e-09
[26900]4.32558875493795e-09
[27000]2.182739204080103e-09
[27100]1.7643597546722987e-09
[27200]1.6948310270842347e-09
[27300]1.6106412097915893e-09
[27400]1.5825589570792255e-09
[27500]7.543511266635705e-10
[27600]6.088109240268412e-10
[27700]6.610191449342571e-10
[27800]7.030638536849737e-10
[27900]7.479496665678756e-10
[28000]2.593748411328592e-10
[28100]2.486166927208487e-10
[28200]2.339098388796961e-10
[28300]2.257679086437497e-10
[28400]2.312716272334054e-10
[28500]6.471519658070762e-11
[28600]7.971166993495001e-11
[28700]8.90898165983422e-11
[28800]9.58761648979897e-11
[28900]4.771874577695588e-11
[29000]1.8149157518849176e-11
[29100]1.6304718716874153e-11
[29200]1.3116187435819174e-11
[29300]1.298131964336692e-11
[29400]-9.040065722386888e-12
[29500]-2.9740434553422823e-12
[29600]3.590979648693383e-13
[29700]3.0765331527721377e-12
[29800]1.8260606293683997e-12
[29900]-1.1516634992692538e-11
[30000]-6.660938717035111e-12
[30100]-7.586910874949328e-12
[30200]-7.1878054280457425e-12
[30300]-1.3838953597037798e-11
[30400]-1.2121604877910773e-11
[30500]-5.257370965279582e-12
[30600]-4.950698421505435e-12
[30700]-4.5692518878679435e-12
[30800]-8.384684978706776e-12
[30900]-8.837054225014004e-12
[31000]-4.561494140534734e-12
[31100]-4.602544094488918e-12
[31200]-5.829978217838049e-12
[31300]-5.809417088034008e-12
[31400]-5.3199047220302446e-12
[31500]-2.5084331577289687e-12
[31600]-2.4634102832453764e-12
[31700]-3.341097029895391e-12
[31800]-3.562436117792968e-12
[31900]-3.680093490858527e-12
[32000]-1.8693738993242318e-12
[32100]-1.8038661186319192e-12
[32200]-2.118758135817033e-12
[32300]-2.009202895670308e-12
[32400]-1.8992614218623563e-12
[32500]-9.206155699858133e-13
[32600]-1.1924546184574275e-12
[32700]-1.2227577219847676e-12
[32800]-1.2765710288305931e-12
[32900]-1.3168422304788063e-12
[33000]-6.43135791778125e-13
[33100]-7.115163286685665e-13
[33200]-6.577862148782073e-13
[33300]-6.065544448402326e-13
[33400]-5.978415464818929e-13
[33500]-3.450375090310798e-13
[33600]-3.959668780180277e-13
[33700]-4.362056051059438e-13
[33800]-4.582002658894326e-13
[33900]-4.464128148903765e-13
[34000]-2.1944232031368528e-13
[34100]-1.6086063467811734e-13
[34200]-7.804676059288088e-14
[34300]1.701976659041658e-14
[34400]1.1306026843576524e-13
[34500]8.147266356294477e-14
[34600]1.0728876781220375e-13
[34700]1.196420618777189e-13
[34800]1.192986858566593e-13
[34900]9.754695221690657e-14
[35000]4.473725777426263e-14
[35100]4.102498957204228e-14
[35200]4.000254104610514e-14
[35300]4.1507219755014917e-14
[35400]3.769275931926084e-14
[35500]2.061843771868482e-14
[35600]2.1847308758453294e-14
[35700]2.190129849358032e-14
[35800]1.9745720096295075e-14
[35900]1.7111854931908458e-14
[36000]8.065814329753276e-15
[36100]8.029111450477476e-15
[36200]8.198058117404125e-15
[36300]7.029424727831858e-15
[36400]7.55115617883608e-15
[36500]3.916797163192419e-15
[36600]4.006693648139759e-15
[36700]4.035995185903461e-15
[36800]2.934102248072946e-15
[36900]2.832753500101532e-15
[37000]1.3930554734281525e-15
[37100]1.4126937547372713e-15
[37200]1.0646074964952233e-15
[37300]1.2052731762396852e-15
[37400]1.2807278617746274e-15
[37500]6.6045134046516e-16
[37600]6.304921331339593e-16
[37700]4.070086571245627e-16
[37800]3.835531237201874e-16
[37900]3.7159733317036207e-16
[38000]1.9635039155715086e-16
[38100]1.820456826006887e-16
[38200]1.3010598189751734e-16
[38300]1.4955331916692904e-16
[38400]1.6269546632514234e-16
[38500]7.99723989852668e-17
[38600]2.115384944030783e-17
[38700]1.7156432626573212e-17
[38800]1.0807161731013186e-17
[38900]1.5318984489468367e-17
[39000]1.3162123680705061e-17
[39100]-9.442521127678312e-18
[39200]-3.1516906407452327e-18
[39300]-1.9127122560383254e-18
[39400]-2.3918529286136426e-18
[39500]-1.523074954164127e-17
[39600]-1.7414259346721012e-17
[39700]-1.7482440568458827e-17
[39800]-1.658230557352889e-17
[39900]-1.5709358086591468e-17
[40000]-1.2523186120544675e-17
[40100]-1.120044406814923e-17
[40200]-1.0623981198921659e-17
[40300]-1.0349562348346848e-17
[40400]-1.2627082774342383e-17
[40500]-9.33669623930063e-18
[40600]-9.64095042335902e-18
[40700]-9.629310223673995e-18
[40800]-8.899388620408559e-18
[40900]-1.1539524780353895e-17
[41000]-5.377117222051337e-18
[41100]-5.142903397064285e-18
[41200]-5.135784113317087e-18
[41300]-5.293893836280397e-18
[41400]-7.337352622205661e-18
[41500]-3.71285492875451e-18
[41600]-3.74448893968573e-18
[41700]-3.601242475399739e-18
[41800]-4.131293194075549e-18
[41900]-3.94997361555436e-18
[42000]-1.8770363000238337e-18
[42100]-1.8867690624348766e-18
[42200]-1.9753036834077727e-18
[42300]-2.4705668246444038e-18
[42400]-2.600457367526847e-18
[42500]-1.2995478753171385e-18
[42600]-1.2411170769697296e-18
[42700]-1.1732363485863174e-18
[42800]-1.2562426891323215e-18
[42900]-1.1872123587487066e-18
[43000]-6.001930221576486e-19
[43100]-6.356031317198285e-19
[43200]-8.218572604536968e-19
[43300]-8.7890574789752e-19
[43400]-9.014739097802098e-19
[43500]-4.245113756070952e-19
[43600]-3.398944703357648e-19
[43700]-2.596472632110425e-19
[43800]-8.8643481668028e-20
[43900]9.692445826771093e-20
[44000]1.3282774466473938e-19
[44100]1.7701970286813953e-19
[44200]2.1074882101678793e-19
[44300]2.249752549681193e-19
[44400]2.1743776737708234e-19
[44500]1.0011670759320321e-19
[44600]7.881146267105231e-20
[44700]7.340872466620878e-20
[44800]7.387602301105176e-20
[44900]7.832341051537157e-20
[45000]4.260120007273878e-20
[45100]3.903753148608395e-20
[45200]4.004539805924366e-20
[45300]3.9771433439021605e-20
[45400]3.8582701373490324e-20
[45500]1.4709899026038e-20
[45600]1.4526050988420812e-20
[45700]1.4661216031866502e-20
[45800]1.5083278449620197e-20
[45900]1.613506610276442e-20
[46000]6.840162837178552e-21
[46100]7.183183614732474e-21
[46200]7.25614054427968e-21
[46300]6.94825479196881e-21
[46400]5.676641831816151e-21
[46500]2.453326898156038e-21
[46600]2.4310322161705567e-21
[46700]2.5888953844229364e-21
[46800]2.7992124152773195e-21
[46900]2.17353755028981e-21
[47000]1.1408119023680075e-21
[47100]1.1552548120505782e-21
[47200]1.1129887260171373e-21
[47300]1.0952238401293112e-21
[47400]6.156595338718307e-22
[47500]3.088093693779246e-22
[47600]3.3325644679917485e-22
[47700]3.6828036345189696e-22
[47800]1.9699949283707345e-22
[47900]2.4963799978309034e-22
[48000]1.2669902383252305e-22
[48100]1.201713978630331e-22
[48200]1.0790376882290413e-22
[48300]-5.657479585159254e-24
[48400]-2.161979235306822e-24
[48500]6.762696061907134e-24
[48600]1.396731313994412e-23
[48700]1.3810453995785016e-24
[48800]-1.84063581843182e-23
[48900]-1.627217847345365e-23
[49000]-8.301197599468377e-24
[49100]-1.1686547020758254e-23
[49200]-3.87920124137132e-23
[49300]-3.9319791430824675e-23
[49400]-3.845309761718126e-23
[49500]-1.6393913913890075e-23
[49600]-1.2071681101182807e-23
[49700]-2.4246914129339444e-23
[49800]-2.2919288456007085e-23
[49900]-2.358001123116417e-23
[50000]-1.2900534580305513e-23
[50100]-2.0161809969605286e-23
[50200]-2.0147452646117413e-23
[50300]-1.9427544945705322e-23
[50400]-1.807698183043239e-23
[50500]-8.540113328034e-24
[50600]-1.085639924206442e-23
[50700]-1.0559116728341326e-23
[50800]-1.0789538175651454e-23
[50900]-1.1197842693271812e-23
[51000]-6.340730728489696e-24
[51100]-7.595419623001969e-24
[51200]-7.461892557223154e-24
[51300]-7.029250932315934e-24
[51400]-6.5416928620261546e-24
[51500]-3.855649383178814e-24
[51600]-3.765873481312854e-24
[51700]-3.8580195735655844e-24
[51800]-4.03195539254758e-24
[51900]-4.2105475692816184e-24
[52000]-2.5901264685152328e-24
[52100]-2.5390997021912345e-24
[52200]-2.429242166404885e-24
[52300]-2.2361099518070824e-24
[52400]-2.4337715379708757e-24
[52500]-1.187040735148149e-24
[52600]-1.2109912683771024e-24
[52700]-1.3141376132958808e-24
[52800]-1.4721937115786794e-24
[52900]-1.7576918720205166e-24
[53000]-8.763057865728863e-25
[53100]-7.791610943882012e-25
[53200]-5.758134928816904e-25
[53300]-3.0969144234536014e-25
[53400]-4.453184885881917e-26
[53500]1.4997945678654622e-25
[53600]2.9635146406585784e-25
[53700]4.039980056815196e-25
[53800]4.060806357735334e-25
[53900]4.132259005480984e-25
[54000]1.948040562322426e-25
[54100]1.7746130149371063e-25
[54200]1.6410132565841321e-25
[54300]1.3262198222057967e-25
[54400]1.3786235815341943e-25
[54500]7.409861543739757e-26
[54600]8.012930933823243e-26
[54700]7.304231584474389e-26
[54800]7.326901879644222e-26
[54900]7.21636046075382e-26
[55000]3.4238209523365475e-26
[55100]3.255632014979101e-26
[55200]2.628872882273006e-26
[55300]2.631475243840806e-26
[55400]2.811174214699637e-26
[55500]1.5168677963288546e-26
[55600]1.5597212789085316e-26
[55700]1.3117346245985276e-26
[55800]1.2851555451525355e-26
[55900]1.2259510834644965e-26
[56000]5.971055427504982e-27
[56100]4.117451066874621e-27
[56200]4.385134251258971e-27
[56300]4.701751453629127e-27
[56400]4.9854623502895774e-27
[56500]2.6984179402287928e-27
[56600]1.987573947556734e-27
[56700]1.966015691859089e-27
[56800]1.901823047281514e-27
[56900]1.7925403544805237e-27
[57000]5.633083685565923e-28
[57100]4.995253127593171e-28
[57200]5.721886298779973e-28
[57300]6.554058832351066e-28
[57400]7.311838087317625e-28
[57500]1.9497113890986352e-28
[57600]1.8864720069559345e-28
[57700]1.7398318183632872e-28
[57800]1.4951455646275472e-28
[57900]1.4468168579645035e-28
[58000]-1.8483431728352502e-29
[58100]-1.026018243186578e-29
[58200]1.0385451858726461e-29
[58300]3.340898866937816e-29
[58400]-6.428107493722155e-29
[58500]-2.638325475551725e-29
[58600]-2.980069892619283e-29
[58700]-3.8173893971429297e-29
[58800]-4.0603582328720094e-29
[58900]-9.043795002185774e-29
[59000]-4.036951604549227e-29
[59100]-3.425266064059283e-29
[59200]-3.069521632360511e-29
[59300]-4.2048430517654506e-29
[59400]-5.0303306285577433e-29
[59500]-2.6722405713314186e-29
[59600]-2.7737963374767103e-29
[59700]-2.8679623207964265e-29
[59800]-4.059238407717456e-29
[59900]-3.919627443967945e-29
[60000]-1.8195795178465456e-29
[60100]-1.6813763779462034e-29
[60200]-1.5274678706815009e-29
[60300]-2.183456640085231e-29
[60400]-2.234198016080979e-29
[60500]-1.1702707641050002e-29
[60600]-1.2220591064752013e-29
[60700]-1.5455833598299487e-29
[60800]-1.4654304317691198e-29
[60900]-1.388138855569307e-29
[61000]-6.47279923959134e-30
[61100]-6.171722105482095e-30
[61200]-7.65786366663899e-30
[61300]-7.851027933339235e-30
[61400]-8.195525409632923e-30
[61500]-4.31638578360757e-30
[61600]-4.7067933678165245e-30
[61700]-5.0017742833134075e-30
[61800]-4.674330099597121e-30
[61900]-4.261286769537141e-30
[62000]-1.996349153033199e-30
[62100]-2.3422273539068368e-30
[62200]-2.4709112286493365e-30
[62300]-2.7388908214492162e-30
[62400]-2.981837316040339e-30
[62500]-1.5309952124534264e-30
[62600]-1.6651116828361086e-30
[62700]-1.3935570826837528e-30
[62800]-9.363964546499795e-31
[62900]-3.4134004982247012e-31
[63000]6.751931013858961e-32
[63100]3.83506252175035e-31
[63200]6.399898263068009e-31
[63300]7.99665286416493e-31
[63400]8.534077130148895e-31
[63500]3.748445508170188e-31
[63600]3.459885613757196e-31
[63700]3.128954321347176e-31
[63800]2.9361397658154507e-31
[63900]2.769405542403415e-31
[64000]1.2880815703078768e-31
[64100]1.4021677048044825e-31
[64200]1.519694586724011e-31
[64300]1.5786248691878388e-31
[64400]1.341246157768203e-31
[64500]6.413936483325418e-32
[64600]6.087588183973602e-32
[64700]5.872759208086097e-32
[64800]5.910198655519206e-32
[64900]4.850482002863396e-32
[65000]2.6305937803093535e-32
[65100]2.774463492831339e-32
[65200]2.8869243404028233e-32
[65300]2.3396027874426958e-32
[65400]2.2428073690919201e-32
[65500]1.084578603836931e-32
[65600]1.053232206698716e-32
[65700]1.019538202910527e-32
[65800]7.872493351325139e-33
[65900]8.304512214687998e-33
[66000]4.582243991517647e-33
[66100]4.896762340499215e-33
[66200]4.6386852910331085e-33
[66300]3.362935615432291e-33
[66400]3.1556297300108846e-33
[66500]1.4702179921908887e-33
[66600]1.5051370134438859e-33
[66700]8.138533435881757e-34
[66800]9.652566916554307e-34
[66900]1.1268502966615727e-33
[67000]6.295427568875302e-34
[67100]6.589728359006102e-34
[67200]2.5431334263558828e-34
[67300]2.107171313830786e-34
[67400]1.820691956516666e-34
[67500]8.475856564059988e-35
[67600]-6.810038957882212e-35
[67700]-5.266193807863538e-35
[67800]-4.410623615682363e-36
[67900]2.206018962173226e-35
[68000]1.5684127498267572e-35
[68100]-7.232104464056372e-35
[68200]-9.031408779811589e-35
[68300]-9.743848865075838e-35
[68400]-9.521036528220783e-35
[68500]-4.942037626163588e-35
[68600]-8.264912705151276e-35
[68700]-7.588549690281464e-35
[68800]-6.658973330685144e-35
[68900]-6.004597898360817e-35
[69000]-5.659601094121869e-35
[69100]-5.709108070536327e-35
[69200]-5.973615764600897e-35
[69300]-6.246688712704176e-35
[69400]-5.963785241534498e-35
[69500]-3.948485298923184e-35
[69600]-3.6626475648847957e-35
[69700]-3.3790150834604e-35
[69800]-3.257402689115727e-35
[69900]-4.2297679553922086e-35
[70000]-2.3244155748768471e-35
[70100]-2.438382755194651e-35
[70200]-2.465866433605265e-35
[70300]-2.4357459566289184e-35
[70400]-2.877103042473927e-35
[70500]-1.3606987720612637e-35
[70600]-1.2738334407571658e-35
[70700]-1.2349595068119137e-35
[70800]-1.238111231258268e-35
[70900]-1.5864565722612082e-35
[71000]-8.420986218145896e-36
[71100]-8.685524395780954e-36
[71200]-8.558157655774223e-36
[71300]-9.775279734736641e-36
[71400]-8.917365895849402e-36
[71500]-4.141868821424451e-36
[71600]-3.9575043406468926e-36
[71700]-4.025206961066384e-36
[71800]-5.1334621956380104e-36
[71900]-5.603632335070519e-36
[72000]-2.9954283661196457e-36
[72100]-3.038741775032538e-36
[72200]-2.962063172041305e-36
[72300]-2.430400173726278e-36
[72400]-1.4394291014852622e-36
[72500]-9.755947087217347e-38
[72600]5.421296265164727e-37
[72700]9.19371361923247e-37
[72800]1.3253282446746556e-36
[72900]1.5400615683261025e-36
[73000]7.988153529257503e-37
[73100]7.705794977455582e-37
[73200]6.091005464480676e-37
[73300]5.55178930450498e-37
[73400]5.297256309152615e-37
[73500]2.684181831483399e-37
[73600]2.39263734843674e-37
[73700]2.6677769300740795e-37
[73800]2.8324522327038136e-37
[73900]2.899635346958567e-37
[74000]1.4255510910464286e-37
[74100]1.136063226457016e-37
[74200]1.084868482019444e-37
[74300]1.0534010336478966e-37
[74400]1.069355719971318e-37
[74500]5.107399920163052e-38
[74600]4.81423260063009e-38
[74700]5.117260676969649e-38
[74800]5.314191152427027e-38
[74900]5.250879043497634e-38
[75000]1.9949639809548923e-38
[75100]1.8994863474210653e-38
[75200]1.81160251046929e-38
[75300]1.8554971065473392e-38
[75400]2.0239344970921372e-38
[75500]7.615992050361462e-39
[75600]8.351732554813825e-39
[75700]8.556757194141414e-39
[75800]8.537101942518686e-39
[75900]5.363739418574871e-39
[76000]2.5180480499671107e-39
[76100]2.4715712091658668e-39
[76200]2.536350475831367e-39
[76300]2.612526418996698e-39
[76400]1.6071441956878385e-39
[76500]9.559149590409943e-40
[76600]1.0334638886686366e-39
[76700]1.0631309313094172e-39
[76800]7.997020744851746e-40
[76900]2.03919997047909e-40
[77000]7.467697038630971e-41
[77100]7.96628108328203e-41
[77200]1.4072930502085996e-40
[77300]-1.4278498028224091e-40
[77400]-7.962786498008162e-41
[77500]-1.7662119265722156e-41
[77600]-9.674227310380214e-42
[77700]-1.4577917640170447e-41
[77800]-2.223872310401048e-40
[77900]-2.277782305026688e-40
[78000]-1.1787359909285986e-40
[78100]-1.072600527167377e-40
[78200]-1.7258407708680727e-40
[78300]-1.591322143113522e-40
[78400]-1.4134529428398485e-40
[78500]-6.988681010333594e-41
[78600]-7.556106013035513e-41
[78700]-1.218250174789846e-40
[78800]-1.2958151004308518e-40
[78900]-1.2819737521583901e-40
[79000]-6.041151500887679e-41
[79100]-6.048115665928384e-41
[79200]-7.250436232746182e-41
[79300]-6.879785027792399e-41
[79400]-6.860573101629056e-41
[79500]-3.460276119534271e-41
[79600]-4.784991504407379e-41
[79700]-4.944757924689503e-41
[79800]-4.982429112216445e-41
[79900]-4.87566833909773e-41
[80000]-2.258869509434449e-41
[80100]-2.66656434335111e-41
[80200]-2.534490013927773e-41
[80300]-2.4890780945576117e-41
[80400]-2.564988375069386e-41
[80500]-1.6078437059869952e-41
[80600]-1.70490091110159e-41
[80700]-1.7205603661770376e-41
[80800]-1.6878979997476185e-41
[80900]-1.5875660846080462e-41
[81000]-8.5029156926536e-42
[81100]-8.063985866690696e-42
[81200]-7.858338388064773e-42
[81300]-8.211357911674757e-42
[81400]-9.152318225883594e-42
[81500]-5.6791583339590953e-42
[81600]-6.007970927443136e-42
[81700]-5.815345695619524e-42
[81800]-4.9264030212945686e-42
[81900]-4.147127729521313e-42
[82000]-9.723781425033214e-43
[82100]2.4143256655868143e-43
[82200]1.3912290897140386e-42
[82300]2.37036385681632e-42
[82400]2.6558741190452655e-42
[82500]1.4685352122472958e-42
[82600]1.4654851906847922e-42
[82700]1.3607545952331211e-42
[82800]1.1083905796864906e-42
[82900]9.844036280300351e-43
[83000]4.80375450617441e-43
[83100]5.062897332578917e-43
[83200]5.47219607321443e-43
[83300]5.030841974207419e-43
[83400]5.263366733249178e-43
[83500]2.6550840295914003e-43
[83600]2.5716720218170064e-43
[83700]2.468669494314276e-43
[83800]1.948545918771088e-43
[83900]1.8999060575300916e-43
[84000]9.816391754429035e-44
[84100]1.0474014671553893e-43
[84200]8.74888160486899e-44
[84300]9.45984903767778e-44
[84400]9.507487028154149e-44
[84500]4.651013383121467e-44
[84600]4.488874917402654e-44
[84700]3.19608722511385e-44
[84800]3.2157447699390525e-44
[84900]3.371483722855676e-44
[85000]1.7693928267688618e-44
[85100]1.583243052740306e-44
[85200]1.4857751038677164e-44
[85300]1.5023794190829717e-44
[85400]1.5000526387530782e-44
[85500]7.175637536251435e-45
[85600]4.201790847242407e-45
[85700]4.043657381833208e-45
[85800]4.111752331365218e-45
[85900]4.7297668370256417e-45
[86000]2.7942420579833397e-45
[86100]1.547141123990148e-45
[86200]1.6844205036885912e-45
[86300]1.636251673638979e-45
[86400]1.4492951455677803e-45
[86500]-5.885610318367552e-47
[86600]-1.2611376587854638e-47
[86700]2.0049510574709936e-47
[86800]1.3442206985064752e-46
[86900]2.608351152959632e-46
[87000]-1.466454384599572e-46
[87100]-1.0568306386907953e-46
[87200]-1.1882396432988429e-46
[87300]-1.4626478891578203e-46
[87400]-3.3068190509572512e-46
[87500]-2.720757827754717e-46
[87600]-2.6050218629597367e-46
[87700]-2.2541936076930812e-46
[87800]-1.9154513807644697e-46
[87900]-3.2229915061612067e-46
[88000]-1.5246646978005308e-46
[88100]-1.5891666904258198e-46
Total: 88200