[0]6112.88157893173
[100]4771.799101533361
[200]3393.8643439610196
[300]1989.5763227890975
[400]569.7846701269768
[500]-427.22719270823126
[600]-1136.012653024506
[700]-1835.9507353757726
[800]-2521.6459970447627
[900]-3187.892408135215
[1000]-1914.8709517263367
[1100]-2221.2844319079777
[1200]-2511.064759605233
[1300]-2782.30767657677
[1400]-3033.3498451179807
[1500]-1631.3941912944997
[1600]-1734.7481749367325
[1700]-1826.3169878305155
[1800]-1905.827735313882
[1900]-1973.155679964918
[2000]6574.508672644651
[2100]5915.0412327636695
[2200]-1423.2759097777634
[2300]-10029.131709418032
[2400]15836.792213675204
[2500]2429.8527529229395
[2600]-1509.7295040931458
[2700]-5016.6518087725735
[2800]6595.177375764815
[2900]2461.8598375344177
[3000]-991.3951666860074
[3100]-3047.039365272719
[3200]2538.039097834008
[3300]933.8562800305051
[3400]-992.0662086424342
[3500]-1653.2800663655282
[3600]1411.7189350880415
[3700]292.02574341858053
[3800]-640.1640608750433
[3900]-1489.0769549405954
[4000]9557.20205445623
[4100]118.20191890631793
[4200]2553.746625299505
[4300]-875.6205541688047
[4400]-2870.006367938576
[4500]61.93947799378331
[4600]-4831.701152608484
[4700]-462.19717428826925
[4800]-6607.718828809523
[4900]271.7938588550454
[5000]-4199.726521068003
[5100]100.0815711556017
[5200]-4138.18995899708
[5300]422.8792548866643
[5400]-4215.407556398294
[5500]333.41644459057824
[5600]-1783.408711797248
[5700]334.7560761710255
[5800]-1693.3270767517965
[5900]492.9664898030228
[6000]10109.77461330297
[6100]-10932.49867967735
[6200]-9663.091881468234
[6300]-5616.214336175738
[6400]-2500.7864287764305
[6500]1304.8115447392865
[6600]2610.324969845477
[6700]4504.564090746339
[6800]5480.05501158519
[6900]-7389.503639831465
[7000]-3244.4094956841227
[7100]-1774.9490027058355
[7200]-1005.1119324910453
[7300]75.73210571697314
[7400]579.9658784217611
[7500]908.334557530996
[7600]1376.3256187926856
[7700]2117.628520721568
[7800]-1663.6414538901197
[7900]-1046.2477866790857
[8000]-408.2154725759423
[8100]-149.6061975865605
[8200]44.305985056602786
[8300]374.22906685913125
[8400]531.5689979448447
[8500]360.46239079022024
[8600]-227.88681605418992
[8700]-368.0946712574102
[8800]-289.19443791754986
[8900]-120.4667239216832
[9000]-12.200742225178168
[9100]54.926542679141946
[9200]85.85786839983425
[9300]163.180309759586
[9400]247.32061687639268
[9500]-119.04376362937734
[9600]-79.16949373421431
[9700]-42.47943928951672
[9800]-25.986291438547127
[9900]7.182423172504942
[10000]15.94089587851924
[10100]36.403511963390734
[10200]45.99215515205215
[10300]21.580217553985396
[10400]-45.58711227921866
[10500]-16.71267021363644
[10600]-11.282394111327342
[10700]-0.9943825730602811
[10800]4.764102866900565
[10900]12.883217784060484
[11000]8.342866577522798
[11100]13.532117079898187
[11200]-16.81612519791098
[11300]-10.439584829851434
[11400]-6.743156454231499
[11500]-1.098141331508923
[11600]-0.1173511047115259
[11700]1.986984094469935
[11800]3.652073459971301
[11900]6.342848290529043
[12000]3.3930942771087746
[12100]-2.641515981971201
[12200]-2.1831787163823018
[12300]-1.2891486937555547
[12400]-0.6119851368579301
[12500]0.33896588187150056
[12600]0.7043366608649467
[12700]1.1891229725596497
[12800]1.3411411679541816
[12900]-1.3548056498526038
[13000]-0.7624583473126417
[13100]-0.4258769534656412
[13200]-0.229006746140025
[13300]0.06557309024763888
[13400]0.18080638020047288
[13500]0.22354444001304827
[13600]0.33191609389517385
[13700]0.5438861074818623
[13800]-0.4264415607641341
[13900]-0.2640337640398952
[14000]-0.0912597083368291
[14100]-0.04412048978683246
[14200]0.012973517049062654
[14300]0.07234789396441961
[14400]0.1378691986281793
[14500]0.08275228765265323
[14600]-0.013145815517916794
[14700]-0.09777697172898013
[14800]-0.06854686054550876
[14900]-0.044509384523493754
[15000]-0.0017424335208255442
[15100]0.007246308535988825
[15200]0.022838617561491026
[15300]0.03197108300974359
[15400]0.05771309448738515
[15500]-0.033750789262658
[15600]-0.019620071689972478
[15700]-0.013143399436921215
[15800]-0.005331214781370999
[15900]-0.0011842635512689307
[16000]0.003946573038129271
[16100]0.007372452878701275
[16200]0.011971894447754447
[16300]0.00835582819703354
[16400]-0.010332630663659408
[16500]-0.004629240434907794
[16600]-0.0026526742418016853
[16700]-0.0011738145861547172
[16800]0.0013696785628194699
[16900]0.0025063977382079436
[17000]0.002154843196762743
[17100]0.002673021301250904
[17200]-0.003644665589906434
[17300]-0.0030199157280885874
[17400]-0.0016401305153983263
[17500]-0.00046019745220438296
[17600]5.00134466217359e-05
[17700]0.0003059599140608466
[17800]0.0008829904239761337
[17900]0.0013409417101294902
[18000]0.0009898249176923087
[18100]-0.0007650030924394029
[18200]-0.0005006065898026023
[18300]-0.00039338460115816436
[18400]-0.00013207064351200104
[18500]2.7823500858894657e-05
[18600]0.00018182445663607593
[18700]0.0002501829962865081
[18800]0.00034658777469109646
[18900]-0.00025919698242672597
[19000]-0.00017600855295494218
[19100]-0.00013562683790277146
[19200]-5.237575092906249e-05
[19300]-9.321816812663244e-06
[19400]5.244277615318127e-05
[19500]4.2267511190036665e-05
[19600]8.02314357937205e-05
[19700]0.00012055030663516393
[19800]-0.00011090129052991935
[19900]-7.307294924183379e-05
[20000]-2.0002555161296087e-05
[20100]-1.2526327473992429e-05
[20200]3.6044281636300806e-06
[20300]1.613954479969893e-05
[20400]3.5509847324296456e-05
[20500]2.1590869769269345e-05
[20600]7.372689649724237e-06
[20700]-2.1808848464251574e-05
[20800]-1.556507276976352e-05
[20900]-1.0505066906782722e-05
[21000]-2.5721484889715953e-07
[21100]2.4627135485067266e-06
[21200]6.270548175007007e-06
[21300]8.066852238553326e-06
[21400]1.3285388114377385e-05
[21500]-8.008387010153086e-06
[21600]-4.85743942481194e-06
[21700]-3.138560876621411e-06
[21800]-1.0933272809795856e-06
[21900]-5.922801261111853e-08
[22000]9.804176653424673e-07
[22100]1.7765892611811358e-06
[22200]3.0312944637836165e-06
[22300]3.031339025550432e-06
[22400]-2.43873187317834e-06
[22500]-1.0504250274452352e-06
[22600]-5.931282760568042e-07
[22700]-2.6202543726675417e-07
[22800]3.692564450927831e-07
[22900]6.782164488952448e-07
[23000]5.757057599234296e-07
[23100]6.556883093045542e-07
[23200]-7.094201825683e-07
[23300]-7.226284147044186e-07
[23400]-4.0383688153202384e-07
[23500]-1.0147714804852118e-07
[23600]1.547873469429895e-08
[23700]8.639457130908324e-08
[23800]1.973916562695413e-07
[23900]3.2613557867867883e-07
[24000]2.4464243665700073e-07
[24100]-1.9746186331757428e-07
[24200]-1.3741474550392634e-07
[24300]-8.601940906897584e-08
[24400]-5.452202281288608e-08
[24500]7.101078172882607e-09
[24600]3.154525356623931e-08
[24700]6.673086378230839e-08
[24800]7.506972269307439e-08
[24900]-2.427361971192675e-08
[25000]-4.710030740481666e-08
[25100]-3.184068288039771e-08
[25200]-2.0283281951970166e-08
[25300]-1.133405102381252e-09
[25400]8.071283269094894e-09
[25500]1.116171918027307e-08
[25600]1.5913099503413058e-08
[25700]2.8269195671097334e-08
[25800]-3.131110760104435e-08
[25900]-1.81437322448398e-08
[26000]-6.1894059820345805e-09
[26100]-2.5935747505248093e-09
[26200]-4.755426544860167e-10
[26300]3.9303175201179405e-09
[26400]7.055197763978777e-09
[26500]5.702811211825358e-09
[26600]3.353108070750004e-09
[26700]-4.927358245594442e-09
[26800]-4.4617621854840895e-09
[26900]-2.416471079639506e-09
[27000]-4.927165517449048e-10
[27100]6.832859203030041e-10
[27200]1.2079895519472855e-09
[27300]2.0896735053619317e-09
[27400]2.6692032995934197e-09
[27500]-1.8006476334364693e-09
[27600]-1.4135157529503045e-09
[27700]-7.52890591581408e-10
[27800]-4.1477774158856614e-10
[27900]4.0971246957928765e-11
[28000]1.475829317894077e-10
[28100]4.358098283370901e-10
[28200]6.517790098457384e-10
[28300]9.125040256813135e-10
[28400]-7.155519110304283e-10
[28500]-2.3424254291863524e-10
[28600]-1.8593925213353734e-10
[28700]-5.862847862086686e-11
[28800]3.1124040061172136e-11
[28900]1.8098878187957682e-10
[29000]1.210062326135008e-10
[29100]1.6533307827228947e-10
[29200]-1.4277925675296135e-10
[29300]-1.6719805772207076e-10
[29400]-1.2473588387750122e-10
[29500]-2.4191619338624834e-11
[29600]-3.924522849861326e-12
[29700]2.5329669717404528e-11
[29800]4.118477265101026e-11
[29900]7.77556495871757e-11
[30000]5.836216904505889e-11
[30100]-5.09548707617741e-11
[30200]-3.441379100210607e-11
[30300]-1.8959565482485752e-11
[30400]-1.1689914058233986e-11
[30500]2.248235667805686e-12
[30600]7.955123814583721e-12
[30700]1.7213918810812034e-11
[30800]2.060517518071919e-11
[30900]4.431771397045603e-12
[31000]-1.048353363630809e-11
[31100]-7.406137814976215e-12
[31200]-4.731671167663468e-12
[31300]-5.3855461923953664e-14
[31400]2.411368230307431e-12
[31500]2.931024855100235e-12
[31600]3.942397375577802e-12
[31700]6.5342286526536775e-12
[31800]-7.667091544237715e-12
[31900]-4.559679874688584e-12
[32000]-1.4492018332259325e-12
[32100]-4.896667720141746e-13
[32200]-3.471041998322112e-14
[32300]9.906416572412757e-13
[32400]1.7579469903048282e-12
[32500]1.4855523556103374e-12
[32600]1.3271480594267701e-12
[32700]-1.13023006774385e-12
[32800]-9.909551482235328e-13
[32900]-5.391591559383615e-13
[33000]-1.1436053543572174e-13
[33100]1.7606231194254813e-13
[33200]3.3335455518986075e-13
[33300]5.274914373075703e-13
[33400]6.349408031725321e-13
[33500]-3.825454252906034e-13
[33600]-3.3961546297280675e-13
[33700]-2.1235057536744977e-13
[33800]-9.484495344249147e-14
[33900]-1.0123333226993856e-14
[34000]4.2508935360817496e-14
[34100]8.264242971085383e-14
[34200]1.5826857905102342e-13
[34300]2.2206956348211098e-13
[34400]-1.8072009550308876e-13
[34500]-6.869123787621369e-14
[34600]-4.099139109540488e-14
[34700]-2.6486987031700173e-14
[34800]9.021321492982323e-15
[34900]3.101987390465369e-14
[35000]3.190983122116862e-14
[35100]3.630436704888819e-14
[35200]-1.6687490471799766e-14
[35300]-4.4687671984143794e-14
[35400]-3.00837091803417e-14
[35500]-8.879606207972311e-15
[35600]-2.3746302275963716e-16
[35700]3.951818865637267e-15
[35800]1.060909399256762e-14
[35900]1.5665460064720456e-14
[36000]1.3919868469698023e-14
[36100]-1.4747997476821785e-14
[36200]-8.467289536856758e-15
[36300]-5.857024032171828e-15
[36400]-2.3555245676972705e-15
[36500]-2.349795274750244e-16
[36600]1.960741207948204e-15
[36700]3.466768007886358e-15
[36800]5.4494864392128714e-15
[36900]2.571488038531964e-15
[37000]-2.350614998500096e-15
[37100]-2.0904853752714536e-15
[37200]-1.1282800780915116e-15
[37300]-4.171696462383014e-16
[37400]6.845734353258731e-16
[37500]5.918091563221472e-16
[37600]9.921800204004547e-16
[37700]1.3113730357372845e-15
[37800]-1.752111930441867e-15
[37900]-1.3199789925354707e-15
[38000]-3.5086420137349704e-16
[38100]-1.990395764661463e-16
[38200]2.6549057931566408e-17
[38300]1.48690787416971e-16
[38400]4.2843303494536945e-16
[38500]3.1373765747634125e-16
[38600]4.21542751627732e-16
[38700]-3.3013543977638205e-16
[38800]-2.2262309008611205e-16
[38900]-1.7610973518984272e-16
[39000]-2.4520765800468867e-17
[39100]1.9360184072162402e-17
[39200]8.68360664753628e-17
[39300]1.1528232034933556e-16
[39400]1.5869206695042035e-16
[39500]-7.59975278100539e-17
[39600]-8.043143231340909e-17
[39700]-5.857900877635895e-17
[39800]-2.1597738739594037e-17
[39900]-2.960861069144629e-18
[40000]1.2051800985907758e-17
[40100]1.9754895338360725e-17
[40200]3.848495201061313e-17
[40300]5.637253831735802e-17
[40400]-4.676489295071206e-17
[40500]-1.6104756201625822e-17
[40600]-8.690974382614106e-18
[40700]-5.476396610144706e-18
[40800]2.4224245957778134e-18
[40900]8.106222411810252e-18
[41000]8.330147761469433e-18
[41100]9.723787520466067e-18
[41200]6.245417738694697e-19
[41300]-9.996645962622347e-18
[41400]-7.043763449582825e-18
[41500]-2.196272727171267e-18
[41600]-1.2215455795069227e-20
[41700]1.1967215916762243e-18
[41800]2.8303945960613292e-18
[41900]3.794182588992017e-18
[42000]3.227789430226259e-18
[42100]-3.624283149390435e-18
[42200]-2.0614141020484655e-18
[42300]-1.3597094472861399e-18
[42400]-4.2383352445023616e-19
[42500]1.8130811801251183e-21
[42600]5.147672587668355e-19
[42700]8.612141880318934e-19
[42800]1.4157317428419647e-18
[42900]1.157367970428271e-18
[43000]-5.428875953887022e-19
[43100]-4.74147557867905e-19
[43200]-2.8358189057505658e-19
[43300]-9.492161421437611e-20
[43400]1.3867613253517114e-19
[43500]1.5829966793268342e-19
[43600]2.2455330090773297e-19
[43700]3.104679089983298e-19
[43800]-4.1089639408337e-19
[43900]-3.222490009232549e-19
[44000]-1.103084757431407e-19
