[0]3114.7719623087532
[100]-1.2983547350057734
[200]1706.5065317763151
[300]-0.09088536663227842
[400]284.9368685347655
[500]0.003578704201437688
[600]-569.4285450900888
[700]0.29068545762277154
[800]-1276.8828715693023
[900]1.6034178024266623
[1000]-987.1994892779057
[1100]2.35333121016491
[1200]-1328.3068310442168
[1300]5.162876585271476
[1400]-1659.1835580978461
[1500]4.782609405705813
[1600]-988.6926887182941
[1700]7.930015150745945
[1800]-1140.3176889579897
[1900]12.152572385607897
[2000]3268.183642969071
[2100]-3973.0866980869287
[2200]6691.645630295
[2300]-11254.154879468182
[2400]-947.5729720515741
[2500]6017.082687093943
[2600]-4943.98025770937
[2700]1503.6556178039514
[2800]7603.452335589833
[2900]-2815.7458198698337
[3000]1265.8477257508048
[3100]-3119.0551401288726
[3200]-632.499602824078
[3300]2413.8288735704105
[3400]-2447.2531631115994
[3500]320.0734356511501
[3600]1787.4885535356625
[3700]-738.24532788581
[3800]620.0952315618886
[3900]-2094.089860706123
[4000]4384.865579682792
[4100]-8078.563833606303
[4200]-730.4949997723359
[4300]8420.0446352802
[4400]-1068.9860321562342
[4500]-4192.144698883405
[4600]130.63572256274978
[4700]4041.212118493265
[4800]-4021.3809499964527
[4900]-3336.7567431443135
[5000]-178.97499063583365
[5100]2272.492300966381
[5200]-3005.6359452015354
[5300]-1769.4294173494484
[5400]144.77835424432078
[5500]1153.1814070479859
[5600]-2017.804656233135
[5700]-705.4611610910014
[5800]21.16055163080388
[5900]1104.2452173980382
[6000]4764.053299015254
[6100]-17392.104381287016
[6200]-11123.304470044817
[6300]-10059.273576136098
[6400]-10135.500438254818
[6500]-3306.0781028925694
[6600]-2714.9030397686925
[6700]-1213.222895898805
[6800]-1069.877856322377
[6900]-167.9758669601589
[7000]739.2402426070939
[7100]1110.7806184830567
[7200]1276.976753854985
[7300]1968.7031537009389
[7400]2229.8500245720966
[7500]1629.472081294658
[7600]1522.2854301941024
[7700]1307.343233227714
[7800]-2072.943697281322
[7900]-1294.4550908253145
[8000]-765.7514433617619
[8100]-576.8618706032383
[8200]-414.7749450690136
[8300]-319.63983438511815
[8400]-232.0338875837491
[8500]-67.21904117442797
[8600]5.95481602040872
[8700]101.56485520834735
[8800]80.41792088194036
[8900]180.46118794029687
[9000]121.12559424580583
[9100]148.56738795988724
[9200]179.5248683362926
[9300]178.90285039025864
[9400]231.04321861972753
[9500]-110.98155385110493
[9600]-96.75613609897209
[9700]-96.36319749069224
[9800]-65.96070064786467
[9900]-52.74630791087042
[10000]-26.315541712378767
[10100]-13.72074686195834
[10200]-8.01907044910755
[10300]2.8631197435017244
[10400]4.510061657228839
[10500]5.655306511284683
[10600]12.303073544517712
[10700]14.790983681590795
[10800]16.130191720290604
[10900]22.256166586255507
[11000]11.225171289872948
[11100]17.043377112520403
[11200]-11.892130247276086
[11300]-12.538010776740535
[11400]-11.699294316914091
[11500]-3.8482799962918546
[11600]-4.233634992724981
[11700]-3.015301664285004
[11800]-1.634208094774837
[11900]-0.8219532432570927
[12000]-0.1593636586430461
[12100]0.29648899240809234
[12200]0.8292552555083983
[12300]1.6156001452328352
[12400]1.4133848151748016
[12500]1.098518375020304
[12600]1.363317739657692
[12700]1.4926456348012536
[12800]2.0060348287319414
[12900]-0.8143778210057422
[13000]-0.8413347823902833
[13100]-0.6964274116158774
[13200]-0.5884107543057553
[13300]-0.5272265253923427
[13400]-0.3361423342843387
[13500]-0.11274558006318805
[13600]-0.10831616111954996
[13700]-0.007687580068630206
[13800]0.03930248239181337
[13900]0.09601744073970016
[14000]0.06949014016298269
[14100]0.09277572733426141
[14200]0.1459957303013717
[14300]0.1488098882864946
[14400]0.16863777895209014
[14500]0.12378455258336539
[14600]-0.002193382746777873
[14700]-0.12546209271708658
[14800]-0.09308415500321057
[14900]-0.07357026049362647
[15000]-0.03233279361593764
[15100]-0.025943214733707913
[15200]-0.020455938415524087
[15300]-0.011311680124787461
[15400]-9.95090839387711e-05
[15500]-0.0013898251071603647
[15600]0.004933456328664523
[15700]0.008733967058269182
[15800]0.012281323821675476
[15900]0.01480401660214944
[16000]0.008453340085175187
[16100]0.011635304133079954
[16200]0.014590717252273669
[16300]0.003755060810033949
[16400]-0.016485599494794275
[16500]-0.005286129339146554
[16600]-0.004775332410840412
[16700]-0.004762090337815147
[16800]-0.003114142334800573
[16900]-0.0025266631744607815
[17000]-0.0005603656914663418
[17100]-0.0004773341831653053
[17200]-6.733881623064408e-05
[17300]0.000725741478696116
[17400]0.0010708140951541207
[17500]0.0006250811811334882
[17600]0.0009563410660722775
[17700]0.0010728705524617964
[17800]0.0015652180002857451
[17900]0.001471387289749321
[18000]0.0005895342852575882
[18100]-0.0009934380534620888
[18200]-0.0006183891348270478
[18300]-0.0007218534732430878
[18400]-0.0005472019554383651
[18500]-0.00019420920740725035
[18600]-0.00014990282601113256
[18700]-0.00011380442029292028
[18800]-5.9180939616189724e-05
[18900]7.5649699117503e-06
[19000]4.762805531527479e-05
[19100]3.9074773186644686e-05
[19200]8.705658539048709e-05
[19300]0.00011700199841402283
[19400]0.00014135321677649304
[19500]8.567556083014114e-05
[19600]8.663376363854633e-05
[19700]0.00010766425523985482
[19800]-0.00010943557498988438
[19900]-9.105060423665994e-05
[20000]-4.5555043080264284e-05
[20100]-3.16635854270789e-05
[20200]-2.4678703194419607e-05
[20300]-2.472168834159165e-05
[20400]-1.2834147103824874e-05
[20500]-3.5582857553131917e-06
[20600]1.303607875847808e-06
[20700]2.496762197674541e-06
[20800]5.498222250440283e-06
[20900]1.1657762925684977e-05
[21000]7.264766164567903e-06
[21100]7.773964037192868e-06
[21200]1.075992030619691e-05
[21300]1.0784083385413267e-05
[21400]1.6115369707189495e-05
[21500]-5.901759946623768e-06
[21600]-5.861714588252375e-06
[21700]-5.6138260875477675e-06
[21800]-3.5952936663416484e-06
[21900]-3.9714515540418725e-06
[22000]-1.4224643816056463e-06
[22100]-7.544247012046699e-07
[22200]-3.945354074898888e-07
[22300]-1.401353511800989e-07
[22400]3.211184510979187e-07
[22500]3.871135531876614e-07
[22600]7.707427564423753e-07
[22700]6.838240064137152e-07
[22800]1.0458156675902354e-06
[22900]1.3225069180129274e-06
[23000]6.941868631268735e-07
[23100]9.59712093879068e-07
[23200]-4.2892258488588493e-07
[23300]-7.909904250390385e-07
[23400]-6.866030627130773e-07
[23500]-2.771436596993685e-07
[23600]-2.5202181910975115e-07
[23700]-1.5761108947829092e-07
[23800]-1.1778111724795131e-07
[23900]-1.0078118572775839e-07
[24000]-2.714013855842664e-09
[24100]1.937330953190044e-08
[24200]3.894676733857071e-08
[24300]6.872405830799005e-08
[24400]8.750584817085893e-08
[24500]7.02274558193986e-08
[24600]6.88274367508913e-08
[24700]8.064644042691485e-08
[24800]1.196099151571663e-07
[24900]-8.74691385319616e-09
[25000]-6.019493680609742e-08
[25100]-4.435353798334318e-08
[25200]-3.4912491149229374e-08
[25300]-3.063942977359336e-08
[25400]-2.528168437763665e-08
[25500]-9.484024239593278e-09
[25600]-5.2577729343570495e-09
[25700]-1.2060552337195757e-10
[25800]-1.25275195008257e-09
[25900]4.8073883487522396e-09
[26000]4.202292316809584e-09
[26100]5.891931558378122e-09
[26200]7.194348559374026e-09
[26300]8.106112119023699e-09
[26400]1.1103938269525832e-08
[26500]7.060486446040729e-09
[26600]1.498547938323983e-09
[26700]-7.801436882255542e-09
[26800]-5.0967090181209505e-09
[26900]-4.4544033714522675e-09
[27000]-2.2342371037690727e-09
[27100]-1.4919150782804925e-09
[27200]-1.1792823999063123e-09
[27300]-5.101815716731668e-10
[27400]-4.1047970259954605e-10
[27500]-2.2306283794653866e-11
[27600]3.399530456334256e-10
[27700]5.314006154818035e-10
[27800]6.023587311770947e-10
[27900]9.161170590503419e-10
[28000]5.15404318053228e-10
[28100]7.505481779059444e-10
[28200]7.151270677622248e-10
[28300]5.296781335735726e-10
[28400]-9.575275667679111e-10
[28500]-2.9354397812451313e-10
[28600]-3.4131891518216956e-10
[28700]-2.625467063778962e-10
[28800]-1.8151628407245568e-10
[28900]-1.41667330009989e-10
[29000]-5.414603260296945e-11
[29100]-2.6038659829368424e-11
[29200]2.8617997527892506e-12
[29300]4.622478120479005e-11
[29400]3.841187922524819e-11
[29500]4.099009486170388e-11
[29600]5.7053017880745006e-11
[29700]6.741119837253273e-11
[29800]8.198146734569648e-11
[29900]8.390012101654688e-11
[30000]4.975539321244317e-11
[30100]-5.31441687021897e-11
[30200]-4.277288202973578e-11
[30300]-4.3495433642580194e-11
[30400]-3.0014847427811074e-11
[30500]-1.1401148891262942e-11
[30600]-1.180677940762905e-11
[30700]-5.967272080548197e-12
[30800]-3.189345657816635e-12
[30900]1.5084866975401515e-12
[31000]1.3401767770726503e-12
[31100]2.59734680281075e-12
[31200]5.605706441870308e-12
[31300]7.162064655444957e-12
[31400]7.338996402146984e-12
[31500]5.2078759703900295e-12
[31600]5.18049037347841e-12
[31700]7.654167142890983e-12
[31800]-5.8531733451185294e-12
[31900]-5.529423605687153e-12
[32000]-2.6671744441597704e-12
[32100]-1.7008527804899896e-12
[32200]-1.894117114240554e-12
[32300]-1.3396676444062022e-12
[32400]-6.953772200925255e-13
[32500]-1.9173155156993455e-13
[32600]-6.367791452881614e-14
[32700]1.563610209134128e-13
[32800]3.7785845197050167e-13
[32900]7.154798248877742e-13
[33000]3.243810348579098e-13
[33100]5.008259135506186e-13
[33200]6.419545967688724e-13
[33300]6.370383320931153e-13
[33400]9.177527690296016e-13
[33500]-2.2567059926801165e-13
[33600]-3.683913095089551e-13
[33700]-3.4084763056345054e-13
[33800]-2.6427235582946554e-13
[33900]-2.372349671109225e-13
[34000]-7.412110460022811e-14
[34100]-6.298171635883186e-14
[34200]-4.657767237781964e-14
[34300]-1.6141738673437886e-15
[34400]2.017431963702996e-14
[34500]1.585220869602335e-14
[34600]3.308724271957015e-14
[34700]4.2329116978216164e-14
[34800]6.723913599637878e-14
[34900]6.373275435276593e-14
[35000]3.8472770299492525e-14
[35100]5.784620374222193e-14
[35200]-6.954794654610146e-15
[35300]-5.705070626712985e-14
[35400]-4.2807518399792966e-14
[35500]-1.633862387302137e-14
[35600]-1.4523197004206525e-14
[35700]-1.2190941384288291e-14
[35800]-8.841161950026314e-15
[35900]-4.870274414592415e-15
[36000]2.808493315950108e-17
[36100]-4.4125616463987957e-16
[36200]2.2066340532266373e-15
[36300]4.155026545706053e-15
[36400]5.6814082268489224e-15
[36500]3.470730609223867e-15
[36600]3.915415734464471e-15
[36700]5.2923912497281796e-15
[36800]6.846488434892706e-15
[36900]1.146809816370788e-15
[37000]-3.70170879079558e-15
[37100]-2.433318463543971e-15
[37200]-2.0749065039761073e-15
[37300]-2.133161991139734e-15
[37400]-1.3990161671174822e-15
[37500]-5.500619653685602e-16
[37600]-2.4628609872904565e-16
[37700]-1.8079452978780603e-16
[37800]-1.080734939114858e-17
[37900]3.305890824161272e-16
[38000]2.612514743384143e-16
[38100]2.811941972068554e-16
[38200]4.454860160603925e-16
[38300]4.964007452404207e-16
[38400]7.088882766778731e-16
[38500]3.4691811699906876e-16
[38600]2.362095063031298e-16
[38700]-4.562014069847614e-16
[38800]-2.8016794534809163e-16
[38900]-3.2553407979539506e-16
[39000]-1.247656063043327e-16
[39100]-8.446700104871164e-17
[39200]-6.871164591819476e-17
[39300]-5.098219233335584e-17
[39400]-2.320823839527206e-17
[39500]2.049329853676015e-18
[39600]2.246653450820138e-17
[39700]1.83543474514741e-17
[39800]3.9301338586844637e-17
[39900]5.566652330454994e-17
[40000]3.1909042291164184e-17
[40100]3.955284456931708e-17
[40200]4.0625011562378366e-17
[40300]4.5864725282212494e-17
[40400]-5.1279855099851505e-17
[40500]-2.0211119162324248e-17
[40600]-2.053175156825549e-17
[40700]-1.4258446437660225e-17
[40800]-1.0662696463154073e-17
[40900]-1.1064081618049249e-17
[41000]-2.7628731251776786e-18
[41100]-1.528907838445881e-18
[41200]8.571413543497912e-19
[41300]1.3934986892988832e-18
[41400]2.559112025141132e-18
[41500]2.69357899158653e-18
[41600]3.4544435568066752e-18
[41700]3.5074903043735496e-18
[41800]5.0370266285613285e-18
[41900]4.9297102157771825e-18
[42000]3.600452455713663e-18
[42100]-2.893240738427833e-18
[42200]-2.5841416747951197e-18
[42300]-2.5255273722472203e-18
[42400]-1.6741120261194653e-18
[42500]-8.908195107874127e-19
[42600]-6.330526268651094e-19
[42700]-3.28870970322705e-19
[42800]-2.0696807970287578e-19
[42900]-5.609715272500997e-20
[43000]8.17678258795787e-20
[43100]1.8560747857691258e-19
[43200]3.1569090035906394e-19
[43300]3.165496784549252e-19
[43400]4.78441617115359e-19
[43500]3.084689332726918e-19
[43600]2.91025758453549e-19
[43700]4.389378312360311e-19
[43800]-2.345601062681884e-19
[43900]-3.4340104832613764e-19
[44000]-1.7003548438689305e-19
[44100]-1.2413932597906633e-19
[44200]-1.1162622037283372e-19
[44300]-7.177282558920683e-20
[44400]-6.378768452975909e-20
[44500]-2.1448112271680688e-20
[44600]-1.009480396198317e-21
[44700]1.0322378178170568e-20
[44800]1.3478396266130688e-20
[44900]3.2463784686819405e-20
[45000]2.0522693823850332e-20
[45100]3.174689119106379e-20
[45200]3.051308544991032e-20
[45300]3.66309807221372e-20
[45400]5.543750565607447e-20
[45500]-4.629302026154886e-21
[45600]-2.673880006837575e-20
[45700]-2.0466272537175224e-20
[45800]-1.5296930665743928e-20
[45900]-1.3917393745717052e-20
[46000]-5.696498395649364e-21
[46100]-4.124922610251415e-21
[46200]-2.3598376720653532e-21
[46300]1.3092323393221014e-22
[46400]-2.40011500533044e-22
[46500]1.0704649020891812e-21
[46600]2.039780223604984e-21
[46700]2.6974541831763044e-21
[46800]3.388560417110069e-21
[46900]3.793905746179982e-21
[47000]2.491636230888325e-21
[47100]3.3314001686005358e-21
[47200]3.9634496638663805e-22
[47300]-3.497896730352191e-21
[47400]-2.3286989599518014e-21
[47500]-9.765393536910517e-22
[47600]-1.0126633709114853e-21
[47700]-6.548322931346914e-22
[47800]-5.267695525916255e-22
[47900]-2.287883402057669e-22
[48000]-8.20964170965447e-23
[48100]-5.461096754700962e-24
[48200]1.6118461124627613e-22
[48300]2.5372454495609796e-22
[48400]2.667849090443618e-22
[48500]2.160885689328546e-22
[48600]2.365373161566813e-22
[48700]3.3696028986681393e-22
[48800]3.3679600751652318e-22
[48900]2.0484695171911032e-22
[49000]-2.168974653794863e-22
[49100]-1.3381671548736038e-22
[49200]-1.530961824158167e-22
[49300]-1.187719133886646e-22
[49400]-8.018846835827156e-23
[49500]-3.2373859000237203e-23
[49600]-2.3783728994254205e-23
[49700]-1.110019247816649e-23
[49800]2.4764400258412597e-24
[49900]2.2166107308901247e-23
[50000]9.301739893114843e-24
[50100]1.8833798933937062e-23
[50200]2.6610570938007125e-23
[50300]3.085981842309695e-23
[50400]3.8134090647397295e-23
[50500]1.9515248587705908e-23
[50600]2.109351081188678e-23
[50700]-2.460384485676094e-23
[50800]-1.9106042276080203e-23
[50900]-1.9343781422644606e-23
[51000]-6.868386133780058e-24
[51100]-4.8805311312014965e-24
[51200]-5.215645576994624e-24
[51300]-2.6520274035271823e-24
[51400]-1.3743171198193483e-24
[51500]4.491595753144797e-25
[51600]6.595669485128049e-25
[51700]1.2664107839080557e-24
[51800]2.5832208009880186e-24
[51900]3.323028127567828e-24
[52000]1.6707522913236432e-24
[52100]2.409390918674362e-24
[52200]2.3778712898257623e-24
[52300]3.343360318043058e-24
[52400]-2.8804597203593004e-24
[52500]-1.2102333620973597e-24
[52600]-1.1919884560495117e-24
[52700]-8.29161128626489e-25
[52800]-8.358034219614736e-25
[52900]-6.120978514677258e-25
[53000]-1.4955447828186305e-25
[53100]-1.1736899548130845e-25
[53200]-2.920750887912325e-26
[53300]8.375044573172375e-26
[53400]1.8173877164715757e-25
[53500]1.4010235308057708e-25
[53600]1.5496882663572627e-25
[53700]2.249844193865148e-25
[53800]2.989573259519683e-25
[53900]2.6639531490260915e-25
[54000]2.081817365649442e-25
[54100]-1.2006104559244592e-25
[54200]-1.6044742622881795e-25
[54300]-1.6725560767658084e-25
[54400]-1.1683979308210776e-25
[54500]-5.296005190153156e-26
[54600]-3.409810054665875e-26
[54700]-3.1135684832548344e-26
[54800]-2.0677488131050182e-26
[54900]-3.3070616748131206e-28
[55000]5.243459145958732e-27
[55100]5.920534314857549e-27
[55200]1.5845749591668617e-26
[55300]1.9895045340023464e-26
[55400]3.034654831758924e-26
[55500]1.4857727663535967e-26
[55600]1.7234731891957862e-26
[55700]2.6740943983074413e-26
[55800]-5.6072987042744284e-27
[55900]-2.511850159882758e-26
[56000]-9.784351041107416e-27
[56100]-7.165554787064734e-27
[56200]-6.532161302242174e-27
[56300]-5.2977611840904656e-27
[56400]-3.9275402751324316e-27
[56500]-1.105671734378327e-27
[56600]1.2324078080213311e-28
[56700]-8.45358856434924e-29
[56800]1.0452623068325116e-27
[56900]1.9919885850384206e-27
[57000]1.3119926137506854e-27
[57100]1.6390456272104302e-27
[57200]1.8176317836403602e-27
[57300]2.3682759027180685e-27
[57400]3.237712600531699e-27
[57500]9.81964769930142e-29
[57600]-1.6443907219542987e-27
[57700]-1.1142880740393058e-27
[57800]-9.176481113251354e-28
[57900]-9.658920815452665e-28
[58000]-3.1099027245487653e-28
[58100]-2.4482611177459773e-28
[58200]-1.081178042225369e-28
[58300]-8.147152123810484e-29
[58400]2.6516425865202287e-31
[58500]7.910776300455277e-29
[58600]1.2031945222190836e-28
[58700]1.2734087061861488e-28
[58800]2.0871434541030225e-28
[58900]2.287217730688482e-28
[59000]1.6017109570033152e-28
[59100]1.625784591459271e-28
[59200]8.920127801840175e-29
[59300]-2.0588266556490346e-28
[59400]-1.291434661567503e-28
[59500]-7.170958321118661e-29
[59600]-5.645223578916033e-29
[59700]-3.737854600652295e-29
[59800]-2.999327637837768e-29
[59900]-2.2762461279719562e-29
[60000]-4.916200924665296e-30
[60100]1.3672395866121702e-30
[60200]1.0792839233815323e-29
[60300]9.376544680954605e-30
[60400]1.8111723986248941e-29
[60500]1.29045554305445e-29
[60600]1.5002870948987234e-29
[60700]1.81216866454937e-29
[60800]1.9000098257685173e-29
[60900]1.9314228480509524e-29
[61000]-1.1873976663885305e-29
[61100]-9.035217445452523e-30
[61200]-9.090217657288548e-30
[61300]-6.573587118686492e-30
[61400]-4.5245089310820194e-30
[61500]-2.506765793140644e-30
[61600]-1.2193007902721442e-30
[61700]-6.0856212856488625e-31
[61800]3.616558811306079e-31
[61900]6.6294581657019916e-31
[62000]6.272012157992893e-31
[62100]1.2254494649627733e-30
[62200]1.5653972145355171e-30
[62300]1.5894710205039e-30
[62400]2.322955348320132e-30
[62500]1.1500120064558294e-30
[62600]1.5200524784115969e-30
[62700]-1.4130821096238162e-30
[62800]-1.135726337405318e-30
[62900]-1.1371921125118157e-30
[63000]-4.161951652689446e-31
[63100]-3.900498335507372e-31
[63200]-2.900436914483764e-31
[63300]-1.3606539250228672e-31
[63400]-1.3708410964519528e-31
[63500]-1.1888962046672409e-32
[63600]4.278312204720685e-32
[63700]8.55903513501553e-32
[63800]1.2468079756464198e-31
[63900]1.5176267009074012e-31
[64000]1.0772458386101095e-31
[64100]1.4441526443013254e-31
[64200]1.218607108408558e-31
[64300]1.984343049473935e-31
[64400]-1.2167529003149969e-31
[64500]-7.582188815501567e-32
[64600]-8.079219647643496e-32
[64700]-5.519090138088042e-32
[64800]-4.970907764867323e-32
[64900]-3.248641445899188e-32
[65000]-1.493028060362389e-32
[65100]-9.645326203827106e-33
[65200]1.7982443412384633e-34
[65300]4.94500090670351e-33
[65400]5.972351070636128e-33
[65500]7.702321138398377e-33
[65600]9.524385964130745e-33
[65700]1.4544623102592804e-32
[65800]1.4564766532655208e-32
[65900]1.638264461730777e-32
[66000]1.2873522892099842e-32
[66100]-3.3016844872265914e-33
[66200]-1.1676005579910831e-32
[66300]-9.347070156052004e-33
[66400]-6.83386327533876e-33
[66500]-3.0564466363846816e-33
[66600]-2.471882583095941e-33
[66700]-1.8176236168062465e-33
[66800]-1.0365306408265426e-33
[66900]1.2792661988509149e-34
[67000]-1.5393116317744756e-35
[67100]5.118015294096672e-34
[67200]9.503447405069447e-34
[67300]1.2683292616804342e-33
[67400]1.573158731710325e-33
[67500]8.850736508641155e-34
[67600]1.1270233037233233e-33
[67700]1.554350559227944e-33
[67800]1.5415733422857538e-35
[67900]-1.545118087247998e-33
[68000]-5.373908352589436e-34
[68100]-4.320557173408995e-34
[68200]-4.6017462308898846e-34
[68300]-2.936080338238648e-34
[68400]-2.261472157225538e-34
[68500]-5.432630314740456e-35
[68600]-3.6382676651732846e-35
[68700]2.1132647108727796e-36
[68800]7.49081943933087e-35
[68900]1.1680631198275333e-34
[69000]6.149422580203169e-35
[69100]9.948938998249988e-35
[69200]1.1078576218219163e-34
[69300]1.5232691243189488e-34
[69400]1.588587304653495e-34
[69500]3.8277929076544375e-35
[69600]-9.830174931940344e-35
[69700]-6.120852558711949e-35
[69800]-6.699672920073381e-35
[69900]-5.450021221201297e-35
[70000]-1.7467509968526085e-35
[70100]-1.367317913212616e-35
[70200]-1.0543021752699019e-35
[70300]-4.291331866668647e-36
[70400]1.108933659523392e-36
[70500]5.446997220559532e-36
[70600]4.68142771239003e-36
[70700]8.548255658200373e-36
[70800]1.2489456913298674e-35
[70900]1.4529151169531632e-35
[71000]8.690735863815156e-36
[71100]9.257210558364144e-36
[71200]8.715027750738691e-36
[71300]-1.142708486133301e-35
[71400]-8.566322273598822e-36
[71500]-4.313042960682962e-36
[71600]-3.124913449428414e-36
[71700]-2.1596709431229896e-36
[71800]-2.3818725771071017e-36
[71900]-1.1297779385524665e-36
[72000]-2.813888295277421e-37
[72100]1.2936679309986263e-37
[72200]3.3532523263414996e-37
[72300]5.91942181673207e-37
[72400]1.1871810906907618e-36
[72500]7.215870401418968e-37
[72600]7.525777110045857e-37
[72700]1.117031121429377e-36
[72800]1.1118628623892967e-36
[72900]1.375465266316271e-36
[73000]-6.896925030689646e-37
[73100]-5.396571570150894e-37
[73200]-5.360424030351607e-37
[73300]-4.18347656504272e-37
[73400]-3.69309030472303e-37
[73500]-1.3742262660800701e-37
[73600]-6.201254036122379e-38
[73700]-7.305199953233104e-38
[73800]-9.145038992277855e-39
[73900]4.103189723249556e-38
[74000]4.141951721596382e-38
[74100]5.670770753238566e-38
[74200]7.282996457763046e-38
[74300]1.0317360557109769e-37
[74400]1.39302783731069e-37
[74500]5.755700552811935e-38
[74600]9.430726962394844e-38
[74700]-6.201731976237409e-38
[74800]-7.096661466854894e-38
[74900]-7.699706122110791e-38
[75000]-2.645396352177219e-38
[75100]-2.3238655760400808e-38
[75200]-1.5408783077635334e-38
[75300]-1.3743408109037347e-38
[75400]-9.008517431037322e-39
[75500]6.124044578939793e-41
[75600]2.583252768010388e-39
[75700]3.087471515041737e-39
[75800]7.30781392884357e-39
[75900]9.241486215821106e-39
[76000]7.001348478725939e-39
[76100]7.076798957974542e-39
[76200]7.811363911737474e-39
[76300]1.233450882992908e-38
[76400]-3.636998820531419e-39
[76500]-5.4458919371007845e-39
[76600]-4.4957182790787846e-39
[76700]-3.220101608693993e-39
[76800]-2.8569890890487055e-39
[76900]-2.3867511045694275e-39
[77000]-8.35265460358725e-40
[77100]-4.851221572830686e-40
[77200]8.229312486467819e-41
[77300]-2.0230252866565463e-42
[77400]4.826903209798838e-40
[77500]4.64035632407396e-40
[77600]6.095681743735626e-40
[77700]7.402602533466658e-40
[77800]8.61029782373253e-40
[77900]1.0736726792646832e-39
[78000]7.507260279166334e-40
[78100]-2.994426147560221e-41
[78200]-7.316617018485522e-40
[78300]-5.1243115503075514e-40
[78400]-4.072005158088192e-40
[78500]-2.209832787373188e-40
[78600]-1.3842638897783995e-40
[78700]-1.0433402731879956e-40
[78800]-5.196151796943735e-41
[78900]-3.1642552326515353e-41
[79000]6.470667977052062e-43
[79100]3.6787638796293134e-41
[79200]5.73874746330514e-41
[79300]5.824822224694328e-41
[79400]9.601413999570925e-41
[79500]5.35718690123663e-41
[79600]7.2484153165382e-41
[79700]7.761867886894761e-41
[79800]3.224785930072504e-41
[79900]-9.325896998410045e-41
[80000]-2.885653619536248e-41
[80100]-3.168573481106496e-41
[80200]-2.5840142251791e-41
[80300]-1.6406598375718582e-41
[80400]-1.276853103554509e-41
[80500]-4.932740190647208e-42
[80600]-1.8077819093759113e-42
[80700]5.842104604918817e-43
[80800]5.4203911212936126e-42
[80900]4.450168578444694e-42
[81000]4.127826187712728e-42
[81100]6.039400423152646e-42
[81200]6.872932286182367e-42
[81300]8.300602291034344e-42
[81400]9.026552807022065e-42
[81500]3.965623993787883e-42
[81600]-5.5434693611362625e-42
[81700]-4.115585797447724e-42
[81800]-4.051601379337156e-42
[81900]-2.963633147320808e-42
[82000]-1.0823058559351801e-42
[82100]-1.1253179017298668e-42
[82200]-5.265969320467204e-43
[82300]-2.4228817116592982e-43
[82400]5.52518105071586e-44
[82500]1.6050458663903365e-43
[82600]2.9049243683846342e-43
[82700]5.7428582814476e-43
[82800]6.4584688290001635e-43
[82900]7.234448530888247e-43
[83000]5.370237710922506e-43
[83100]5.3444633183275775e-43
[83200]6.196071742421062e-43
[83300]-6.728468972148734e-43
[83400]-5.076707811197719e-43
[83500]-2.5331378546675274e-43
[83600]-2.1028119574525624e-43
[83700]-1.7207861676750534e-43
[83800]-1.2959345087962306e-43
[83900]-6.040000064448778e-44
[84000]-3.6583246891575545e-44
[84100]-3.516076160051964e-45
[84200]2.124518030527464e-44
[84300]3.988118612561825e-44
[84400]5.230987495466268e-44
[84500]3.5429066823408184e-44
[84600]4.950711819631989e-44
[84700]6.644735912461815e-44
[84800]5.53448595187279e-44
[84900]8.931407544731183e-44
[85000]-3.0979383772495453e-44
[85100]-3.317245009126301e-44
[85200]-3.6690257081803084e-44
[85300]-2.509721942520497e-44
[85400]-2.1710269186954623e-44
[85500]-7.423225687515492e-45
[85600]-6.218853231357689e-45
[85700]-4.208185454073085e-45
[85800]1.433838229978985e-46
[85900]2.705032989488583e-45
[86000]1.5001085399405893e-45
[86100]3.5626775233733256e-45
[86200]4.478163924174758e-45
[86300]6.651385825751944e-45
[86400]6.905396888989197e-45
[86500]3.733163449030624e-45
[86600]5.882121091020419e-45
[86700]-1.9684312093441855e-45
[86800]-5.1139201081427215e-45
[86900]-4.279907987714954e-45
[87000]-1.517311365040531e-45
[87100]-1.3628876114127995e-45
[87200]-1.1372770687584745e-45
[87300]-7.674264885832643e-46
[87400]-4.74187702489651e-46
[87500]4.471685720237529e-47
[87600]4.937606104099269e-48
[87700]2.3574502053249503e-46
[87800]4.55194618516865e-46
[87900]5.727322397931217e-46
[88000]3.5408359413619965e-46
[88100]4.174725879334895e-46
