[0]6113.88157893173
[100]4772.799101533361
[200]3394.8643439610196
[300]1990.5763227890975
[400]570.7846701269768
[500]-426.22719270823126
[600]-1135.012653024506
[700]-1834.9507353757726
[800]-2520.6459970447627
[900]-3186.892408135215
[1000]-1913.8709517263367
[1100]-2220.2844319079777
[1200]-2510.064759605233
[1300]-2781.30767657677
[1400]-3032.3498451179807
[1500]-1630.3941912944997
[1600]-1733.7481749367325
[1700]-1825.3169878305155
[1800]-1904.827735313882
[1900]-1972.155679964918
[2000]-1013.1615844109413
[2100]-1034.748180378116
[2200]-1050.489914821101
[2300]-1060.604576944579
[2400]-1065.3708178385762
[2500]-532.0613308210468
[2600]-529.6216341771337
[2700]-525.0790299768993
[2800]-518.663665504112
[2900]-510.619236139019
[3000]-250.09948520937226
[3100]-244.83077821678694
[3200]-239.13353887498673
[3300]-233.13651298351243
[3400]-226.96522738152774
[3500]-109.87008423085192
[3600]-106.78754535722386
[3700]-103.78774057974256
[3800]-100.91860120691157
[3900]-98.22266683649748
[4000]-47.36830627826699
[4100]-46.245444306263714
[4200]-45.254738111571086
[4300]-44.40488055813854
[4400]-43.701262124345625
[4500]-21.07301177601977
[4600]-20.869081743407854
[4700]-20.73684893643839
[4800]-20.6729335000394
[4900]-20.672692661602056
[5000]-9.865182124312103
[5100]-9.919612877190426
[5200]-9.99588283520402
[5300]-10.089931823727007
[5400]-10.197487977670862
[5500]-4.657080671979263
[5600]-4.7177683003172675
[5700]-4.778631595017884
[5800]-4.837570623818654
[5900]-4.892600910595272
[6000]-1.9709450035173828
[6100]-1.9918949623201834
[6200]-2.008432458249243
[6300]-2.0199570987350155
[6400]-2.0259946483787745
[6500]-0.5131014614984204
[6600]-0.5101874292577833
[6700]-0.5042193835585131
[6800]-0.4952279235658068
[6900]-0.4833075324957259
[7000]0.2656936059587275
[7100]0.2743232758826569
[7200]0.284105731312699
[7300]0.29489021203430765
[7400]0.306508445319739
[7500]0.6593893240882385
[7600]0.6657548546593067
[7700]0.6722527310205411
[7800]0.6787844795914739
[7900]0.6852533315589977
[8000]0.8457831167931595
[8100]0.8488178674789539
[8200]0.8516908575756119
[8300]0.8543664598753917
[8400]0.8568141385602233
[8500]0.929504493307108
[8600]0.9304660668402115
[8700]0.9312855092664806
[8800]0.9319597616027288
[8900]0.9324889843505538
[9000]0.9664382437614935
[9100]0.9665642977956559
[9200]0.9666272256944459
[9300]0.9666328820979452
[9400]0.9665882541442141
[9500]0.9832506447880007
[9600]0.9831903538280439
[9700]0.9831178985787359
[9800]0.9830381029460888
[9900]0.9829558631726064
[10000]0.9914380204969302
[10100]0.9914016796890166
[10200]0.9913711515013888
[10300]0.991348512745622
[10400]0.9913356326285234
[10500]0.9956670678999165
[10600]0.9956726856131688
[10700]0.9956851937305662
[10800]0.9957049573671436
[10900]0.9957321770709121
[11000]0.9978834435141996
[11100]0.9979044784331543
[11200]0.9979290484794517
[11300]0.9979569335390337
[11400]0.9979878440773875
[11500]0.9990107142145291
[11600]0.9990286406606097
[11700]0.999047476716394
[11800]0.9990669808856162
[11900]0.9990869003173546
[12000]0.9995534882294185
[12100]0.9995634753784701
[12200]0.9995732851429038
[12300]0.9995827965905328
[12400]0.9995918968833367
[12500]0.9998002418170767
[12600]0.9998042335043044
[12700]0.9998078857651137
[12800]0.9998111687767334
[12900]0.9998140611884447
[13000]0.9999082752441647
[13100]0.999909316587217
[13200]0.9999101573644181
[13300]0.9999108046986622
[13400]0.9999112698907634
[13500]0.9999557840635649
[13600]0.9999558590531338
[13700]0.9999558707964997
[13800]0.9999558314553704
[13900]0.9999557541916991
[14000]0.999977826434857
[14100]0.9999777708728191
[14200]0.9999777175759588
[14300]0.9999776735914115
[14400]0.9999776456941032
[14500]0.9999888201204873
[14600]0.9999888315178179
[14700]0.9999888596031423
[14800]0.9999889065497054
[14900]0.9999889740957244
[15000]0.9999945317550348
[15100]0.9999945877842293
[15200]0.9999946552702961
[15300]0.9999947340942116
[15400]0.9999948238877524
[15500]0.9999974620217825
[15600]0.999997516865185
[15700]0.9999975759564665
[15800]0.9999976386881666
[15900]0.9999977043769855
[16000]0.9999988861396701
[16100]0.9999989208040626
[16200]0.9999989557751511
[16300]0.9999989906424686
[16400]0.999999025000642
[16500]0.9999995292291312
[16600]0.999999545323196
[16700]0.9999995606132625
[16800]0.9999995749489159
[16900]0.9999995882017686
[17000]0.9999998001340733
[17100]0.9999998055356103
[17200]0.9999998102812685
[17300]0.9999998143614601
[17400]0.999999817781364
[17500]0.9999999102803653
[17600]0.9999999113666839
[17700]0.9999999121731615
[17800]0.9999999127293898
[17900]0.9999999130703463
[18000]0.9999999566177987
[18100]0.9999999566342034
[18200]0.9999999566073817
[18300]0.9999999565611792
[18400]0.9999999565197634
[18500]0.9999999782535449
[18600]0.999999978273188
[18700]0.9999999783297965
[18800]0.9999999784334933
[18900]0.999999978593319
[19000]0.9999999894085186
[19100]0.9999999895554841
[19200]0.9999999897399271
[19300]0.9999999899633811
[19400]0.9999999902265101
[19500]0.9999999952645487
[19600]0.9999999954350266
[19700]0.9999999956237207
[19800]0.9999999958292619
[19900]0.9999999960499125
[20000]0.9999999981418022
[20100]0.9999999982639931
[20200]0.9999999983902379
[20300]0.9999999985191588
[20400]0.9999999986493218
[20500]0.9999999993896345
[20600]0.9999999994537749
[20700]0.999999999516377
[20800]0.9999999995767711
[20900]0.9999999996343375
[21000]0.9999999998442602
[21100]0.99999999986942
[21200]0.9999999998924514
[21300]0.9999999999132049
[21400]0.9999999999315821
[21500]0.9999999999737685
[21600]0.9999999999805389
[21700]0.999999999986133
[21800]0.9999999999906074
[21900]0.999999999994044
[22000]0.9999999999982735
[22100]0.999999999999121
[22200]0.9999999999996358
[22300]0.9999999999998971
[22400]0.999999999999989
[22500]1.0
[22600]1.00000000000001
[22700]1.0000000000000695
[22800]1.000000000000222
[22900]1.0000000000005098
[23000]1.0000000000004856
[23100]1.0000000000008207
[23200]1.0000000000012752
[23300]1.0000000000018618
[23400]1.00000000000259
[23500]1.000000000001733
[23600]1.0000000000022469
[23700]1.0000000000028362
[23800]1.0000000000034992
[23900]1.0000000000042328
[24000]1.0000000000025158
[24100]1.0000000000029448
[24200]1.0000000000033993
[24300]1.000000000003875
[24400]1.0000000000043667
[24500]1.000000000002435
[24600]1.000000000002689
[24700]1.000000000002943
[24800]1.000000000003194
[24900]1.000000000003439
[25000]1.0000000000018379
[25100]1.0000000000019509
[25200]1.0000000000020572
[25300]1.000000000002156
[25400]1.0000000000022464
[25500]1.000000000001164
[25600]1.0000000000012
[25700]1.000000000001231
[25800]1.0000000000012574
[25900]1.000000000001279
[26000]1.000000000000648
[26100]1.0000000000006544
[26200]1.000000000000659
[26300]1.0000000000006617
[26400]1.0000000000006632
[26500]1.0000000000003317
[26600]1.0000000000003317
[26700]1.0000000000003313
[26800]1.000000000000331
[26900]1.0000000000003308
[27000]1.0000000000001654
[27100]1.0000000000001659
[27200]1.0000000000001665
[27300]1.0000000000001679
[27400]1.0000000000001694
[27500]1.0000000000000857
[27600]1.0000000000000873
[27700]1.0000000000000888
[27800]1.0000000000000908
[27900]1.0000000000000933
[28000]1.000000000000048
[28100]1.0000000000000493
[28200]1.000000000000051
[28300]1.0000000000000526
[28400]1.0000000000000546
[28500]1.0000000000000282
[28600]1.0000000000000293
[28700]1.0000000000000302
[28800]1.0000000000000313
[28900]1.0000000000000324
[29000]1.0000000000000167
[29100]1.000000000000017
[29200]1.0000000000000178
[29300]1.0000000000000182
[29400]1.0000000000000187
[29500]1.0000000000000095
[29600]1.0000000000000098
[29700]1.0000000000000098
[29800]1.00000000000001
[29900]1.0000000000000102
[30000]1.000000000000005
[30100]1.000000000000005
[30200]1.000000000000005
[30300]1.000000000000005
[30400]1.000000000000005
[30500]1.0000000000000027
[30600]1.0000000000000027
[30700]1.0000000000000027
[30800]1.0000000000000027
[30900]1.0000000000000027
[31000]1.0000000000000013
[31100]1.0000000000000013
[31200]1.0000000000000013
[31300]1.0000000000000013
[31400]1.0000000000000013
[31500]1.0000000000000007
[31600]1.0000000000000007
[31700]1.0000000000000007
[31800]1.0000000000000007
[31900]1.0000000000000007
[32000]1.0000000000000004
[32100]1.0000000000000004
[32200]1.0000000000000004
[32300]1.0000000000000004
[32400]1.0000000000000004
[32500]1.0000000000000002
[32600]1.0000000000000002
[32700]1.0000000000000002
[32800]1.0000000000000002
[32900]1.0000000000000002
[33000]1.0
[33100]1.0
[33200]1.0
[33300]1.0
[33400]1.0
[33500]1.0
[33600]1.0
[33700]1.0
[33800]1.0
[33900]1.0
[34000]1.0
[34100]1.0
[34200]1.0
[34300]1.0
[34400]1.0
[34500]1.0
[34600]1.0
[34700]1.0
[34800]1.0
[34900]1.0
[35000]1.0
[35100]1.0
[35200]1.0
[35300]1.0
[35400]1.0
[35500]1.0
[35600]1.0
[35700]1.0
[35800]1.0
[35900]1.0
[36000]1.0
[36100]1.0
[36200]1.0
[36300]1.0
[36400]1.0
[36500]1.0
[36600]1.0
[36700]1.0
[36800]1.0
[36900]1.0
[37000]1.0
[37100]1.0
[37200]1.0
[37300]1.0
[37400]1.0
[37500]1.0
[37600]1.0
[37700]1.0
[37800]1.0
[37900]1.0
[38000]1.0
[38100]1.0
[38200]1.0
[38300]1.0
[38400]1.0
[38500]1.0
[38600]1.0
[38700]1.0
[38800]1.0
[38900]1.0
[39000]1.0
[39100]1.0
[39200]1.0
[39300]1.0
[39400]1.0
[39500]1.0
[39600]1.0
[39700]1.0
[39800]1.0
[39900]1.0
[40000]1.0
[40100]1.0
[40200]1.0
[40300]1.0
[40400]1.0
[40500]1.0
[40600]1.0
[40700]1.0
[40800]1.0
[40900]1.0
[41000]1.0
[41100]1.0
[41200]1.0
[41300]1.0
[41400]1.0
[41500]1.0
[41600]1.0
[41700]1.0
[41800]1.0
[41900]1.0
[42000]1.0
[42100]1.0
[42200]1.0
[42300]1.0
[42400]1.0
[42500]1.0
[42600]1.0
[42700]1.0
[42800]1.0
[42900]1.0
[43000]1.0
[43100]1.0
[43200]1.0
[43300]1.0
[43400]1.0
[43500]1.0
[43600]1.0
[43700]1.0
[43800]1.0
[43900]1.0
[44000]1.0
[44100]1
[44200]1
[44300]1
[44400]1
[44500]1
[44600]1
[44700]1
[44800]1
[44900]1
[45000]1
[45100]1
[45200]1
[45300]1
[45400]1
[45500]1
[45600]1
[45700]1
[45800]1
[45900]1
[46000]1
[46100]1
[46200]1
[46300]1
[46400]1
[46500]1
[46600]1
[46700]1
[46800]1
[46900]1
[47000]1
[47100]1
[47200]1
[47300]1
[47400]1
[47500]1
[47600]1
[47700]1
[47800]1
[47900]1
[48000]1
[48100]1
[48200]1
[48300]1
[48400]1
[48500]1
[48600]1
[48700]1
[48800]1
[48900]1
[49000]1
[49100]1
[49200]1
[49300]1
[49400]1
[49500]1
[49600]1
[49700]1
[49800]1
[49900]1
[50000]1
[50100]1
[50200]1
[50300]1
[50400]1
[50500]1
[50600]1
[50700]1
[50800]1
[50900]1
[51000]1
[51100]1
[51200]1
[51300]1
[51400]1
[51500]1
[51600]1
[51700]1
[51800]1
[51900]1
[52000]1
[52100]1
[52200]1
[52300]1
[52400]1
[52500]1
[52600]1
[52700]1
[52800]1
[52900]1
[53000]1
[53100]1
[53200]1
[53300]1
[53400]1
[53500]1
[53600]1
[53700]1
[53800]1
[53900]1
[54000]1
[54100]1
[54200]1
[54300]1
[54400]1
[54500]1
[54600]1
[54700]1
[54800]1
[54900]1
[55000]1
[55100]1
[55200]1
[55300]1
[55400]1
[55500]1
[55600]1
[55700]1
[55800]1
[55900]1
[56000]1
[56100]1
[56200]1
[56300]1
[56400]1
[56500]1
[56600]1
[56700]1
[56800]1
[56900]1
[57000]1
[57100]1
[57200]1
[57300]1
[57400]1
[57500]1
[57600]1
[57700]1
[57800]1
[57900]1
[58000]1
[58100]1
[58200]1
[58300]1
[58400]1
[58500]1
[58600]1
[58700]1
[58800]1
[58900]1
[59000]1
[59100]1
[59200]1
[59300]1
[59400]1
[59500]1
[59600]1
[59700]1
[59800]1
[59900]1
[60000]1
[60100]1
[60200]1
[60300]1
[60400]1
[60500]1
[60600]1
[60700]1
[60800]1
[60900]1
[61000]1
[61100]1
[61200]1
[61300]1
[61400]1
[61500]1
[61600]1
[61700]1
[61800]1
[61900]1
[62000]1
[62100]1
[62200]1
[62300]1
[62400]1
[62500]1
[62600]1
[62700]1
[62800]1
[62900]1
[63000]1
[63100]1
[63200]1
[63300]1
[63400]1
[63500]1
[63600]1
[63700]1
[63800]1
[63900]1
[64000]1
[64100]1
[64200]1
[64300]1
[64400]1
[64500]1
[64600]1
[64700]1
[64800]1
[64900]1
[65000]1
[65100]1
[65200]1
[65300]1
[65400]1
[65500]1
[65600]1
[65700]1
[65800]1
[65900]1
[66000]1
[66100]1
[66200]1
[66300]1
[66400]1
[66500]1
[66600]1
[66700]1
[66800]1
[66900]1
[67000]1
[67100]1
[67200]1
[67300]1
[67400]1
[67500]1
[67600]1
[67700]1
[67800]1
[67900]1
[68000]1
[68100]1
[68200]1
[68300]1
[68400]1
[68500]1
[68600]1
[68700]1
[68800]1
[68900]1
[69000]1
[69100]1
[69200]1
[69300]1
[69400]1
[69500]1
[69600]1
[69700]1
[69800]1
[69900]1
[70000]1
[70100]1
[70200]1
[70300]1
[70400]1
[70500]1
[70600]1
[70700]1
[70800]1
[70900]1
[71000]1
[71100]1
[71200]1
[71300]1
[71400]1
[71500]1
[71600]1
[71700]1
[71800]1
[71900]1
[72000]1
[72100]1
[72200]1
[72300]1
[72400]1
[72500]1
[72600]1
[72700]1
[72800]1
[72900]1
[73000]1
[73100]1
[73200]1
[73300]1
[73400]1
[73500]1
[73600]1
[73700]1
[73800]1
[73900]1
[74000]1
[74100]1
[74200]1
[74300]1
[74400]1
[74500]1
[74600]1
[74700]1
[74800]1
[74900]1
[75000]1
[75100]1
[75200]1
[75300]1
[75400]1
[75500]1
[75600]1
[75700]1
[75800]1
[75900]1
[76000]1
[76100]1
[76200]1
[76300]1
[76400]1
[76500]1
[76600]1
[76700]1
[76800]1
[76900]1
[77000]1
[77100]1
[77200]1
[77300]1
[77400]1
[77500]1
[77600]1
[77700]1
[77800]1
[77900]1
[78000]1
[78100]1
[78200]1
[78300]1
[78400]1
[78500]1
[78600]1
[78700]1
[78800]1
[78900]1
[79000]1
[79100]1
[79200]1
[79300]1
[79400]1
[79500]1
[79600]1
[79700]1
[79800]1
[79900]1
[80000]1
[80100]1
[80200]1
[80300]1
[80400]1
[80500]1
[80600]1
[80700]1
[80800]1
[80900]1
[81000]1
[81100]1
[81200]1
[81300]1
[81400]1
[81500]1
[81600]1
[81700]1
[81800]1
[81900]1
[82000]1
[82100]1
[82200]1
[82300]1
[82400]1
[82500]1
[82600]1
[82700]1
[82800]1
[82900]1
[83000]1
[83100]1
[83200]1
[83300]1
[83400]1
[83500]1
[83600]1
[83700]1
[83800]1
[83900]1
[84000]1
[84100]1
[84200]1
[84300]1
[84400]1
[84500]1
[84600]1
[84700]1
[84800]1
[84900]1
[85000]1
[85100]1
[85200]1
[85300]1
[85400]1
[85500]1
[85600]1
[85700]1
[85800]1
[85900]1
[86000]1
[86100]1
[86200]1
[86300]1
[86400]1
[86500]1
[86600]1
[86700]1
[86800]1
[86900]1
[87000]1
[87100]1
[87200]1
[87300]1
[87400]1
[87500]1
[87600]1
[87700]1
[87800]1
[87900]1
[88000]1
[88100]1
