[0]6112.88157893173
[100]4771.799101533361
[200]3393.8643439610196
[300]1989.5763227890975
[400]569.7846701269768
[500]-427.22719270823126
[600]-1136.012653024506
[700]-1835.9507353757726
[800]-2521.6459970447627
[900]-3187.892408135215
[1000]-1914.8709517263367
[1100]-2221.2844319079777
[1200]-2511.064759605233
[1300]-2782.30767657677
[1400]-3033.3498451179807
[1500]-1631.3941912944997
[1600]-1734.7481749367325
[1700]-1826.3169878305155
[1800]-1905.827735313882
[1900]-1973.155679964918
[2000]-1014.1615844109413
[2100]-1035.748180378116
[2200]-1051.489914821101
[2300]-1061.604576944579
[2400]-1066.3708178385762
[2500]-533.0613308210468
[2600]-530.6216341771337
[2700]-526.0790299768993
[2800]-519.663665504112
[2900]-511.619236139019
[3000]-251.09948520937226
[3100]-245.83077821678694
[3200]-240.13353887498673
[3300]-234.13651298351243
[3400]-227.96522738152774
[3500]-110.87008423085192
[3600]-107.78754535722386
[3700]-104.78774057974256
[3800]-101.91860120691157
[3900]-99.22266683649748
[4000]-48.36830627826699
[4100]-47.245444306263714
[4200]-46.254738111571086
[4300]-45.40488055813854
[4400]-44.701262124345625
[4500]-22.07301177601977
[4600]-21.869081743407854
[4700]-21.73684893643839
[4800]-21.6729335000394
[4900]-21.672692661602056
[5000]-10.865182124312103
[5100]-10.919612877190426
[5200]-10.99588283520402
[5300]-11.089931823727007
[5400]-11.197487977670862
[5500]-5.657080671979263
[5600]-5.7177683003172675
[5700]-5.778631595017884
[5800]-5.837570623818654
[5900]-5.892600910595272
[6000]-2.9709450035173828
[6100]-2.9918949623201834
[6200]-3.008432458249243
[6300]-3.0199570987350155
[6400]-3.0259946483787745
[6500]-1.5131014614984204
[6600]-1.5101874292577833
[6700]-1.5042193835585131
[6800]-1.4952279235658068
[6900]-1.4833075324957259
[7000]-0.7343063940412725
[7100]-0.7256767241173431
[7200]-0.715894268687301
[7300]-0.7051097879656923
[7400]-0.693491554680261
[7500]-0.3406106759117615
[7600]-0.3342451453406933
[7700]-0.327747268979459
[7800]-0.321215520408526
[7900]-0.31474666844100224
[8000]-0.1542168832068404
[8100]-0.151182132521046
[8200]-0.14830914242438814
[8300]-0.14563354012460822
[8400]-0.1431858614397767
[8500]-0.07049550669289195
[8600]-0.0695339331597885
[8700]-0.06871449073351939
[8800]-0.0680402383972712
[8900]-0.06751101564944617
[9000]-0.03356175623850651
[9100]-0.03343570220434416
[9200]-0.03337277430555406
[9300]-0.03336711790205481
[9400]-0.03341174585578588
[9500]-0.016749355211999273
[9600]-0.016809646171956103
[9700]-0.01688210142126412
[9800]-0.01696189705391119
[9900]-0.017044136827393586
[10000]-0.008561979503069823
[10100]-0.008598320310983362
[10200]-0.008628848498611268
[10300]-0.008651487254378061
[10400]-0.00866436737147655
[10500]-0.004332932100083448
[10600]-0.004327314386831247
[10700]-0.004314806269433854
[10800]-0.004295042632856445
[10900]-0.0042678229290878415
[11000]-0.0021165564858004796
[11100]-0.002095521566845615
[11200]-0.0020709515205482314
[11300]-0.0020430664609662544
[11400]-0.002012155922612476
[11500]-0.000989285785470859
[11600]-0.0009713593393902607
[11700]-0.0009525232836059911
[11800]-0.0009330191143837632
[11900]-0.000913099682645414
[12000]-0.0004465117705815298
[12100]-0.0004365246215299051
[12200]-0.00042671485709619547
[12300]-0.00041720340946717175
[12400]-0.00040810311666329566
[12500]-0.00019975818292329472
[12600]-0.00019576649569562257
[12700]-0.0001921142348863443
[12800]-0.00018883122326665065
[12900]-0.0001859388115553145
[13000]-9.172475583528331e-05
[13100]-9.068341278296047e-05
[13200]-8.984263558191793e-05
[13300]-8.919530133782752e-05
[13400]-8.873010923654922e-05
[13500]-4.421593643506965e-05
[13600]-4.414094686623781e-05
[13700]-4.412920350030303e-05
[13800]-4.416854462964088e-05
[13900]-4.42458083008737e-05
[14000]-2.2173565143008298e-05
[14100]-2.2229127180895786e-05
[14200]-2.228242404123643e-05
[14300]-2.2326408588483013e-05
[14400]-2.2354305896756503e-05
[14500]-1.1179879512698144e-05
[14600]-1.1168482182074305e-05
[14700]-1.114039685763192e-05
[14800]-1.1093450294577904e-05
[14900]-1.1025904275557946e-05
[15000]-5.468244965144292e-06
[15100]-5.412215770694272e-06
[15200]-5.34472970394859e-06
[15300]-5.265905788459781e-06
[15400]-5.176112247559337e-06
[15500]-2.5379782174536223e-06
[15600]-2.4831348149633245e-06
[15700]-2.4240435334737843e-06
[15800]-2.361311833397031e-06
[15900]-2.2956230144903105e-06
[16000]-1.1138603298079617e-06
[16100]-1.0791959373948355e-06
[16200]-1.044224848886271e-06
[16300]-1.0093575313999893e-06
[16400]-9.74999358052845e-07
[16500]-4.7077086883890344e-07
[16600]-4.546768040291772e-07
[16700]-4.393867375985361e-07
[16800]-4.2505108409326936e-07
[16900]-4.117982313716436e-07
[17000]-1.9986592669290656e-07
[17100]-1.944643897149056e-07
[17200]-1.8971873147475038e-07
[17300]-1.8563853989507492e-07
[17400]-1.8221863598317295e-07
[17500]-8.971963474595204e-08
[17600]-8.863331617564534e-08
[17700]-8.782683850845223e-08
[17800]-8.727061017056016e-08
[17900]-8.692965374284936e-08
[18000]-4.338220122039316e-08
[18100]-4.3365796606835586e-08
[18200]-4.3392618273914455e-08
[18300]-4.343882074339947e-08
[18400]-4.348023664007584e-08
[18500]-2.1746455115846073e-08
[18600]-2.1726812016325173e-08
[18700]-2.1670203509246955e-08
[18800]-2.1566506722303003e-08
[18900]-2.1406680971041094e-08
[19000]-1.0591481367056725e-08
[19100]-1.0444515947116219e-08
[19200]-1.0260072861774606e-08
[19300]-1.0036618902138811e-08
[19400]-9.77348992350518e-09
[19500]-4.735451295365665e-09
[19600]-4.564973382927357e-09
[19700]-4.376279382406116e-09
[19800]-4.170738062702345e-09
[19900]-3.950087464266339e-09
[20000]-1.8581977727219605e-09
[20100]-1.7360068480005065e-09
[20200]-1.6097620760072015e-09
[20300]-1.4808412381266964e-09
[20400]-1.3506781863651084e-09
[20500]-6.103655451986107e-10
[20600]-5.46225110415517e-10
[20700]-4.836229868678827e-10
[20800]-4.2322891738635126e-10
[20900]-3.6566247974608987e-10
[21000]-1.557397524929946e-10
[21100]-1.3057995942654234e-10
[21200]-1.0754863493729723e-10
[21300]-8.679508524447398e-11
[21400]-6.841791780978047e-11
[21500]-2.623146431041603e-11
[21600]-1.9461076148139495e-11
[21700]-1.3867047240829908e-11
[21800]-9.392570118139941e-12
[21900]-5.956053255527789e-12
[22000]-1.7264704825846734e-12
[22100]-4384.224671098916
[22200]-11102.3427066649
[22300]11576.559395403276
[22400]2984.769175684416
[22500]-5860.923152961348
[22600]-6740.194001576428
[22700]4596.98284382171
[22800]1103.2416437522782
[22900]-2963.037317704959
[23000]-8534.651832950092
[23100]2221.397606275399
[23200]138.35015928851783
[23300]-1667.7105249966196
[23400]-2471.9387601843277
[23500]2212.967699152577
[23600]0.06026923447780576
[23700]-1074.9458541435586
[23800]864.9694992309758
[23900]879.0895702515218
[24000]-41.08460245870985
[24100]-561.7934769185254
[24200]1050.1555556240273
[24300]370.68361295168864
[24400]-117.91455339629054
[24500]-558.4398461126367
[24600]451.21561843084334
[24700]186.34664298059445
[24800]-92.1880842012042
[24900]-346.77680332709616
[25000]348.02074629688366
[25100]74.22112491559669
[25200]-47.48588038759226
[25300]-193.1767244672798
[25400]189.12078611897752
[25500]50.132585328383065
[25600]-33.03436809150488
[25700]-87.05258038373941
[25800]91.87159734155068
[25900]23.34860225239094
[26000]-45.27314805978167
[26100]-51.13949470480423
[26200]36.480717841143466
[26300]9.106619519420402
[26400]-23.18645359176731
[26500]-66.54639155808354
[26600]17.270029846999908
[26700]1.3045615274058298
[26800]-12.760079659619455
[26900]-21.555017530836356
[27000]17.447154850388287
[27100]0.0030163365094110603
[27200]-8.267869051696385
[27300]5.409811527475079
[27400]7.03289985710401
[27500]-0.24536804927860414
[27600]-4.40773952904839
[27700]8.069233682804125
[27800]2.9049231302829943
[27900]-0.8497037043402321
[28000]-4.325466914261087
[28100]3.6268942198733383
[28200]1.461551515178968
[28300]-0.7130229230625577
[28400]-2.6552605119575947
[28500]2.737808308144507
[28600]0.5986396611307683
[28700]-0.3676928304170419
[28800]-1.5127887255422208
[28900]1.463485797668882
[29000]0.4011092510032782
[29100]-0.2487994086123887
[29200]-0.684238654701521
[29300]0.7277803436436237
[29400]0.18238615446898604
[29500]-0.34884333844550935
[29600]-0.38838932792338754
[29700]0.2900048818044789
[29800]0.07466361842280105
[29900]-0.1815626759029691
[30000]-0.5164677265329856
[30100]0.13433510514997815
[30200]0.012084819411981513
[30300]-0.09778403520783947
[30400]-0.18457203276080247
[30500]0.13727939709240083
[30600]7.320619063495138e-05
[30700]-0.06347902443424067
[30800]0.031376357744513354
[30900]0.05627141714881938
[31000]-0.001415867963085679
[31100]-0.03455311899854476
[31200]0.06159025749483043
[31300]0.022810731435005484
[31400]-0.006068698717316333
[31500]-0.03357946867968176
[31600]0.029112163981238223
[31700]0.011442446069953049
[31800]-0.005494427911691247
[31900]-0.020316205578449254
[32000]0.021614464381547596
[32100]0.004818961046581823
[32200]-0.0028556311208955366
[32300]-0.011821797287699326
[32400]0.011314359030828615
[32500]0.0032194710295820267
[32600]-0.0018739137156985664
[32700]-0.005388856384593061
[32800]0.005753967522339417
[32900]0.0014235416064701414
[33000]-0.002681070924881475
[33100]-0.0029542463082014494
[33200]0.002308761536988477
[33300]0.0006082790250383676
[33400]-0.0014221692229214279
[33500]-0.003991289661739331
[33600]0.0010458334742257096
[33700]0.00011019358271154963
[33800]-0.0007507255877091643
[33900]-0.0015569939674064644
[34000]0.001078040320061108
[34100]1.2922927625796855e-06
[34200]-0.00048658647285793017
[34300]0.00015797402442030062
[34400]0.00045013938640436
[34500]-7.832762070861326e-06
[34600]-0.0002705688447843409
[34700]0.00046667659970134085
[34800]0.00017951172402315703
[34900]-4.2930474244434505e-05
[35000]-0.0002612602083492112
[35100]0.00023323147767190808
[35200]8.944260925817195e-05
[35300]-4.216378460782341e-05
[35400]-0.00015537982585851678
[35500]0.00017124536291958955
[35600]3.870768086992228e-05
[35700]-2.223455539035373e-05
[35800]-9.217956144785887e-05
[35900]8.742225240493939e-05
[36000]2.591391482808445e-05
[36100]-1.4121728799915097e-05
[36200]-4.250501356286619e-05
[36300]4.53971208227058e-05
[36400]1.1108915486984414e-05
[36500]-2.0552456855319697e-05
[36600]-2.2517646849701672e-05
[36700]1.8401338353880374e-05
[36800]4.926164280682084e-06
[36900]-1.113898554249059e-05
[37000]-3.0725925074033504e-05
[37100]8.151804502453573e-06
[37200]9.906239007867921e-07
[37300]-5.775478953537011e-06
[37400]-1.2969254877276113e-05
[37500]8.449797753429473e-06
[37600]1.9040651531921182e-08
[37700]-3.7244456453290924e-06
[37800]5.426965302818168e-07
[37900]3.5989308781321765e-06
[38000]-4.1086941032377325e-08
[38100]-2.115864313954564e-06
[38200]3.507641467868919e-06
[38300]1.4159264481381922e-06
[38400]-3.005736813866304e-07
[38500]-2.036930264994965e-06
[38600]1.8640995429265267e-06
[38700]6.982539167779627e-07
[38800]-3.220868227803462e-07
[38900]-1.1882543235514753e-06
[39000]1.3613313747996354e-06
[39100]3.101869248186186e-07
[39200]-1.7347571241885824e-07
[39300]-7.171551963864338e-07
[39400]6.753692007026759e-07
[39500]2.0908346332155653e-07
[39600]-1.0653539256184198e-07
[39700]-3.3560291633354967e-07
[39800]3.5739144016073057e-07
[39900]8.673139243106881e-08
[40000]-1.571459294145956e-07
[40100]-1.72068914515501e-07
[40200]1.4678121240555678e-07
[40300]3.967295058399208e-08
[40400]-8.720688723809806e-08
[40500]-2.3571717253568818e-07
[40600]6.363476506395704e-08
[40700]8.791743574248329e-09
[40800]-4.4530392698366464e-08
[40900]-1.068556708287257e-07
[41000]6.611303804510471e-08
[41100]2.495303572088965e-10
[41200]-2.8472699982978886e-08
[41300]-1.1988002156102615e-09
[41400]2.875010637781041e-08
[41500]-2.010345873424198e-10
[41600]-1.6520823350118643e-08
[41700]2.612813748849433e-08
[41800]1.1194265013988456e-08
[41900]-2.0810060331708847e-09
[42000]-1.5911110486991585e-08
[42100]1.4856881704181857e-08
[42200]5.445789638708867e-09
[42300]-2.448209118918819e-09
[42400]-9.08945994471579e-09
[42500]1.0855969511700779e-08
[42600]2.479586142674123e-09
[42700]-1.3554363658917283e-09
[42800]-5.566948923007983e-09
[42900]5.218914371460017e-09
[43000]1.6901726170756544e-09
[43100]-8.050048535243678e-10
[43200]-2.651210293336819e-09
[43300]2.8073182043788746e-09
[43400]6.77892703154551e-10
[43500]-1.1985343299517126e-09
[43600]-1.3187430268727204e-09
[43700]1.1713612246248529e-09
[43800]3.1785369804239445e-10
[43900]-6.822053341443323e-10
[44000]-1.8028128992878233e-09
[44100]8876.182857369915
[44200]-21.261268313905553
[44300]2964.3537900407136
[44400]0.0010357731932705166
[44500]-3404.3103149558424
[44600]13.074782096186082
[44700]-4624.5114189761325
[44800]92.75612123956928
[44900]-6863.030256457255
[45000]274.4224213322437
[45100]-4085.7290114155107
[45200]274.6349284009313
[45300]-4266.171405483124
[45400]433.94720069584275
[45500]-4070.8564667806013
[45600]290.35250876589214
[45700]-1833.2881403436652
[45800]342.7885774518242
[45900]-1617.109426830998
[46000]368.5710195469562
[46100]-728.9157254928134
[46200]186.77459554079232
[46300]-694.7236140114572
[46400]186.38548425904062
[46500]-702.7001653817538
[46600]96.02379422325849
[46700]-367.1401191036893
[46800]105.11572924353732
[46900]-382.4876083069991
[47000]121.03460936690968
[47100]-193.60380586261988
[47200]70.68149925904132
[47300]-188.37095149249564
[47400]80.8373451247948
[47500]-176.58346496921826
[47600]44.35284075801483
[47700]-80.89154802671881
[47800]46.468772484873206
[47900]-74.16593455787603
[48000]46.8692958490572
[48100]-34.897259752513875
[48200]23.209552020358714
[48300]-34.16600640686112
[48400]23.19808967687791
[48500]-34.54450191877589
[48600]11.987004519574784
[48700]-17.630057742629162
[48800]12.895078728764673
[48900]-17.731245308750673
[49000]14.225399772246965
[49100]-8.644505064689081
[49200]7.843408746564809
[49300]-8.131485985279724
[49400]8.456126314790815
[49500]-7.429577972953877
[49600]4.404059558633044
[49700]-3.357229134661945
[49800]4.431653440849853
[49900]-3.0785447896308322
[50000]4.357887487910434
[50100]-1.463178876379255
[50200]2.1394730585340738
[50300]-1.446263377061743
[50400]2.150721498036964
[50500]-1.4596619192488
[50600]1.123992884590529
[50700]-0.7314952491481709
[50800]1.215597204538198
[50900]-0.7109202711624737
[51000]1.3307112421877954
[51100]-0.33051104294708694
[51200]0.7185154188057044
[51300]-0.2937228514341178
[51400]0.7511570474776866
[51500]-0.25286347853165636
[51600]0.377187164777962
[51700]-0.10859578131491554
[51800]0.3657091862188463
[51900]-0.09674018056739565
[52000]0.3490232379385738
[52100]-0.04580169636083383
[52200]0.16938749895603383
[52300]-0.045514366127326775
[52400]0.17294849583245966
[52500]-0.045475611854191175
[52600]0.09391496991220429
[52700]-0.021793347682517884
[52800]0.10603068797512818
[52900]-0.01929061843487923
[53000]0.119376769133024
[53100]-0.007638394877721329
[53200]0.06438443243827473
[53300]-0.005224680272066225
[53400]0.06435851613712627
[53500]-0.00292441226365834
[53600]0.02878594881182952
[53700]-0.0006020330573597664
[53800]0.02170637990746041
[53900]-0.00013807225326952651
[54000]0.011514561039793812
[54100]-2.305301459925681e-06
[54200]-0.00021399710154896683
[54300]3.505491642510111e-06
[54400]-0.006152163755019563
[54500]7.903871226725991e-05
[54600]-0.005578711394881992
[54700]0.00016241026186992625
[54800]-0.007286184969364307
[54900]0.0003838650986351591
[55000]-0.008070422524471607
[55100]0.00033726438396668797
[55200]-0.00401121994055691
[55300]0.00048735074622466106
[55400]-0.0037032947964242093
[55500]0.0006099878435498246
[55600]-0.0016420338958777233
[55700]0.0003422865071366209
[55800]-0.0014565016221444581
[55900]0.0003556016820036552
[56000]-0.0013463929038308542
[56100]0.0001777349215827224
[56200]-0.0006621738141894583
[56300]0.00017924849495929327
[56400]-0.0006838373949793981
[56500]0.0001901226682254731
[56600]-0.00035820638431345554
[56700]0.00010710571056622431
[56800]-0.0003687081091684224
[56900]0.00012483253374945673
[57000]-0.00036610716774119605
[57100]7.239710767290948e-05
[57200]-0.00017463373518684672
[57300]8.122790797197156e-05
[57400]-0.00016144169026108157
[57500]8.707327793678546e-05
[57600]-7.373642097573593e-05
[57700]4.467450719547432e-05
[57800]-6.830292631100149e-05
[57900]4.451220344048604e-05
[58000]-6.553263883392046e-05
[58100]2.2064542774464423e-05
[58200]-3.267143495281611e-05
[58300]2.2375064063058947e-05
[58400]-3.329851184179496e-05
[58500]2.360680166763299e-05
[58600]-1.6914026759390877e-05
[58700]1.2895734247414382e-05
[58800]-1.67721899770463e-05
[58900]1.426953103489639e-05
[59000]-1.606091780236327e-05
[59100]7.796584893121413e-06
[59200]-7.432949410222731e-06
[59300]8.268361235747135e-06
[59400]-6.734779608385079e-06
[59500]8.458978907377216e-06
[59600]-3.0554214139911358e-06
[59700]4.198274745097051e-06
[59800]-2.8474750764703854e-06
[59900]4.1123308469154155e-06
[60000]-2.7631070732658815e-06
[60100]2.0369277980906717e-06
[60200]-1.384382355991074e-06
[60300]2.086310174949752e-06
[60400]-1.3972053666247784e-06
[60500]2.2224852542150913e-06
[60600]-6.911516684265336e-07
[60700]1.2131342134783085e-06
[60800]-6.576293982580729e-07
[60900]1.3229014436050745e-06
[61000]-5.97369365588979e-07
[61100]7.040048952391357e-07
[61200]-2.6055331336944574e-07
[61300]7.215079434377261e-07
[61400]-2.230216570760879e-07
[61500]7.109098059576931e-07
[61600]-9.708679103523445e-08
[61700]3.407782201075478e-07
[61800]-8.907795245186988e-08
[61900]3.264752901159427e-07
[62000]-8.675935568671308e-08
[62100]1.6195760197322334e-07
[62200]-4.349235740054276e-08
[62300]1.7068598032865233e-07
[62400]-4.2791231618316006e-08
[62500]1.898771612521356e-07
[62600]-1.9789649511095612e-08
[62700]1.0761958675533836e-07
[62800]-1.6633767052009756e-08
[62900]1.1913595045639844e-07
[63000]-1.2305023172131439e-08
[63100]6.209898920388497e-08
[63200]-3.840674549769428e-09
[63300]5.902123955900433e-08
[63400]-1.879468084171758e-09
[63500]4.9003454917263875e-08
[63600]-3.0572747935398893e-10
[63700]1.6145682561469648e-08
[63800]-3.8674021773990995e-11
[63900]5.392128132442267e-09
[64000]1.884062127967822e-15
[64100]-3.0962021946552308e-09
[64200]2.3782890087518302e-11
[64300]-8.411937267690512e-09
[64400]1.6872240164915172e-10
[64500]-1.2483779312714046e-08
[64600]2.4958573824961945e-10
[64700]-7.431897777526109e-09
[64800]4.995580246062586e-10
[64900]-7.760120580283624e-09
[65000]7.893453597641853e-10
[65100]-3.702422388214794e-09
[65200]5.281481367380044e-10
[65300]-3.3347317009312774e-09
[65400]6.235287900412121e-10
[65500]-2.9415049117795033e-09
[65600]3.3521338950471985e-10
[65700]-1.3258899807491779e-09
[65800]3.397410101403578e-10
[65900]-1.263694892279673e-09
[66000]3.3903322084163036e-10
[66100]-6.391020773497607e-10
[66200]-16778.298586001783
[66300]-11519.384457269096
[66400]-6763.719002184238
[66500]-3046.7559104452703
[66600]3.867822006238359
[66700]1667.7825931910645
[66800]3773.3129929797065
[66900]6111.917883317152
[67000]7267.706271390407
[67100]-5782.923147293428
[67200]-2193.3347226055635
[67300]-1498.7964338532483
[67400]-588.5000008890332
[67500]479.20272218612405
[67600]1473.629352314596
[67700]1112.480732791069
[67800]1392.7004477745254
[67900]-1445.0073882359932
[68000]-1549.6321042685472
[68100]-1014.6837530543261
[68200]-231.29482178581466
[68300]-3.308715759452918
[68400]186.4860288695676
[68500]395.742088140678
[68600]675.8875936750993
[68700]532.6394169013861
[68800]-444.3641740446672
[68900]-283.6765342581966
[69000]-185.18933924813913
[69100]-91.85868645302482
[69200]11.971603207765819
[69300]79.4024753467437
[69400]141.6087565870963
[69500]181.29766163235846
[69600]-14.437795501882924
[69700]-91.91337268213721
[69800]-70.43398815326125
[69900]-38.267515059173526
[70000]-4.81642333003056
[70100]23.18351737597049
[70200]23.136373191499192
[70300]36.08257888022251
[70400]57.56358622043032
[70500]-66.04095050746251
[70600]-41.15821796009903
[70700]-12.127414984630544
[70800]-5.820350530736683
[70900]0.18386551331725506
[71000]7.552026261723063
[71100]16.23655331674027
[71200]12.095012464036024
[71300]9.941149235671654
[71400]-10.835467240287192
[71500]-8.745654750530065
[71600]-5.684766849932831
[71700]-0.8478013327282191
[71800]1.2170720273292712
[71900]2.9308732498798715
[72000]4.272512504277006
[72100]5.781715574602194
[72200]-3.748985583716558
[72300]-2.9502532806284973
[72400]-1.7892687578465678
[72500]-0.7892746750721161
[72600]-9.857750666250643e-05
[72700]0.3781401080841261
[72800]0.84928758458811
[72900]1.4342260229213497
[73000]2.002938070808333
[73100]-1.5228303432715267
[73200]-0.5348420618332572
[73300]-0.3654463494804663
[73400]-0.16458863333787294
[73500]0.08591571643858568
[73600]0.34426252335141994
[73700]0.27591032748322675
[73800]0.34008085270122723
[73900]-0.22677763208121016
[74000]-0.37446700717130416
[74100]-0.26299293005590935
[74200]-0.0639222741464443
[74300]-0.0031574999863897223
[74400]0.04555046234139825
[74500]0.09228459297209837
[74600]0.15344177456879754
[74700]0.1252013457826609
[74800]-0.11913960495614076
[74900]-0.0731819197332103
[75000]-0.04540919684548361
[75100]-0.02279667791653863
[75200]0.001485537236736075
[75300]0.01738317477511421
[75400]0.033824097248446545
[75500]0.04592838729826653
[75600]0.01585840296361533
[75700]-0.02162842612873659
[75800]-0.017331535951584844
[75900]-0.010258705639711051
[76000]-0.0020261624864106693
[76100]0.005439562692989611
[76200]0.0056765870751039746
[76300]0.008461826948379566
[76400]0.012708914995759303
[76500]-0.016194097230544192
[76600]-0.010769920761087045
[76700]-0.003148438063901819
[76800]-0.001437561322475422
[76900]5.905275437882987e-06
[77000]0.001642437540495076
[77100]0.0036922931604470295
[77200]0.002936266671399247
[77300]0.003256020596630611
[77400]-0.002711329611208118
[77500]-0.0021000365699413
[77600]-0.0014247104320697771
[77700]-0.00026420075313273903
[77800]0.00024713102173634785
[77900]0.0007084939091053619
[78000]0.0010550885597101541
[78100]0.0013392144812480974
[78200]-0.0007560634439244855
[78300]-0.0007374416241386269
[78400]-0.00047269636310096964
[78500]-0.00021242288127394995
[78600]-1.6528931768087402e-06
[78700]8.925424734153485e-05
[78800]0.00019256482906081175
[78900]0.0003296591519028377
[79000]0.0005085708488164484
[79100]-0.0004100279097133646
[79200]-0.00013352860151664818
[79300]-8.846978143828364e-05
[79400]-4.323543630941862e-05
[79500]1.3596144387864424e-05
[79600]7.80517338544549e-05
[79700]6.768232287305209e-05
[79800]8.540520013973206e-05
[79900]-1.922510873049511e-05
[80000]-8.872800326597321e-05
[80100]-6.668526554389159e-05
[80200]-1.760707081828757e-05
[80300]-1.8423675146758461e-06
[80400]1.1108378297871777e-05
[80500]2.209573145862918e-05
[80600]3.504268520810285e-05
[80700]2.8300030785668956e-05
[80800]-3.108824693389173e-05
[80900]-1.9164192413633795e-05
[81000]-1.139618486322391e-05
[81100]-5.553743864081341e-06
[81200]1.348237094037159e-07
[81300]3.750276598863002e-06
[81400]7.893540046214698e-06
[81500]1.1493504929423708e-05
[81600]8.220490727156011e-06
[81700]-5.1692588656579455e-06
[81800]-4.1920879254888034e-06
[81900]-2.671672137046058e-06
[82000]-7.309747857830597e-07
[82100]1.212230187521666e-06
[82200]1.3966115502670645e-06
[82300]2.0365491052540917e-06
[82400]2.8268162590953297e-06
[82500]-3.7147638701655767e-06
[82600]-2.7769374630673697e-06
[82700]-8.308070668267806e-07
[82800]-3.674968215250917e-07
[82900]2.0823989858915528e-16
[83000]3.6775481005291814e-07
[83100]8.315190238779413e-07
[83200]6.945556597401593e-07
[83300]9.276858990530858e-07
[83400]-7.060967229047907e-07
[83500]-5.09125949568828e-07
[83600]-3.491680022495491e-07
[83700]-7.566677401006344e-08
[83800]4.5843363707512687e-08
[83900]1.6706597113675257e-07
[84000]2.619640807480632e-07
[84100]3.2305481613719967e-07
[84200]-1.2910289209511142e-07
[84300]-1.7961367858409182e-07
[84400]-1.2326358994702977e-07
[84500]-5.852081691093987e-08
[84600]-2.0797330506169373e-09
[84700]2.16935932613109e-08
[84800]4.4535602554053775e-08
[84900]7.491771363189836e-08
[85000]1.2149820856052734e-07
[85100]-1.1044142712413702e-07
[85200]-3.420012445280421e-08
[85300]-2.1576175739287584e-08
[85400]-1.0846841889739008e-08
[85500]1.812769113190025e-09
[85600]1.7214847444397927e-08
[85700]1.628502692952937e-08
[85800]2.1653837413941286e-08
[85900]4.596902661318887e-09
[86000]-2.0858818138941895e-08
[86100]-1.6523312410106935e-08
[86200]-4.759457994886087e-09
[86300]-8.254112908852643e-10
[86400]2.6401840795333496e-09
[86500]5.399360257157725e-09
[86600]8.152996988580829e-09
[86700]6.2632242316958206e-09
[86800]-7.76062889646726e-09
[86900]-5.026611683561995e-09
[87000]-2.936280187349426e-09
[87100]-1.3616852538984638e-09
[87200]6.454404086049079e-12
[87300]8.112873202918207e-10
[87400]1.80459440872859e-09
[87500]2.813420588979037e-09
[87600]2.8763172756215656e-09
[87700]-1.276745181336602e-09
[87800]-1.0063843731676084e-09
[87900]-6.755216364427365e-10
[88000]-2.3512224973878086e-10
[88100]2.5248693652267497e-10
Total: 88200